0001_0098_0135_0339_0339.jpg 1 98 135 339 339
0002_0133_0317_0138_0138.jpg 1 133 317 138 138
0003_0279_0329_0078_0078.jpg 1 279 329 78 78
0004_0199_0128_0160_0160.jpg 1 199 128 160 160
0005_0229_0119_0055_0055.jpg 1 229 119 55 55
0006_0320_0074_0062_0062.jpg 1 320 74 62 62
0007_0098_0223_0181_0181.jpg 1 98 223 181 181
0008_0294_0360_0055_0055.jpg 1 294 360 55 55
0009_0132_0200_0181_0181.jpg 1 132 200 181 181
0010_0119_0066_0349_0349.jpg 1 119 66 349 349
0011_0215_0126_0060_0060.jpg 1 215 126 60 60
0012_0225_0127_0240_0240.jpg 1 225 127 240 240
0013_0168_0199_0220_0220.jpg 1 168 199 220 220
0014_0174_0165_0222_0222.jpg 1 174 165 222 222
0015_0067_0131_0096_0096.jpg 1 67 131 96 96
0016_0280_0159_0171_0171.jpg 1 280 159 171 171
0017_0256_0121_0108_0108.jpg 1 256 121 108 108
0018_0047_0053_0067_0067.jpg 1 47 53 67 67
0019_0323_0148_0031_0031.jpg 1 323 148 31 31
0020_0285_0187_0105_0105.jpg 1 285 187 105 105
0021_0322_0083_0113_0113.jpg 1 322 83 113 113
0022_0134_0163_0213_0213.jpg 1 134 163 213 213
0023_0160_0284_0058_0058.jpg 1 160 284 58 58
0024_0337_0124_0025_0025.jpg 1 337 124 25 25
0025_0063_0203_0240_0240.jpg 1 63 203 240 240
0026_0286_0086_0148_0148.jpg 1 286 86 148 148
0027_0273_0297_0142_0142.jpg 1 273 297 142 142
0028_0129_0137_0165_0165.jpg 1 129 137 165 165
0029_0246_0185_0193_0193.jpg 1 246 185 193 193
0030_0402_0330_0031_0031.jpg 1 402 330 31 31
0031_0253_0239_0154_0154.jpg 1 253 239 154 154
0032_0237_0086_0042_0042.jpg 1 237 86 42 42
0033_0127_0270_0110_0110.jpg 1 127 270 110 110
0034_0129_0260_0145_0145.jpg 1 129 260 145 145
0035_0173_0039_0254_0254.jpg 1 173 39 254 254
0036_0111_0094_0313_0313.jpg 1 111 94 313 313
0037_0073_0064_0224_0224.jpg 1 73 64 224 224
0038_0087_0140_0332_0332.jpg 1 87 140 332 332
0039_0022_0135_0329_0329.jpg 1 22 135 329 329
0040_0184_0125_0287_0287.jpg 1 184 125 287 287
0041_0079_0099_0207_0207.jpg 1 79 99 207 207
0042_0188_0046_0255_0255.jpg 1 188 46 255 255
0043_0244_0180_0222_0222.jpg 1 244 180 222 222
0044_0182_0273_0186_0186.jpg 1 182 273 186 186
0045_0033_0066_0264_0264.jpg 1 33 66 264 264
0046_0400_0267_0036_0036.jpg 1 400 267 36 36
0047_0150_0085_0258_0258.jpg 1 150 85 258 258
0048_0184_0130_0287_0287.jpg 1 184 130 287 287
0049_0257_0108_0200_0200.jpg 1 257 108 200 200
0050_0165_0039_0267_0267.jpg 1 165 39 267 267
0051_0126_0129_0218_0218.jpg 1 126 129 218 218
0052_0419_0108_0033_0033.jpg 1 419 108 33 33
0053_0132_0206_0265_0265.jpg 1 132 206 265 265
0054_0080_0192_0132_0132.jpg 1 80 192 132 132
0055_0106_0027_0346_0346.jpg 1 106 27 346 346
0056_0107_0198_0118_0118.jpg 1 107 198 118 118
0057_0148_0238_0164_0164.jpg 1 148 238 164 164
0058_0287_0296_0106_0106.jpg 1 287 296 106 106
0059_0022_0071_0294_0294.jpg 1 22 71 294 294
0060_0028_0113_0319_0319.jpg 1 28 113 319 319
0061_0179_0102_0058_0058.jpg 1 179 102 58 58
0062_0106_0043_0310_0310.jpg 1 106 43 310 310
0063_0154_0067_0190_0190.jpg 1 154 67 190 190
0064_0248_0365_0085_0085.jpg 1 248 365 85 85
0065_0095_0109_0100_0100.jpg 1 95 109 100 100
0066_0205_0298_0165_0165.jpg 1 205 298 165 165
0067_0033_0234_0182_0182.jpg 1 33 234 182 182
0068_0073_0307_0151_0151.jpg 1 73 307 151 151
0069_0303_0126_0154_0154.jpg 1 303 126 154 154
0070_0166_0142_0302_0302.jpg 1 166 142 302 302
0071_0018_0080_0340_0340.jpg 1 18 80 340 340
0072_0161_0116_0309_0309.jpg 1 161 116 309 309
0073_0095_0099_0281_0281.jpg 1 95 99 281 281
0074_0196_0249_0030_0030.jpg 1 196 249 30 30
0075_0049_0068_0317_0317.jpg 1 49 68 317 317
0076_0036_0064_0226_0226.jpg 1 36 64 226 226
0077_0131_0095_0244_0244.jpg 1 131 95 244 244
0078_0118_0236_0153_0153.jpg 1 118 236 153 153
0079_0051_0051_0329_0329.jpg 1 51 51 329 329
0080_0225_0138_0061_0061.jpg 1 225 138 61 61
0081_0150_0141_0321_0321.jpg 1 150 141 321 321
0082_0183_0163_0101_0101.jpg 1 183 163 101 101
0083_0243_0172_0105_0105.jpg 1 243 172 105 105
0084_0062_0174_0080_0080.jpg 1 62 174 80 80
0085_0293_0259_0095_0095.jpg 1 293 259 95 95
0086_0192_0352_0106_0106.jpg 1 192 352 106 106
0087_0035_0022_0327_0327.jpg 1 35 22 327 327
0088_0180_0245_0148_0148.jpg 1 180 245 148 148
0089_0192_0085_0140_0140.jpg 1 192 85 140 140
0090_0175_0148_0210_0210.jpg 1 175 148 210 210
0091_0096_0175_0080_0080.jpg 1 96 175 80 80
0092_0203_0044_0219_0219.jpg 1 203 44 219 219
0093_0054_0188_0216_0216.jpg 1 54 188 216 216
0094_0153_0138_0297_0297.jpg 1 153 138 297 297
0095_0115_0090_0321_0321.jpg 1 115 90 321 321
0096_0109_0215_0161_0161.jpg 1 109 215 161 161
0097_0064_0174_0263_0263.jpg 1 64 174 263 263
0098_0150_0169_0141_0141.jpg 1 150 169 141 141
0099_0148_0141_0181_0181.jpg 1 148 141 181 181
0100_0074_0263_0139_0139.jpg 1 74 263 139 139
0101_0176_0171_0156_0156.jpg 1 176 171 156 156
0102_0055_0140_0335_0335.jpg 1 55 140 335 335
0103_0228_0250_0091_0091.jpg 1 228 250 91 91
0104_0196_0235_0059_0059.jpg 1 196 235 59 59
0105_0024_0172_0304_0304.jpg 1 24 172 304 304
0106_0129_0177_0122_0122.jpg 1 129 177 122 122
0107_0040_0022_0304_0304.jpg 1 40 22 304 304
0108_0251_0159_0076_0076.jpg 1 251 159 76 76
0109_0178_0264_0062_0062.jpg 1 178 264 62 62
0110_0248_0138_0221_0221.jpg 1 248 138 221 221
0111_0206_0086_0235_0235.jpg 1 206 86 235 235
0112_0126_0139_0215_0215.jpg 1 126 139 215 215
0113_0069_0284_0164_0164.jpg 1 69 284 164 164
0114_0237_0175_0195_0195.jpg 1 237 175 195 195
0115_0213_0192_0248_0248.jpg 1 213 192 248 248
0116_0198_0178_0110_0110.jpg 1 198 178 110 110
0117_0282_0085_0054_0054.jpg 1 282 85 54 54
0118_0299_0285_0126_0126.jpg 1 299 285 126 126
0119_0140_0115_0335_0335.jpg 1 140 115 335 335
0120_0158_0251_0124_0124.jpg 1 158 251 124 124
0121_0376_0099_0076_0076.jpg 1 376 99 76 76
0122_0338_0198_0036_0036.jpg 1 338 198 36 36
0123_0101_0109_0304_0304.jpg 1 101 109 304 304
0124_0119_0085_0227_0227.jpg 1 119 85 227 227
0125_0151_0123_0329_0329.jpg 1 151 123 329 329
0126_0160_0178_0078_0078.jpg 1 160 178 78 78
0127_0372_0122_0065_0065.jpg 1 372 122 65 65
0128_0043_0177_0246_0246.jpg 1 43 177 246 246
0129_0130_0137_0347_0347.jpg 1 130 137 347 347
0130_0319_0133_0129_0129.jpg 1 319 133 129 129
0131_0173_0226_0172_0172.jpg 1 173 226 172 172
0132_0255_0227_0185_0185.jpg 1 255 227 185 185
0133_0048_0121_0173_0173.jpg 1 48 121 173 173
0134_0162_0118_0318_0318.jpg 1 162 118 318 318
0135_0172_0119_0192_0192.jpg 1 172 119 192 192
0136_0031_0084_0193_0193.jpg 1 31 84 193 193
0137_0050_0171_0079_0079.jpg 1 50 171 79 79
0138_0267_0174_0163_0163.jpg 1 267 174 163 163
0139_0066_0312_0151_0151.jpg 1 66 312 151 151
0140_0051_0293_0069_0069.jpg 1 51 293 69 69
0141_0027_0205_0251_0251.jpg 1 27 205 251 251
0142_0335_0046_0112_0112.jpg 1 335 46 112 112
0143_0193_0104_0235_0235.jpg 1 193 104 235 235
0144_0201_0180_0250_0250.jpg 1 201 180 250 250
0145_0034_0167_0264_0264.jpg 1 34 167 264 264
0146_0075_0260_0035_0035.jpg 1 75 260 35 35
0147_0258_0270_0190_0190.jpg 1 258 270 190 190
0148_0027_0053_0336_0336.jpg 1 27 53 336 336
0149_0221_0146_0047_0047.jpg 1 221 146 47 47
0150_0308_0037_0150_0150.jpg 1 308 37 150 150
0151_0133_0206_0031_0031.jpg 1 133 206 31 31
0152_0202_0122_0222_0222.jpg 1 202 122 222 222
0153_0089_0063_0323_0323.jpg 1 89 63 323 323
0154_0172_0046_0143_0143.jpg 1 172 46 143 143
0155_0136_0110_0286_0286.jpg 1 136 110 286 286
0156_0139_0353_0028_0028.jpg 1 139 353 28 28
0157_0218_0215_0240_0240.jpg 1 218 215 240 240
0158_0094_0217_0196_0196.jpg 1 94 217 196 196
0159_0059_0102_0199_0199.jpg 1 59 102 199 199
0160_0174_0162_0226_0226.jpg 1 174 162 226 226
0161_0038_0315_0140_0140.jpg 1 38 315 140 140
0162_0157_0110_0213_0213.jpg 1 157 110 213 213
0163_0135_0043_0341_0341.jpg 1 135 43 341 341
0164_0124_0263_0099_0099.jpg 1 124 263 99 99
0165_0217_0221_0147_0147.jpg 1 217 221 147 147
0166_0221_0230_0125_0125.jpg 1 221 230 125 125
0167_0044_0095_0277_0277.jpg 1 44 95 277 277
0168_0080_0019_0332_0332.jpg 1 80 19 332 332
0169_0309_0232_0118_0118.jpg 1 309 232 118 118
0170_0038_0115_0307_0307.jpg 1 38 115 307 307
0171_0168_0072_0297_0297.jpg 1 168 72 297 297
0172_0036_0111_0268_0268.jpg 1 36 111 268 268
0173_0177_0114_0242_0242.jpg 1 177 114 242 242
0174_0170_0248_0138_0138.jpg 1 170 248 138 138
0175_0158_0098_0123_0123.jpg 1 158 98 123 123
0176_0328_0161_0043_0043.jpg 1 328 161 43 43
0177_0165_0131_0155_0155.jpg 1 165 131 155 155
0178_0140_0195_0145_0145.jpg 1 140 195 145 145
0179_0320_0297_0031_0031.jpg 1 320 297 31 31
0180_0117_0133_0291_0291.jpg 1 117 133 291 291
0181_0316_0190_0115_0115.jpg 1 316 190 115 115
0182_0205_0222_0201_0201.jpg 1 205 222 201 201
0183_0104_0263_0139_0139.jpg 1 104 263 139 139
0184_0105_0120_0316_0316.jpg 1 105 120 316 316
0185_0099_0084_0314_0314.jpg 1 99 84 314 314
0186_0189_0069_0243_0243.jpg 1 189 69 243 243
0187_0082_0168_0285_0285.jpg 1 82 168 285 285
0188_0132_0200_0053_0053.jpg 1 132 200 53 53
0189_0147_0077_0254_0254.jpg 1 147 77 254 254
0190_0084_0252_0123_0123.jpg 1 84 252 123 123
0191_0305_0219_0149_0149.jpg 1 305 219 149 149
0192_0199_0346_0102_0102.jpg 1 199 346 102 102
0193_0101_0061_0137_0137.jpg 1 101 61 137 137
0194_0144_0138_0226_0226.jpg 1 144 138 226 226
0195_0034_0089_0319_0319.jpg 1 34 89 319 319
0196_0036_0052_0316_0316.jpg 1 36 52 316 316
0197_0114_0040_0207_0207.jpg 1 114 40 207 207
0198_0053_0301_0094_0094.jpg 1 53 301 94 94
0199_0144_0105_0236_0236.jpg 1 144 105 236 236
0200_0038_0042_0175_0175.jpg 1 38 42 175 175
0201_0061_0032_0273_0273.jpg 1 61 32 273 273
0202_0102_0116_0263_0263.jpg 1 102 116 263 263
0203_0133_0018_0340_0340.jpg 1 133 18 340 340
0204_0089_0095_0208_0208.jpg 1 89 95 208 208
0205_0339_0267_0073_0073.jpg 1 339 267 73 73
0206_0197_0040_0178_0178.jpg 1 197 40 178 178
0207_0330_0136_0032_0032.jpg 1 330 136 32 32
0208_0071_0235_0139_0139.jpg 1 71 235 139 139
0209_0113_0084_0132_0132.jpg 1 113 84 132 132
0210_0112_0232_0155_0155.jpg 1 112 232 155 155
0211_0081_0163_0108_0108.jpg 1 81 163 108 108
0212_0042_0139_0079_0079.jpg 1 42 139 79 79
0213_0145_0143_0153_0153.jpg 1 145 143 153 153
0214_0179_0287_0172_0172.jpg 1 179 287 172 172
0215_0033_0183_0244_0244.jpg 1 33 183 244 244
0216_0173_0320_0128_0128.jpg 1 173 320 128 128
0217_0107_0224_0201_0201.jpg 1 107 224 201 201
0218_0309_0325_0064_0064.jpg 1 309 325 64 64
0219_0050_0116_0210_0210.jpg 1 50 116 210 210
0220_0172_0269_0158_0158.jpg 1 172 269 158 158
0221_0298_0105_0147_0147.jpg 1 298 105 147 147
0222_0034_0236_0212_0212.jpg 1 34 236 212 212
0223_0265_0146_0172_0172.jpg 1 265 146 172 172
0224_0274_0322_0119_0119.jpg 1 274 322 119 119
0225_0128_0137_0298_0298.jpg 1 128 137 298 298
0226_0151_0240_0220_0220.jpg 1 151 240 220 220
0227_0106_0142_0239_0239.jpg 1 106 142 239 239
0228_0157_0301_0151_0151.jpg 1 157 301 151 151
0229_0376_0328_0046_0046.jpg 1 376 328 46 46
0230_0122_0022_0317_0317.jpg 1 122 22 317 317
0231_0114_0067_0115_0115.jpg 1 114 67 115 115
0232_0095_0232_0167_0167.jpg 1 95 232 167 167
0233_0196_0124_0229_0229.jpg 1 196 124 229 229
0234_0205_0110_0064_0064.jpg 1 205 110 64 64
0235_0200_0202_0251_0251.jpg 1 200 202 251 251
0236_0110_0223_0221_0221.jpg 1 110 223 221 221
0237_0161_0295_0170_0170.jpg 1 161 295 170 170
0238_0313_0247_0103_0103.jpg 1 313 247 103 103
0239_0113_0416_0029_0029.jpg 1 113 416 29 29
0240_0151_0115_0230_0230.jpg 1 151 115 230 230
0241_0092_0087_0333_0333.jpg 1 92 87 333 333
0242_0127_0067_0169_0169.jpg 1 127 67 169 169
0243_0053_0063_0324_0324.jpg 1 53 63 324 324
0244_0053_0201_0143_0143.jpg 1 53 201 143 143
0245_0243_0072_0168_0168.jpg 1 243 72 168 168
0246_0174_0122_0119_0119.jpg 1 174 122 119 119
0247_0205_0305_0091_0091.jpg 1 205 305 91 91
0248_0158_0026_0286_0286.jpg 1 158 26 286 286
0249_0139_0048_0253_0253.jpg 1 139 48 253 253
0250_0059_0388_0027_0027.jpg 1 59 388 27 27
0251_0069_0104_0060_0060.jpg 1 69 104 60 60
0252_0035_0091_0293_0293.jpg 1 35 91 293 293
0253_0316_0350_0088_0088.jpg 1 316 350 88 88
0254_0135_0069_0286_0286.jpg 1 135 69 286 286
0255_0263_0207_0084_0084.jpg 1 263 207 84 84
0256_0242_0230_0148_0148.jpg 1 242 230 148 148
0257_0084_0206_0061_0061.jpg 1 84 206 61 61
0258_0252_0227_0173_0173.jpg 1 252 227 173 173
0259_0100_0121_0280_0280.jpg 1 100 121 280 280
0260_0055_0060_0200_0200.jpg 1 55 60 200 200
0261_0048_0068_0190_0190.jpg 1 48 68 190 190
0262_0231_0212_0100_0100.jpg 1 231 212 100 100
0263_0059_0279_0121_0121.jpg 1 59 279 121 121
0264_0091_0158_0215_0215.jpg 1 91 158 215 215
0265_0060_0158_0266_0266.jpg 1 60 158 266 266
0266_0272_0122_0157_0157.jpg 1 272 122 157 157
0267_0078_0152_0291_0291.jpg 1 78 152 291 291
0268_0087_0172_0122_0122.jpg 1 87 172 122 122
0269_0089_0046_0167_0167.jpg 1 89 46 167 167
0270_0080_0095_0302_0302.jpg 1 80 95 302 302
0271_0069_0080_0204_0204.jpg 1 69 80 204 204
0272_0032_0099_0231_0231.jpg 1 32 99 231 231
0273_0236_0331_0034_0034.jpg 1 236 331 34 34
0274_0078_0119_0231_0231.jpg 1 78 119 231 231
0275_0167_0165_0187_0187.jpg 1 167 165 187 187
0276_0169_0181_0206_0206.jpg 1 169 181 206 206
0277_0153_0166_0288_0288.jpg 1 153 166 288 288
0278_0219_0287_0150_0150.jpg 1 219 287 150 150
0279_0175_0047_0131_0131.jpg 1 175 47 131 131
0280_0186_0178_0062_0062.jpg 1 186 178 62 62
0281_0127_0275_0129_0129.jpg 1 127 275 129 129
0282_0130_0120_0217_0217.jpg 1 130 120 217 217
0283_0055_0154_0303_0303.jpg 1 55 154 303 303
0284_0068_0294_0097_0097.jpg 1 68 294 97 97
0285_0045_0113_0324_0324.jpg 1 45 113 324 324
0286_0196_0040_0256_0256.jpg 1 196 40 256 256
0287_0034_0032_0267_0267.jpg 1 34 32 267 267
0288_0287_0187_0103_0103.jpg 1 287 187 103 103
0289_0073_0211_0145_0145.jpg 1 73 211 145 145
0290_0096_0273_0103_0103.jpg 1 96 273 103 103
0291_0053_0067_0348_0348.jpg 1 53 67 348 348
0292_0160_0186_0186_0186.jpg 1 160 186 186 186
0293_0274_0080_0084_0084.jpg 1 274 80 84 84
0294_0140_0198_0102_0102.jpg 1 140 198 102 102
0295_0267_0137_0135_0135.jpg 1 267 137 135 135
0296_0354_0196_0085_0085.jpg 1 354 196 85 85
0297_0115_0110_0347_0347.jpg 1 115 110 347 347
0298_0040_0076_0197_0197.jpg 1 40 76 197 197
0299_0112_0131_0105_0105.jpg 1 112 131 105 105
0300_0086_0048_0314_0314.jpg 1 86 48 314 314
0301_0251_0185_0083_0083.jpg 1 251 185 83 83
0302_0230_0220_0220_0220.jpg 1 230 220 220 220
0303_0297_0252_0047_0047.jpg 1 297 252 47 47
0304_0134_0076_0171_0171.jpg 1 134 76 171 171
0305_0270_0235_0196_0196.jpg 1 270 235 196 196
0306_0161_0087_0305_0305.jpg 1 161 87 305 305
0307_0062_0091_0225_0225.jpg 1 62 91 225 225
0308_0184_0125_0222_0222.jpg 1 184 125 222 222
0309_0173_0149_0267_0267.jpg 1 173 149 267 267
0310_0092_0102_0336_0336.jpg 1 92 102 336 336
0311_0047_0353_0101_0101.jpg 1 47 353 101 101
0312_0212_0238_0086_0086.jpg 1 212 238 86 86
0313_0077_0091_0172_0172.jpg 1 77 91 172 172
0314_0084_0085_0207_0207.jpg 1 84 85 207 207
0315_0138_0202_0212_0212.jpg 1 138 202 212 212
0316_0073_0243_0156_0156.jpg 1 73 243 156 156
0317_0131_0059_0274_0274.jpg 1 131 59 274 274
0318_0144_0119_0319_0319.jpg 1 144 119 319 319
0319_0090_0278_0141_0141.jpg 1 90 278 141 141
0320_0215_0265_0128_0128.jpg 1 215 265 128 128
0321_0299_0364_0037_0037.jpg 1 299 364 37 37
0322_0074_0087_0235_0235.jpg 1 74 87 235 235
0323_0385_0368_0028_0028.jpg 1 385 368 28 28
0324_0270_0371_0071_0071.jpg 1 270 371 71 71
0325_0057_0133_0234_0234.jpg 1 57 133 234 234
0326_0198_0176_0165_0165.jpg 1 198 176 165 165
0327_0185_0088_0096_0096.jpg 1 185 88 96 96
0328_0052_0280_0114_0114.jpg 1 52 280 114 114
0329_0141_0158_0241_0241.jpg 1 141 158 241 241
0330_0119_0102_0286_0286.jpg 1 119 102 286 286
0331_0307_0335_0113_0113.jpg 1 307 335 113 113
0332_0146_0096_0320_0320.jpg 1 146 96 320 320
0333_0144_0262_0141_0141.jpg 1 144 262 141 141
0334_0022_0049_0335_0335.jpg 1 22 49 335 335
0335_0376_0156_0025_0025.jpg 1 376 156 25 25
0336_0283_0160_0181_0181.jpg 1 283 160 181 181
0337_0136_0161_0227_0227.jpg 1 136 161 227 227
0338_0242_0107_0176_0176.jpg 1 242 107 176 176
0339_0093_0117_0161_0161.jpg 1 93 117 161 161
0340_0242_0263_0136_0136.jpg 1 242 263 136 136
0341_0026_0098_0324_0324.jpg 1 26 98 324 324
0342_0104_0104_0273_0273.jpg 1 104 104 273 273
0343_0120_0119_0097_0097.jpg 1 120 119 97 97
0344_0180_0056_0086_0086.jpg 1 180 56 86 86
0345_0062_0171_0045_0045.jpg 1 62 171 45 45
0346_0098_0281_0173_0173.jpg 1 98 281 173 173
0347_0259_0271_0168_0168.jpg 1 259 271 168 168
0348_0181_0196_0212_0212.jpg 1 181 196 212 212
0349_0157_0150_0209_0209.jpg 1 157 150 209 209
0350_0188_0059_0128_0128.jpg 1 188 59 128 128
0351_0213_0137_0067_0067.jpg 1 213 137 67 67
0352_0206_0208_0125_0125.jpg 1 206 208 125 125
0353_0222_0072_0117_0117.jpg 1 222 72 117 117
0354_0303_0069_0121_0121.jpg 1 303 69 121 121
0355_0047_0172_0158_0158.jpg 1 47 172 158 158
0356_0139_0150_0293_0293.jpg 1 139 150 293 293
0357_0095_0125_0167_0167.jpg 1 95 125 167 167
0358_0173_0029_0263_0263.jpg 1 173 29 263 263
0359_0114_0053_0301_0301.jpg 1 114 53 301 301
0360_0158_0073_0261_0261.jpg 1 158 73 261 261
0361_0047_0083_0348_0348.jpg 1 47 83 348 348
0362_0169_0207_0197_0197.jpg 1 169 207 197 197
0363_0163_0140_0251_0251.jpg 1 163 140 251 251
0364_0164_0126_0301_0301.jpg 1 164 126 301 301
0365_0073_0045_0319_0319.jpg 1 73 45 319 319
0366_0065_0139_0251_0251.jpg 1 65 139 251 251
0367_0096_0079_0316_0316.jpg 1 96 79 316 316
0368_0127_0207_0188_0188.jpg 1 127 207 188 188
0369_0042_0107_0342_0342.jpg 1 42 107 342 342
0370_0235_0096_0182_0182.jpg 1 235 96 182 182
0371_0104_0098_0292_0292.jpg 1 104 98 292 292
0372_0082_0067_0349_0349.jpg 1 82 67 349 349
0373_0096_0140_0301_0301.jpg 1 96 140 301 301
0374_0299_0228_0116_0116.jpg 1 299 228 116 116
0375_0183_0086_0283_0283.jpg 1 183 86 283 283
0376_0171_0180_0147_0147.jpg 1 171 180 147 147
0377_0169_0182_0286_0286.jpg 1 169 182 286 286
0378_0123_0392_0042_0042.jpg 1 123 392 42 42
0379_0159_0049_0180_0180.jpg 1 159 49 180 180
0380_0169_0021_0310_0310.jpg 1 169 21 310 310
0381_0077_0158_0317_0317.jpg 1 77 158 317 317
0382_0051_0056_0324_0324.jpg 1 51 56 324 324
0383_0149_0078_0307_0307.jpg 1 149 78 307 307
0384_0190_0070_0191_0191.jpg 1 190 70 191 191
0385_0102_0171_0095_0095.jpg 1 102 171 95 95
0386_0231_0126_0180_0180.jpg 1 231 126 180 180
0387_0151_0099_0331_0331.jpg 1 151 99 331 331
0388_0079_0171_0141_0141.jpg 1 79 171 141 141
0389_0118_0096_0299_0299.jpg 1 118 96 299 299
0390_0039_0109_0181_0181.jpg 1 39 109 181 181
0391_0150_0091_0077_0077.jpg 1 150 91 77 77
0392_0120_0055_0283_0283.jpg 1 120 55 283 283
0393_0121_0116_0283_0283.jpg 1 121 116 283 283
0394_0313_0234_0108_0108.jpg 1 313 234 108 108
0395_0128_0067_0327_0327.jpg 1 128 67 327 327
0396_0281_0104_0037_0037.jpg 1 281 104 37 37
0397_0118_0099_0276_0276.jpg 1 118 99 276 276
0398_0364_0177_0082_0082.jpg 1 364 177 82 82
0399_0186_0198_0240_0240.jpg 1 186 198 240 240
0400_0074_0071_0295_0295.jpg 1 74 71 295 295
0401_0228_0068_0245_0245.jpg 1 228 68 245 245
0402_0050_0239_0053_0053.jpg 1 50 239 53 53
0403_0106_0051_0336_0336.jpg 1 106 51 336 336
0404_0112_0144_0107_0107.jpg 1 112 144 107 107
0405_0172_0108_0300_0300.jpg 1 172 108 300 300
0406_0106_0204_0092_0092.jpg 1 106 204 92 92
0407_0149_0181_0066_0066.jpg 1 149 181 66 66
0408_0174_0154_0234_0234.jpg 1 174 154 234 234
0409_0188_0058_0103_0103.jpg 1 188 58 103 103
0410_0213_0092_0143_0143.jpg 1 213 92 143 143
0411_0241_0104_0150_0150.jpg 1 241 104 150 150
0412_0158_0187_0272_0272.jpg 1 158 187 272 272
0413_0069_0255_0073_0073.jpg 1 69 255 73 73
0414_0092_0209_0198_0198.jpg 1 92 209 198 198
0415_0164_0120_0080_0080.jpg 1 164 120 80 80
0416_0077_0424_0028_0028.jpg 1 77 424 28 28
0417_0054_0054_0220_0220.jpg 1 54 54 220 220
0418_0281_0183_0064_0064.jpg 1 281 183 64 64
0419_0077_0219_0191_0191.jpg 1 77 219 191 191
0420_0096_0102_0119_0119.jpg 1 96 102 119 119
0421_0305_0128_0149_0149.jpg 1 305 128 149 149
0422_0087_0063_0120_0120.jpg 1 87 63 120 120
0423_0266_0231_0102_0102.jpg 1 266 231 102 102
0424_0146_0047_0333_0333.jpg 1 146 47 333 333
0425_0157_0045_0230_0230.jpg 1 157 45 230 230
0426_0176_0081_0248_0248.jpg 1 176 81 248 248
0427_0163_0102_0298_0298.jpg 1 163 102 298 298
0428_0313_0279_0136_0136.jpg 1 313 279 136 136
0429_0025_0045_0264_0264.jpg 1 25 45 264 264
0430_0155_0155_0202_0202.jpg 1 155 155 202 202
0431_0055_0076_0337_0337.jpg 1 55 76 337 337
0432_0087_0333_0063_0063.jpg 1 87 333 63 63
0433_0030_0065_0254_0254.jpg 1 30 65 254 254
0434_0312_0152_0147_0147.jpg 1 312 152 147 147
0435_0255_0274_0111_0111.jpg 1 255 274 111 111
0436_0216_0220_0054_0054.jpg 1 216 220 54 54
0437_0241_0160_0207_0207.jpg 1 241 160 207 207
0438_0216_0157_0140_0140.jpg 1 216 157 140 140
0439_0098_0080_0176_0176.jpg 1 98 80 176 176
0440_0025_0112_0286_0286.jpg 1 25 112 286 286
0441_0212_0134_0109_0109.jpg 1 212 134 109 109
0442_0057_0122_0264_0264.jpg 1 57 122 264 264
0443_0356_0235_0084_0084.jpg 1 356 235 84 84
0444_0239_0276_0090_0090.jpg 1 239 276 90 90
0445_0379_0220_0067_0067.jpg 1 379 220 67 67
0446_0182_0171_0254_0254.jpg 1 182 171 254 254
0447_0090_0264_0170_0170.jpg 1 90 264 170 170
0448_0263_0403_0039_0039.jpg 1 263 403 39 39
0449_0089_0120_0248_0248.jpg 1 89 120 248 248
0450_0300_0293_0142_0142.jpg 1 300 293 142 142
0451_0225_0312_0045_0045.jpg 1 225 312 45 45
0452_0180_0241_0043_0043.jpg 1 180 241 43 43
0453_0066_0066_0187_0187.jpg 1 66 66 187 187
0454_0097_0136_0063_0063.jpg 1 97 136 63 63
0455_0078_0268_0074_0074.jpg 1 78 268 74 74
0456_0055_0108_0158_0158.jpg 1 55 108 158 158
0457_0149_0114_0264_0264.jpg 1 149 114 264 264
0458_0105_0037_0245_0245.jpg 1 105 37 245 245
0459_0087_0082_0317_0317.jpg 1 87 82 317 317
0460_0128_0079_0271_0271.jpg 1 128 79 271 271
0461_0194_0243_0155_0155.jpg 1 194 243 155 155
0462_0233_0086_0209_0209.jpg 1 233 86 209 209
0463_0312_0250_0138_0138.jpg 1 312 250 138 138
0464_0200_0048_0140_0140.jpg 1 200 48 140 140
0465_0236_0067_0056_0056.jpg 1 236 67 56 56
0466_0221_0193_0055_0055.jpg 1 221 193 55 55
0467_0182_0172_0249_0249.jpg 1 182 172 249 249
0468_0157_0132_0231_0231.jpg 1 157 132 231 231
0469_0091_0288_0062_0062.jpg 1 91 288 62 62
0470_0294_0067_0049_0049.jpg 1 294 67 49 49
0471_0185_0323_0084_0084.jpg 1 185 323 84 84
0472_0302_0349_0045_0045.jpg 1 302 349 45 45
0473_0153_0089_0299_0299.jpg 1 153 89 299 299
0474_0074_0056_0318_0318.jpg 1 74 56 318 318
0475_0067_0036_0323_0323.jpg 1 67 36 323 323
0476_0038_0155_0218_0218.jpg 1 38 155 218 218
0477_0293_0152_0053_0053.jpg 1 293 152 53 53
0478_0073_0153_0112_0112.jpg 1 73 153 112 112
0479_0086_0229_0086_0086.jpg 1 86 229 86 86
0480_0052_0086_0274_0274.jpg 1 52 86 274 274
0481_0036_0147_0326_0326.jpg 1 36 147 326 326
0482_0236_0167_0203_0203.jpg 1 236 167 203 203
0483_0190_0167_0213_0213.jpg 1 190 167 213 213
0484_0108_0131_0125_0125.jpg 1 108 131 125 125
0485_0216_0155_0141_0141.jpg 1 216 155 141 141
0486_0041_0172_0204_0204.jpg 1 41 172 204 204
0487_0085_0152_0151_0151.jpg 1 85 152 151 151
0488_0151_0285_0130_0130.jpg 1 151 285 130 130
0489_0034_0071_0311_0311.jpg 1 34 71 311 311
0490_0148_0096_0099_0099.jpg 1 148 96 99 99
0491_0382_0167_0053_0053.jpg 1 382 167 53 53
0492_0349_0263_0081_0081.jpg 1 349 263 81 81
0493_0211_0090_0170_0170.jpg 1 211 90 170 170
0494_0268_0061_0132_0132.jpg 1 268 61 132 132
0495_0131_0230_0212_0212.jpg 1 131 230 212 212
0496_0132_0081_0197_0197.jpg 1 132 81 197 197
0497_0140_0315_0058_0058.jpg 1 140 315 58 58
0498_0069_0067_0342_0342.jpg 1 69 67 342 342
0499_0179_0130_0235_0235.jpg 1 179 130 235 235
0500_0085_0097_0233_0233.jpg 1 85 97 233 233
0501_0026_0213_0248_0248.jpg 1 26 213 248 248
0502_0171_0119_0173_0173.jpg 1 171 119 173 173
0503_0180_0130_0142_0142.jpg 1 180 130 142 142
0504_0093_0084_0217_0217.jpg 1 93 84 217 217
0505_0152_0053_0275_0275.jpg 1 152 53 275 275
0506_0159_0172_0209_0209.jpg 1 159 172 209 209
0507_0213_0163_0175_0175.jpg 1 213 163 175 175
0508_0260_0254_0134_0134.jpg 1 260 254 134 134
0509_0086_0072_0236_0236.jpg 1 86 72 236 236
0510_0213_0036_0253_0253.jpg 1 213 36 253 253
0511_0360_0240_0077_0077.jpg 1 360 240 77 77
0512_0172_0098_0272_0272.jpg 1 172 98 272 272
0513_0191_0197_0275_0275.jpg 1 191 197 275 275
0514_0082_0120_0166_0166.jpg 1 82 120 166 166
0515_0117_0326_0122_0122.jpg 1 117 326 122 122
0516_0114_0180_0089_0089.jpg 1 114 180 89 89
0517_0246_0184_0209_0209.jpg 1 246 184 209 209
0518_0068_0074_0095_0095.jpg 1 68 74 95 95
0519_0120_0106_0128_0128.jpg 1 120 106 128 128
0520_0096_0066_0325_0325.jpg 1 96 66 325 325
0521_0137_0143_0309_0309.jpg 1 137 143 309 309
0522_0283_0158_0066_0066.jpg 1 283 158 66 66
0523_0066_0085_0205_0205.jpg 1 66 85 205 205
0524_0182_0153_0085_0085.jpg 1 182 153 85 85
0525_0098_0042_0334_0334.jpg 1 98 42 334 334
0526_0057_0202_0241_0241.jpg 1 57 202 241 241
0527_0149_0131_0269_0269.jpg 1 149 131 269 269
0528_0044_0131_0325_0325.jpg 1 44 131 325 325
0529_0259_0146_0089_0089.jpg 1 259 146 89 89
0530_0149_0070_0330_0330.jpg 1 149 70 330 330
0531_0078_0080_0150_0150.jpg 1 78 80 150 150
0532_0091_0190_0184_0184.jpg 1 91 190 184 184
0533_0090_0158_0257_0257.jpg 1 90 158 257 257
0534_0108_0030_0330_0330.jpg 1 108 30 330 330
0535_0327_0318_0113_0113.jpg 1 327 318 113 113
0536_0022_0060_0331_0331.jpg 1 22 60 331 331
0537_0037_0091_0191_0191.jpg 1 37 91 191 191
0538_0073_0105_0335_0335.jpg 1 73 105 335 335
0539_0261_0238_0165_0165.jpg 1 261 238 165 165
0540_0157_0160_0309_0309.jpg 1 157 160 309 309
0541_0034_0032_0290_0290.jpg 1 34 32 290 290
0542_0068_0066_0339_0339.jpg 1 68 66 339 339
0543_0116_0110_0321_0321.jpg 1 116 110 321 321
0544_0181_0073_0097_0097.jpg 1 181 73 97 97
0545_0167_0149_0126_0126.jpg 1 167 149 126 126
0546_0128_0188_0268_0268.jpg 1 128 188 268 268
0547_0235_0244_0179_0179.jpg 1 235 244 179 179
0548_0321_0065_0043_0043.jpg 1 321 65 43 43
0549_0159_0155_0322_0322.jpg 1 159 155 322 322
0550_0078_0022_0317_0317.jpg 1 78 22 317 317
0551_0127_0326_0075_0075.jpg 1 127 326 75 75
0552_0210_0171_0210_0210.jpg 1 210 171 210 210
0553_0228_0038_0218_0218.jpg 1 228 38 218 218
0554_0069_0055_0083_0083.jpg 1 69 55 83 83
0555_0222_0074_0097_0097.jpg 1 222 74 97 97
0556_0132_0112_0255_0255.jpg 1 132 112 255 255
0557_0167_0312_0099_0099.jpg 1 167 312 99 99
0558_0228_0129_0198_0198.jpg 1 228 129 198 198
0559_0206_0041_0134_0134.jpg 1 206 41 134 134
0560_0256_0057_0127_0127.jpg 1 256 57 127 127
0561_0194_0048_0257_0257.jpg 1 194 48 257 257
0562_0134_0169_0252_0252.jpg 1 134 169 252 252
0563_0314_0073_0089_0089.jpg 1 314 73 89 89
0564_0098_0046_0048_0048.jpg 1 98 46 48 48
0565_0054_0173_0291_0291.jpg 1 54 173 291 291
0566_0286_0200_0151_0151.jpg 1 286 200 151 151
0567_0100_0052_0317_0317.jpg 1 100 52 317 317
0568_0299_0142_0039_0039.jpg 1 299 142 39 39
0569_0036_0127_0341_0341.jpg 1 36 127 341 341
0570_0243_0335_0094_0094.jpg 1 243 335 94 94
0571_0325_0403_0025_0025.jpg 1 325 403 25 25
0572_0057_0201_0137_0137.jpg 1 57 201 137 137
0573_0142_0121_0299_0299.jpg 1 142 121 299 299
0574_0126_0257_0098_0098.jpg 1 126 257 98 98
0575_0221_0118_0209_0209.jpg 1 221 118 209 209
0576_0112_0217_0253_0253.jpg 1 112 217 253 253
0577_0170_0155_0137_0137.jpg 1 170 155 137 137
0578_0072_0299_0088_0088.jpg 1 72 299 88 88
0579_0338_0320_0113_0113.jpg 1 338 320 113 113
0580_0316_0236_0140_0140.jpg 1 316 236 140 140
0581_0038_0192_0137_0137.jpg 1 38 192 137 137
0582_0115_0240_0222_0222.jpg 1 115 240 222 222
0583_0145_0170_0087_0087.jpg 1 145 170 87 87
0584_0148_0165_0158_0158.jpg 1 148 165 158 158
0585_0116_0141_0096_0096.jpg 1 116 141 96 96
0586_0153_0222_0086_0086.jpg 1 153 222 86 86
0587_0267_0289_0075_0075.jpg 1 267 289 75 75
0588_0019_0100_0325_0325.jpg 1 19 100 325 325
0589_0127_0066_0279_0279.jpg 1 127 66 279 279
0590_0310_0290_0113_0113.jpg 1 310 290 113 113
0591_0050_0350_0055_0055.jpg 1 50 350 55 55
0592_0338_0077_0110_0110.jpg 1 338 77 110 110
0593_0244_0134_0141_0141.jpg 1 244 134 141 141
0594_0112_0209_0242_0242.jpg 1 112 209 242 242
0595_0276_0159_0173_0173.jpg 1 276 159 173 173
0596_0105_0136_0198_0198.jpg 1 105 136 198 198
0597_0113_0089_0110_0110.jpg 1 113 89 110 110
0598_0055_0188_0134_0134.jpg 1 55 188 134 134
0599_0223_0190_0175_0175.jpg 1 223 190 175 175
0600_0147_0163_0257_0257.jpg 1 147 163 257 257
0601_0079_0175_0033_0033.jpg 1 79 175 33 33
0602_0129_0041_0278_0278.jpg 1 129 41 278 278
0603_0151_0270_0173_0173.jpg 1 151 270 173 173
0604_0083_0137_0115_0115.jpg 1 83 137 115 115
0605_0073_0020_0343_0343.jpg 1 73 20 343 343
0606_0064_0097_0335_0335.jpg 1 64 97 335 335
0607_0126_0055_0257_0257.jpg 1 126 55 257 257
0608_0400_0390_0044_0044.jpg 1 400 390 44 44
0609_0104_0118_0115_0115.jpg 1 104 118 115 115
0610_0104_0261_0185_0185.jpg 1 104 261 185 185
0611_0118_0320_0066_0066.jpg 1 118 320 66 66
0612_0125_0085_0150_0150.jpg 1 125 85 150 150
0613_0168_0133_0098_0098.jpg 1 168 133 98 98
0614_0091_0288_0163_0163.jpg 1 91 288 163 163
0615_0317_0045_0078_0078.jpg 1 317 45 78 78
0616_0176_0091_0029_0029.jpg 1 176 91 29 29
0617_0094_0129_0133_0133.jpg 1 94 129 133 133
0618_0060_0126_0302_0302.jpg 1 60 126 302 302
0619_0198_0149_0198_0198.jpg 1 198 149 198 198
0620_0205_0095_0232_0232.jpg 1 205 95 232 232
0621_0186_0219_0201_0201.jpg 1 186 219 201 201
0622_0167_0118_0183_0183.jpg 1 167 118 183 183
0623_0138_0070_0178_0178.jpg 1 138 70 178 178
0624_0070_0164_0170_0170.jpg 1 70 164 170 170
0625_0291_0315_0080_0080.jpg 1 291 315 80 80
0626_0233_0255_0100_0100.jpg 1 233 255 100 100
0627_0162_0038_0316_0316.jpg 1 162 38 316 316
0628_0069_0291_0163_0163.jpg 1 69 291 163 163
0629_0192_0249_0140_0140.jpg 1 192 249 140 140
0630_0139_0050_0306_0306.jpg 1 139 50 306 306
0631_0132_0319_0126_0126.jpg 1 132 319 126 126
0632_0356_0100_0061_0061.jpg 1 356 100 61 61
0633_0256_0301_0041_0041.jpg 1 256 301 41 41
0634_0072_0092_0169_0169.jpg 1 72 92 169 169
0635_0089_0178_0241_0241.jpg 1 89 178 241 241
0636_0145_0104_0301_0301.jpg 1 145 104 301 301
0637_0079_0145_0279_0279.jpg 1 79 145 279 279
0638_0158_0116_0292_0292.jpg 1 158 116 292 292
0639_0188_0032_0201_0201.jpg 1 188 32 201 201
0640_0318_0118_0067_0067.jpg 1 318 118 67 67
0641_0093_0100_0297_0297.jpg 1 93 100 297 297
0642_0213_0157_0193_0193.jpg 1 213 157 193 193
0643_0051_0057_0338_0338.jpg 1 51 57 338 338
0644_0075_0105_0284_0284.jpg 1 75 105 284 284
0645_0371_0221_0062_0062.jpg 1 371 221 62 62
0646_0068_0040_0103_0103.jpg 1 68 40 103 103
0647_0168_0234_0139_0139.jpg 1 168 234 139 139
0648_0079_0061_0204_0204.jpg 1 79 61 204 204
0649_0127_0116_0343_0343.jpg 1 127 116 343 343
0650_0084_0144_0217_0217.jpg 1 84 144 217 217
0651_0051_0352_0084_0084.jpg 1 51 352 84 84
0652_0210_0197_0256_0256.jpg 1 210 197 256 256
0653_0279_0265_0049_0049.jpg 1 279 265 49 49
0654_0194_0353_0089_0089.jpg 1 194 353 89 89
0655_0199_0060_0220_0220.jpg 1 199 60 220 220
0656_0138_0190_0230_0230.jpg 1 138 190 230 230
0657_0232_0183_0186_0186.jpg 1 232 183 186 186
0658_0259_0193_0183_0183.jpg 1 259 193 183 183
0659_0062_0098_0223_0223.jpg 1 62 98 223 223
0660_0046_0171_0246_0246.jpg 1 46 171 246 246
0661_0214_0201_0261_0261.jpg 1 214 201 261 261
0662_0334_0380_0071_0071.jpg 1 334 380 71 71
0663_0122_0127_0086_0086.jpg 1 122 127 86 86
0664_0149_0180_0279_0279.jpg 1 149 180 279 279
0665_0041_0071_0122_0122.jpg 1 41 71 122 122
0666_0162_0096_0270_0270.jpg 1 162 96 270 270
0667_0229_0128_0066_0066.jpg 1 229 128 66 66
0668_0217_0244_0166_0166.jpg 1 217 244 166 166
0669_0124_0131_0322_0322.jpg 1 124 131 322 322
0670_0045_0290_0101_0101.jpg 1 45 290 101 101
0671_0156_0041_0322_0322.jpg 1 156 41 322 322
0672_0202_0155_0259_0259.jpg 1 202 155 259 259
0673_0203_0310_0076_0076.jpg 1 203 310 76 76
0674_0323_0315_0046_0046.jpg 1 323 315 46 46
0675_0075_0164_0297_0297.jpg 1 75 164 297 297
0676_0239_0202_0122_0122.jpg 1 239 202 122 122
0677_0134_0354_0079_0079.jpg 1 134 354 79 79
0678_0253_0070_0120_0120.jpg 1 253 70 120 120
0679_0262_0247_0140_0140.jpg 1 262 247 140 140
0680_0116_0064_0323_0323.jpg 1 116 64 323 323
0681_0345_0193_0059_0059.jpg 1 345 193 59 59
0682_0030_0128_0269_0269.jpg 1 30 128 269 269
0683_0054_0068_0233_0233.jpg 1 54 68 233 233
0684_0315_0257_0125_0125.jpg 1 315 257 125 125
0685_0256_0096_0073_0073.jpg 1 256 96 73 73
0686_0128_0089_0338_0338.jpg 1 128 89 338 338
0687_0284_0039_0141_0141.jpg 1 284 39 141 141
0688_0082_0115_0233_0233.jpg 1 82 115 233 233
0689_0228_0066_0109_0109.jpg 1 228 66 109 109
0690_0130_0195_0218_0218.jpg 1 130 195 218 218
0691_0067_0122_0043_0043.jpg 1 67 122 43 43
0692_0211_0333_0127_0127.jpg 1 211 333 127 127
0693_0287_0114_0119_0119.jpg 1 287 114 119 119
0694_0098_0044_0349_0349.jpg 1 98 44 349 349
0695_0114_0072_0331_0331.jpg 1 114 72 331 331
0696_0154_0024_0305_0305.jpg 1 154 24 305 305
0697_0159_0046_0313_0313.jpg 1 159 46 313 313
0698_0075_0210_0150_0150.jpg 1 75 210 150 150
0699_0288_0217_0091_0091.jpg 1 288 217 91 91
0700_0090_0069_0143_0143.jpg 1 90 69 143 143
0701_0161_0081_0040_0040.jpg 1 161 81 40 40
0702_0268_0082_0102_0102.jpg 1 268 82 102 102
0703_0149_0182_0292_0292.jpg 1 149 182 292 292
0704_0190_0144_0164_0164.jpg 1 190 144 164 164
0705_0141_0332_0101_0101.jpg 1 141 332 101 101
0706_0131_0233_0088_0088.jpg 1 131 233 88 88
0707_0141_0147_0027_0027.jpg 1 141 147 27 27
0708_0200_0062_0064_0064.jpg 1 200 62 64 64
0709_0162_0098_0277_0277.jpg 1 162 98 277 277
0710_0259_0041_0194_0194.jpg 1 259 41 194 194
0711_0168_0091_0280_0280.jpg 1 168 91 280 280
0712_0079_0236_0124_0124.jpg 1 79 236 124 124
0713_0139_0024_0332_0332.jpg 1 139 24 332 332
0714_0311_0287_0094_0094.jpg 1 311 287 94 94
0715_0082_0072_0032_0032.jpg 1 82 72 32 32
0716_0025_0205_0265_0265.jpg 1 25 205 265 265
0717_0099_0221_0196_0196.jpg 1 99 221 196 196
0718_0167_0072_0108_0108.jpg 1 167 72 108 108
0719_0046_0055_0318_0318.jpg 1 46 55 318 318
0720_0196_0228_0050_0050.jpg 1 196 228 50 50
0721_0109_0201_0149_0149.jpg 1 109 201 149 149
0722_0076_0254_0214_0214.jpg 1 76 254 214 214
0723_0091_0145_0300_0300.jpg 1 91 145 300 300
0724_0207_0097_0025_0025.jpg 1 207 97 25 25
0725_0170_0155_0056_0056.jpg 1 170 155 56 56
0726_0257_0204_0204_0204.jpg 1 257 204 204 204
0727_0074_0314_0109_0109.jpg 1 74 314 109 109
0728_0297_0292_0051_0051.jpg 1 297 292 51 51
0729_0122_0135_0280_0280.jpg 1 122 135 280 280
0730_0036_0157_0310_0310.jpg 1 36 157 310 310
0731_0032_0178_0180_0180.jpg 1 32 178 180 180
0732_0107_0037_0276_0276.jpg 1 107 37 276 276
0733_0270_0261_0116_0116.jpg 1 270 261 116 116
0734_0240_0218_0081_0081.jpg 1 240 218 81 81
0735_0283_0121_0032_0032.jpg 1 283 121 32 32
0736_0094_0219_0235_0235.jpg 1 94 219 235 235
0737_0203_0218_0025_0025.jpg 1 203 218 25 25
0738_0339_0332_0084_0084.jpg 1 339 332 84 84
0739_0282_0243_0171_0171.jpg 1 282 243 171 171
0740_0305_0301_0027_0027.jpg 1 305 301 27 27
0741_0129_0085_0181_0181.jpg 1 129 85 181 181
0742_0145_0210_0186_0186.jpg 1 145 210 186 186
0743_0168_0154_0295_0295.jpg 1 168 154 295 295
0744_0191_0188_0275_0275.jpg 1 191 188 275 275
0745_0056_0048_0223_0223.jpg 1 56 48 223 223
0746_0193_0062_0187_0187.jpg 1 193 62 187 187
0747_0078_0130_0229_0229.jpg 1 78 130 229 229
0748_0240_0125_0220_0220.jpg 1 240 125 220 220
0749_0159_0084_0270_0270.jpg 1 159 84 270 270
0750_0184_0035_0190_0190.jpg 1 184 35 190 190
0751_0137_0035_0344_0344.jpg 1 137 35 344 344
0752_0072_0334_0036_0036.jpg 1 72 334 36 36
0753_0108_0066_0347_0347.jpg 1 108 66 347 347
0754_0098_0198_0194_0194.jpg 1 98 198 194 194
0755_0092_0271_0185_0185.jpg 1 92 271 185 185
0756_0298_0309_0081_0081.jpg 1 298 309 81 81
0757_0051_0206_0260_0260.jpg 1 51 206 260 260
0758_0062_0219_0028_0028.jpg 1 62 219 28 28
0759_0057_0176_0135_0135.jpg 1 57 176 135 135
0760_0037_0031_0347_0347.jpg 1 37 31 347 347
0761_0193_0111_0207_0207.jpg 1 193 111 207 207
0762_0325_0382_0040_0040.jpg 1 325 382 40 40
0763_0079_0171_0234_0234.jpg 1 79 171 234 234
0764_0029_0060_0337_0337.jpg 1 29 60 337 337
0765_0233_0156_0174_0174.jpg 1 233 156 174 174
0766_0225_0071_0031_0031.jpg 1 225 71 31 31
0767_0090_0217_0121_0121.jpg 1 90 217 121 121
0768_0054_0269_0148_0148.jpg 1 54 269 148 148
0769_0065_0088_0218_0218.jpg 1 65 88 218 218
0770_0182_0300_0061_0061.jpg 1 182 300 61 61
0771_0048_0091_0341_0341.jpg 1 48 91 341 341
0772_0337_0186_0061_0061.jpg 1 337 186 61 61
0773_0223_0198_0157_0157.jpg 1 223 198 157 157
0774_0217_0260_0180_0180.jpg 1 217 260 180 180
0775_0289_0054_0177_0177.jpg 1 289 54 177 177
0776_0360_0233_0052_0052.jpg 1 360 233 52 52
0777_0074_0119_0295_0295.jpg 1 74 119 295 295
0778_0253_0228_0191_0191.jpg 1 253 228 191 191
0779_0177_0059_0031_0031.jpg 1 177 59 31 31
0780_0124_0177_0161_0161.jpg 1 124 177 161 161
0781_0231_0216_0198_0198.jpg 1 231 216 198 198
0782_0359_0176_0062_0062.jpg 1 359 176 62 62
0783_0148_0387_0053_0053.jpg 1 148 387 53 53
0784_0196_0281_0109_0109.jpg 1 196 281 109 109
0785_0137_0217_0122_0122.jpg 1 137 217 122 122
0786_0090_0099_0273_0273.jpg 1 90 99 273 273
0787_0273_0095_0163_0163.jpg 1 273 95 163 163
0788_0134_0117_0289_0289.jpg 1 134 117 289 289
0789_0050_0134_0347_0347.jpg 1 50 134 347 347
0790_0128_0300_0159_0159.jpg 1 128 300 159 159
0791_0065_0172_0279_0279.jpg 1 65 172 279 279
0792_0052_0033_0295_0295.jpg 1 52 33 295 295
0793_0192_0186_0115_0115.jpg 1 192 186 115 115
0794_0099_0239_0095_0095.jpg 1 99 239 95 95
0795_0325_0352_0083_0083.jpg 1 325 352 83 83
0796_0133_0107_0326_0326.jpg 1 133 107 326 326
0797_0285_0169_0146_0146.jpg 1 285 169 146 146
0798_0286_0053_0179_0179.jpg 1 286 53 179 179
0799_0127_0259_0173_0173.jpg 1 127 259 173 173
0800_0260_0049_0151_0151.jpg 1 260 49 151 151
0801_0023_0066_0278_0278.jpg 1 23 66 278 278
0802_0068_0110_0298_0298.jpg 1 68 110 298 298
0803_0328_0083_0107_0107.jpg 1 328 83 107 107
0804_0096_0026_0305_0305.jpg 1 96 26 305 305
0805_0256_0230_0198_0198.jpg 1 256 230 198 198
0806_0260_0260_0053_0053.jpg 1 260 260 53 53
0807_0123_0071_0225_0225.jpg 1 123 71 225 225
0808_0054_0196_0238_0238.jpg 1 54 196 238 238
0809_0160_0157_0233_0233.jpg 1 160 157 233 233
0810_0225_0193_0225_0225.jpg 1 225 193 225 225
0811_0065_0318_0122_0122.jpg 1 65 318 122 122
0812_0198_0322_0103_0103.jpg 1 198 322 103 103
0813_0138_0021_0296_0296.jpg 1 138 21 296 296
0814_0130_0223_0157_0157.jpg 1 130 223 157 157
0815_0129_0256_0171_0171.jpg 1 129 256 171 171
0816_0089_0214_0092_0092.jpg 1 89 214 92 92
0817_0236_0050_0131_0131.jpg 1 236 50 131 131
0818_0192_0108_0133_0133.jpg 1 192 108 133 133
0819_0072_0144_0246_0246.jpg 1 72 144 246 246
0820_0104_0118_0330_0330.jpg 1 104 118 330 330
0821_0129_0094_0347_0347.jpg 1 129 94 347 347
0822_0163_0141_0298_0298.jpg 1 163 141 298 298
0823_0355_0242_0035_0035.jpg 1 355 242 35 35
0824_0193_0104_0265_0265.jpg 1 193 104 265 265
0825_0202_0141_0054_0054.jpg 1 202 141 54 54
0826_0052_0151_0213_0213.jpg 1 52 151 213 213
0827_0186_0053_0100_0100.jpg 1 186 53 100 100
0828_0248_0193_0056_0056.jpg 1 248 193 56 56
0829_0235_0124_0237_0237.jpg 1 235 124 237 237
0830_0284_0193_0159_0159.jpg 1 284 193 159 159
0831_0202_0189_0083_0083.jpg 1 202 189 83 83
0832_0152_0250_0080_0080.jpg 1 152 250 80 80
0833_0100_0129_0105_0105.jpg 1 100 129 105 105
0834_0128_0186_0269_0269.jpg 1 128 186 269 269
0835_0235_0070_0189_0189.jpg 1 235 70 189 189
0836_0116_0161_0083_0083.jpg 1 116 161 83 83
0837_0132_0218_0059_0059.jpg 1 132 218 59 59
0838_0033_0135_0330_0330.jpg 1 33 135 330 330
0839_0387_0374_0060_0060.jpg 1 387 374 60 60
0840_0300_0066_0066_0066.jpg 1 300 66 66 66
0841_0138_0235_0182_0182.jpg 1 138 235 182 182
0842_0081_0179_0181_0181.jpg 1 81 179 181 181
0843_0027_0102_0322_0322.jpg 1 27 102 322 322
0844_0150_0280_0133_0133.jpg 1 150 280 133 133
0845_0062_0140_0098_0098.jpg 1 62 140 98 98
0846_0040_0091_0202_0202.jpg 1 40 91 202 202
0847_0222_0163_0162_0162.jpg 1 222 163 162 162
0848_0179_0171_0298_0298.jpg 1 179 171 298 298
0849_0150_0115_0215_0215.jpg 1 150 115 215 215
0850_0178_0392_0057_0057.jpg 1 178 392 57 57
0851_0223_0242_0209_0209.jpg 1 223 242 209 209
0852_0210_0213_0237_0237.jpg 1 210 213 237 237
0853_0213_0155_0230_0230.jpg 1 213 155 230 230
0854_0326_0247_0045_0045.jpg 1 326 247 45 45
0855_0328_0053_0115_0115.jpg 1 328 53 115 115
0856_0071_0035_0218_0218.jpg 1 71 35 218 218
0857_0140_0063_0220_0220.jpg 1 140 63 220 220
0858_0282_0179_0184_0184.jpg 1 282 179 184 184
0859_0211_0286_0145_0145.jpg 1 211 286 145 145
0860_0222_0172_0070_0070.jpg 1 222 172 70 70
0861_0129_0030_0295_0295.jpg 1 129 30 295 295
0862_0129_0046_0313_0313.jpg 1 129 46 313 313
0863_0308_0200_0145_0145.jpg 1 308 200 145 145
0864_0134_0244_0116_0116.jpg 1 134 244 116 116
0865_0362_0262_0047_0047.jpg 1 362 262 47 47
0866_0189_0135_0227_0227.jpg 1 189 135 227 227
0867_0059_0312_0095_0095.jpg 1 59 312 95 95
0868_0131_0116_0314_0314.jpg 1 131 116 314 314
0869_0294_0318_0124_0124.jpg 1 294 318 124 124
0870_0055_0165_0314_0314.jpg 1 55 165 314 314
0871_0027_0023_0329_0329.jpg 1 27 23 329 329
0872_0112_0065_0308_0308.jpg 1 112 65 308 308
0873_0394_0392_0038_0038.jpg 1 394 392 38 38
0874_0149_0058_0217_0217.jpg 1 149 58 217 217
0875_0072_0034_0328_0328.jpg 1 72 34 328 328
0876_0275_0246_0080_0080.jpg 1 275 246 80 80
0877_0091_0095_0286_0286.jpg 1 91 95 286 286
0878_0052_0182_0266_0266.jpg 1 52 182 266 266
0879_0086_0076_0337_0337.jpg 1 86 76 337 337
0880_0252_0311_0105_0105.jpg 1 252 311 105 105
0881_0057_0148_0309_0309.jpg 1 57 148 309 309
0882_0039_0131_0231_0231.jpg 1 39 131 231 231
0883_0105_0231_0152_0152.jpg 1 105 231 152 152
0884_0368_0190_0085_0085.jpg 1 368 190 85 85
0885_0188_0158_0270_0270.jpg 1 188 158 270 270
0886_0214_0121_0143_0143.jpg 1 214 121 143 143
0887_0076_0349_0030_0030.jpg 1 76 349 30 30
0888_0112_0099_0239_0239.jpg 1 112 99 239 239
0889_0199_0099_0193_0193.jpg 1 199 99 193 193
0890_0030_0039_0336_0336.jpg 1 30 39 336 336
0891_0142_0155_0067_0067.jpg 1 142 155 67 67
0892_0240_0201_0204_0204.jpg 1 240 201 204 204
0893_0038_0155_0131_0131.jpg 1 38 155 131 131
0894_0270_0048_0147_0147.jpg 1 270 48 147 147
0895_0321_0158_0028_0028.jpg 1 321 158 28 28
0896_0106_0168_0174_0174.jpg 1 106 168 174 174
0897_0044_0120_0296_0296.jpg 1 44 120 296 296
0898_0135_0021_0306_0306.jpg 1 135 21 306 306
0899_0055_0237_0110_0110.jpg 1 55 237 110 110
0900_0042_0032_0324_0324.jpg 1 42 32 324 324
0901_0180_0095_0166_0166.jpg 1 180 95 166 166
0902_0048_0141_0154_0154.jpg 1 48 141 154 154
0903_0060_0105_0265_0265.jpg 1 60 105 265 265
0904_0187_0350_0079_0079.jpg 1 187 350 79 79
0905_0049_0086_0195_0195.jpg 1 49 86 195 195
0906_0209_0151_0206_0206.jpg 1 209 151 206 206
0907_0145_0214_0212_0212.jpg 1 145 214 212 212
0908_0132_0160_0274_0274.jpg 1 132 160 274 274
0909_0269_0163_0176_0176.jpg 1 269 163 176 176
0910_0155_0152_0192_0192.jpg 1 155 152 192 192
0911_0132_0057_0311_0311.jpg 1 132 57 311 311
0912_0048_0116_0129_0129.jpg 1 48 116 129 129
0913_0109_0196_0218_0218.jpg 1 109 196 218 218
0914_0092_0134_0346_0346.jpg 1 92 134 346 346
0915_0231_0115_0240_0240.jpg 1 231 115 240 240
0916_0069_0064_0304_0304.jpg 1 69 64 304 304
0917_0131_0226_0159_0159.jpg 1 131 226 159 159
0918_0359_0217_0081_0081.jpg 1 359 217 81 81
0919_0115_0067_0349_0349.jpg 1 115 67 349 349
0920_0187_0041_0109_0109.jpg 1 187 41 109 109
0921_0219_0305_0065_0065.jpg 1 219 305 65 65
0922_0103_0071_0197_0197.jpg 1 103 71 197 197
0923_0035_0162_0218_0218.jpg 1 35 162 218 218
0924_0251_0150_0219_0219.jpg 1 251 150 219 219
0925_0089_0258_0075_0075.jpg 1 89 258 75 75
0926_0174_0229_0126_0126.jpg 1 174 229 126 126
0927_0164_0068_0193_0193.jpg 1 164 68 193 193
0928_0036_0213_0219_0219.jpg 1 36 213 219 219
0929_0085_0145_0332_0332.jpg 1 85 145 332 332
0930_0144_0138_0312_0312.jpg 1 144 138 312 312
0931_0070_0051_0303_0303.jpg 1 70 51 303 303
0932_0034_0228_0191_0191.jpg 1 34 228 191 191
0933_0116_0061_0062_0062.jpg 1 116 61 62 62
0934_0187_0063_0166_0166.jpg 1 187 63 166 166
0935_0058_0248_0056_0056.jpg 1 58 248 56 56
0936_0407_0385_0039_0039.jpg 1 407 385 39 39
0937_0044_0080_0319_0319.jpg 1 44 80 319 319
0938_0172_0024_0301_0301.jpg 1 172 24 301 301
0939_0072_0215_0189_0189.jpg 1 72 215 189 189
0940_0164_0198_0242_0242.jpg 1 164 198 242 242
0941_0283_0042_0145_0145.jpg 1 283 42 145 145
0942_0225_0033_0171_0171.jpg 1 225 33 171 171
0943_0031_0092_0314_0314.jpg 1 31 92 314 314
0944_0262_0291_0169_0169.jpg 1 262 291 169 169
0945_0134_0325_0033_0033.jpg 1 134 325 33 33
0946_0048_0156_0134_0134.jpg 1 48 156 134 134
0947_0040_0142_0304_0304.jpg 1 40 142 304 304
0948_0180_0284_0133_0133.jpg 1 180 284 133 133
0949_0127_0291_0130_0130.jpg 1 127 291 130 130
0950_0119_0075_0343_0343.jpg 1 119 75 343 343
0951_0180_0273_0184_0184.jpg 1 180 273 184 184
0952_0371_0391_0024_0024.jpg 1 371 391 24 24
0953_0073_0237_0225_0225.jpg 1 73 237 225 225
0954_0132_0134_0148_0148.jpg 1 132 134 148 148
0955_0034_0130_0181_0181.jpg 1 34 130 181 181
0956_0070_0370_0030_0030.jpg 1 70 370 30 30
0957_0127_0106_0137_0137.jpg 1 127 106 137 137
0958_0074_0248_0211_0211.jpg 1 74 248 211 211
0959_0099_0039_0290_0290.jpg 1 99 39 290 290
0960_0059_0237_0220_0220.jpg 1 59 237 220 220
0961_0156_0078_0182_0182.jpg 1 156 78 182 182
0962_0065_0216_0164_0164.jpg 1 65 216 164 164
0963_0303_0172_0069_0069.jpg 1 303 172 69 69
0964_0104_0180_0165_0165.jpg 1 104 180 165 165
0965_0058_0250_0169_0169.jpg 1 58 250 169 169
0966_0158_0054_0315_0315.jpg 1 158 54 315 315
0967_0103_0189_0224_0224.jpg 1 103 189 224 224
0968_0241_0332_0105_0105.jpg 1 241 332 105 105
0969_0178_0106_0203_0203.jpg 1 178 106 203 203
0970_0176_0151_0089_0089.jpg 1 176 151 89 89
0971_0315_0390_0024_0024.jpg 1 315 390 24 24
0972_0250_0375_0038_0038.jpg 1 250 375 38 38
0973_0105_0037_0283_0283.jpg 1 105 37 283 283
0974_0230_0190_0215_0215.jpg 1 230 190 215 215
0975_0232_0161_0125_0125.jpg 1 232 161 125 125
0976_0169_0182_0133_0133.jpg 1 169 182 133 133
0977_0238_0195_0191_0191.jpg 1 238 195 191 191
0978_0043_0065_0345_0345.jpg 1 43 65 345 345
0979_0171_0170_0189_0189.jpg 1 171 170 189 189
0980_0166_0083_0146_0146.jpg 1 166 83 146 146
0981_0139_0218_0236_0236.jpg 1 139 218 236 236
0982_0142_0343_0107_0107.jpg 1 142 343 107 107
0983_0166_0052_0144_0144.jpg 1 166 52 144 144
0984_0092_0127_0260_0260.jpg 1 92 127 260 260
0985_0067_0379_0042_0042.jpg 1 67 379 42 42
0986_0321_0214_0050_0050.jpg 1 321 214 50 50
0987_0221_0223_0198_0198.jpg 1 221 223 198 198
0988_0141_0067_0311_0311.jpg 1 141 67 311 311
0989_0143_0209_0262_0262.jpg 1 143 209 262 262
0990_0162_0133_0223_0223.jpg 1 162 133 223 223
0991_0140_0082_0151_0151.jpg 1 140 82 151 151
0992_0216_0098_0174_0174.jpg 1 216 98 174 174
0993_0167_0064_0142_0142.jpg 1 167 64 142 142
0994_0104_0068_0327_0327.jpg 1 104 68 327 327
0995_0074_0119_0276_0276.jpg 1 74 119 276 276
0996_0121_0234_0192_0192.jpg 1 121 234 192 192
0997_0129_0112_0225_0225.jpg 1 129 112 225 225
0998_0117_0158_0291_0291.jpg 1 117 158 291 291
0999_0109_0201_0233_0233.jpg 1 109 201 233 233
1000_0102_0115_0275_0275.jpg 1 102 115 275 275
1001_0200_0236_0162_0162.jpg 1 200 236 162 162
1002_0127_0195_0189_0189.jpg 1 127 195 189 189
1003_0264_0052_0045_0045.jpg 1 264 52 45 45
1004_0178_0062_0192_0192.jpg 1 178 62 192 192
1005_0351_0241_0074_0074.jpg 1 351 241 74 74
1006_0136_0175_0067_0067.jpg 1 136 175 67 67
1007_0043_0164_0239_0239.jpg 1 43 164 239 239
1008_0172_0293_0149_0149.jpg 1 172 293 149 149
1009_0155_0168_0168_0168.jpg 1 155 168 168 168
1010_0078_0154_0064_0064.jpg 1 78 154 64 64
1011_0045_0077_0297_0297.jpg 1 45 77 297 297
1012_0039_0180_0206_0206.jpg 1 39 180 206 206
1013_0040_0091_0134_0134.jpg 1 40 91 134 134
1014_0124_0156_0289_0289.jpg 1 124 156 289 289
1015_0086_0164_0268_0268.jpg 1 86 164 268 268
1016_0149_0347_0053_0053.jpg 1 149 347 53 53
1017_0341_0237_0069_0069.jpg 1 341 237 69 69
1018_0037_0274_0194_0194.jpg 1 37 274 194 194
1019_0292_0053_0124_0124.jpg 1 292 53 124 124
1020_0136_0077_0318_0318.jpg 1 136 77 318 318
1021_0308_0341_0063_0063.jpg 1 308 341 63 63
1022_0130_0165_0274_0274.jpg 1 130 165 274 274
1023_0107_0091_0156_0156.jpg 1 107 91 156 156
1024_0383_0354_0064_0064.jpg 1 383 354 64 64
1025_0069_0129_0321_0321.jpg 1 69 129 321 321
1026_0156_0122_0325_0325.jpg 1 156 122 325 325
1027_0046_0195_0064_0064.jpg 1 46 195 64 64
1028_0306_0309_0123_0123.jpg 1 306 309 123 123
1029_0217_0171_0071_0071.jpg 1 217 171 71 71
1030_0245_0103_0160_0160.jpg 1 245 103 160 160
1031_0305_0312_0095_0095.jpg 1 305 312 95 95
1032_0217_0098_0131_0131.jpg 1 217 98 131 131
1033_0102_0188_0288_0288.jpg 1 102 188 288 288
1034_0193_0166_0263_0263.jpg 1 193 166 263 263
1035_0278_0312_0025_0025.jpg 1 278 312 25 25
1036_0243_0122_0131_0131.jpg 1 243 122 131 131
1037_0190_0160_0276_0276.jpg 1 190 160 276 276
1038_0059_0158_0062_0062.jpg 1 59 158 62 62
1039_0276_0204_0128_0128.jpg 1 276 204 128 128
1040_0261_0275_0144_0144.jpg 1 261 275 144 144
1041_0245_0040_0208_0208.jpg 1 245 40 208 208
1042_0116_0287_0146_0146.jpg 1 116 287 146 146
1043_0148_0078_0254_0254.jpg 1 148 78 254 254
1044_0233_0208_0083_0083.jpg 1 233 208 83 83
1045_0086_0150_0068_0068.jpg 1 86 150 68 68
1046_0091_0157_0291_0291.jpg 1 91 157 291 291
1047_0230_0077_0194_0194.jpg 1 230 77 194 194
1048_0085_0140_0313_0313.jpg 1 85 140 313 313
1049_0047_0110_0342_0342.jpg 1 47 110 342 342
1050_0082_0029_0250_0250.jpg 1 82 29 250 250
1051_0125_0306_0049_0049.jpg 1 125 306 49 49
1052_0284_0180_0043_0043.jpg 1 284 180 43 43
1053_0373_0060_0045_0045.jpg 1 373 60 45 45
1054_0200_0069_0197_0197.jpg 1 200 69 197 197
1055_0163_0185_0201_0201.jpg 1 163 185 201 201
1056_0158_0105_0311_0311.jpg 1 158 105 311 311
1057_0228_0218_0220_0220.jpg 1 228 218 220 220
1058_0118_0109_0298_0298.jpg 1 118 109 298 298
1059_0277_0279_0040_0040.jpg 1 277 279 40 40
1060_0222_0052_0152_0152.jpg 1 222 52 152 152
1061_0266_0267_0101_0101.jpg 1 266 267 101 101
1062_0038_0176_0268_0268.jpg 1 38 176 268 268
1063_0099_0058_0246_0246.jpg 1 99 58 246 246
1064_0113_0084_0285_0285.jpg 1 113 84 285 285
1065_0182_0118_0258_0258.jpg 1 182 118 258 258
1066_0197_0107_0270_0270.jpg 1 197 107 270 270
1067_0191_0333_0066_0066.jpg 1 191 333 66 66
1068_0297_0036_0138_0138.jpg 1 297 36 138 138
1069_0086_0081_0317_0317.jpg 1 86 81 317 317
1070_0179_0145_0170_0170.jpg 1 179 145 170 170
1071_0271_0150_0106_0106.jpg 1 271 150 106 106
1072_0130_0060_0108_0108.jpg 1 130 60 108 108
1073_0171_0144_0143_0143.jpg 1 171 144 143 143
1074_0278_0340_0106_0106.jpg 1 278 340 106 106
1075_0229_0049_0192_0192.jpg 1 229 49 192 192
1076_0378_0051_0079_0079.jpg 1 378 51 79 79
1077_0104_0197_0254_0254.jpg 1 104 197 254 254
1078_0358_0160_0080_0080.jpg 1 358 160 80 80
1079_0168_0028_0267_0267.jpg 1 168 28 267 267
1080_0253_0368_0024_0024.jpg 1 253 368 24 24
1081_0066_0078_0229_0229.jpg 1 66 78 229 229
1082_0171_0069_0275_0275.jpg 1 171 69 275 275
1083_0152_0222_0245_0245.jpg 1 152 222 245 245
1084_0359_0208_0036_0036.jpg 1 359 208 36 36
1085_0280_0218_0116_0116.jpg 1 280 218 116 116
1086_0127_0118_0348_0348.jpg 1 127 118 348 348
1087_0225_0150_0130_0130.jpg 1 225 150 130 130
1088_0279_0240_0159_0159.jpg 1 279 240 159 159
1089_0135_0225_0068_0068.jpg 1 135 225 68 68
1090_0171_0135_0299_0299.jpg 1 171 135 299 299
1091_0151_0159_0204_0204.jpg 1 151 159 204 204
1092_0308_0323_0040_0040.jpg 1 308 323 40 40
1093_0078_0206_0185_0185.jpg 1 78 206 185 185
1094_0316_0236_0141_0141.jpg 1 316 236 141 141
1095_0125_0154_0313_0313.jpg 1 125 154 313 313
1096_0093_0164_0316_0316.jpg 1 93 164 316 316
1097_0055_0059_0267_0267.jpg 1 55 59 267 267
1098_0130_0069_0297_0297.jpg 1 130 69 297 297
1099_0222_0108_0238_0238.jpg 1 222 108 238 238
1100_0050_0029_0290_0290.jpg 1 50 29 290 290
1101_0082_0156_0277_0277.jpg 1 82 156 277 277
1102_0140_0190_0227_0227.jpg 1 140 190 227 227
1103_0132_0035_0294_0294.jpg 1 132 35 294 294
1104_0024_0126_0349_0349.jpg 1 24 126 349 349
1105_0225_0057_0179_0179.jpg 1 225 57 179 179
1106_0048_0238_0077_0077.jpg 1 48 238 77 77
1107_0070_0333_0070_0070.jpg 1 70 333 70 70
1108_0332_0234_0081_0081.jpg 1 332 234 81 81
1109_0205_0141_0230_0230.jpg 1 205 141 230 230
1110_0068_0107_0144_0144.jpg 1 68 107 144 144
1111_0172_0325_0117_0117.jpg 1 172 325 117 117
1112_0065_0413_0032_0032.jpg 1 65 413 32 32
1113_0079_0095_0296_0296.jpg 1 79 95 296 296
1114_0297_0166_0032_0032.jpg 1 297 166 32 32
1115_0086_0192_0277_0277.jpg 1 86 192 277 277
1116_0177_0309_0144_0144.jpg 1 177 309 144 144
1117_0183_0090_0257_0257.jpg 1 183 90 257 257
1118_0342_0058_0111_0111.jpg 1 342 58 111 111
1119_0108_0114_0274_0274.jpg 1 108 114 274 274
1120_0208_0160_0044_0044.jpg 1 208 160 44 44
1121_0172_0046_0189_0189.jpg 1 172 46 189 189
1122_0081_0161_0310_0310.jpg 1 81 161 310 310
1123_0134_0084_0229_0229.jpg 1 134 84 229 229
1124_0052_0167_0046_0046.jpg 1 52 167 46 46
1125_0121_0251_0137_0137.jpg 1 121 251 137 137
1126_0134_0025_0270_0270.jpg 1 134 25 270 270
1127_0252_0203_0089_0089.jpg 1 252 203 89 89
1128_0048_0158_0261_0261.jpg 1 48 158 261 261
1129_0036_0028_0344_0344.jpg 1 36 28 344 344
1130_0098_0224_0157_0157.jpg 1 98 224 157 157
1131_0161_0100_0200_0200.jpg 1 161 100 200 200
1132_0186_0143_0274_0274.jpg 1 186 143 274 274
1133_0091_0149_0328_0328.jpg 1 91 149 328 328
1134_0070_0051_0149_0149.jpg 1 70 51 149 149
1135_0152_0130_0124_0124.jpg 1 152 130 124 124
1136_0073_0071_0247_0247.jpg 1 73 71 247 247
1137_0214_0103_0218_0218.jpg 1 214 103 218 218
1138_0145_0224_0187_0187.jpg 1 145 224 187 187
1139_0174_0186_0292_0292.jpg 1 174 186 292 292
1140_0247_0179_0091_0091.jpg 1 247 179 91 91
1141_0077_0046_0246_0246.jpg 1 77 46 246 246
1142_0353_0116_0058_0058.jpg 1 353 116 58 58
1143_0280_0114_0138_0138.jpg 1 280 114 138 138
1144_0164_0075_0217_0217.jpg 1 164 75 217 217
1145_0062_0111_0215_0215.jpg 1 62 111 215 215
1146_0182_0255_0195_0195.jpg 1 182 255 195 195
1147_0199_0073_0028_0028.jpg 1 199 73 28 28
1148_0153_0254_0190_0190.jpg 1 153 254 190 190
1149_0160_0252_0194_0194.jpg 1 160 252 194 194
1150_0076_0179_0298_0298.jpg 1 76 179 298 298
1151_0265_0089_0133_0133.jpg 1 265 89 133 133
1152_0187_0130_0278_0278.jpg 1 187 130 278 278
1153_0369_0360_0049_0049.jpg 1 369 360 49 49
1154_0111_0056_0224_0224.jpg 1 111 56 224 224
1155_0089_0215_0225_0225.jpg 1 89 215 225 225
1156_0330_0303_0093_0093.jpg 1 330 303 93 93
1157_0159_0069_0166_0166.jpg 1 159 69 166 166
1158_0163_0105_0120_0120.jpg 1 163 105 120 120
1159_0103_0129_0194_0194.jpg 1 103 129 194 194
1160_0248_0200_0130_0130.jpg 1 248 200 130 130
1161_0023_0048_0310_0310.jpg 1 23 48 310 310
1162_0155_0236_0040_0040.jpg 1 155 236 40 40
1163_0094_0145_0134_0134.jpg 1 94 145 134 134
1164_0094_0138_0334_0334.jpg 1 94 138 334 334
1165_0026_0153_0321_0321.jpg 1 26 153 321 321
1166_0124_0215_0155_0155.jpg 1 124 215 155 155
1167_0095_0164_0207_0207.jpg 1 95 164 207 207
1168_0177_0230_0120_0120.jpg 1 177 230 120 120
1169_0356_0354_0046_0046.jpg 1 356 354 46 46
1170_0170_0271_0190_0190.jpg 1 170 271 190 190
1171_0263_0232_0170_0170.jpg 1 263 232 170 170
1172_0192_0332_0025_0025.jpg 1 192 332 25 25
1173_0207_0161_0233_0233.jpg 1 207 161 233 233
1174_0096_0219_0161_0161.jpg 1 96 219 161 161
1175_0200_0226_0089_0089.jpg 1 200 226 89 89
1176_0187_0123_0046_0046.jpg 1 187 123 46 46
1177_0050_0062_0339_0339.jpg 1 50 62 339 339
1178_0031_0162_0267_0267.jpg 1 31 162 267 267
1179_0185_0284_0138_0138.jpg 1 185 284 138 138
1180_0210_0250_0108_0108.jpg 1 210 250 108 108
1181_0087_0094_0083_0083.jpg 1 87 94 83 83
1182_0067_0060_0179_0179.jpg 1 67 60 179 179
1183_0163_0061_0122_0122.jpg 1 163 61 122 122
1184_0136_0167_0272_0272.jpg 1 136 167 272 272
1185_0193_0076_0164_0164.jpg 1 193 76 164 164
1186_0188_0261_0121_0121.jpg 1 188 261 121 121
1187_0300_0063_0030_0030.jpg 1 300 63 30 30
1188_0182_0170_0100_0100.jpg 1 182 170 100 100
1189_0200_0167_0168_0168.jpg 1 200 167 168 168
1190_0113_0098_0169_0169.jpg 1 113 98 169 169
1191_0208_0117_0251_0251.jpg 1 208 117 251 251
1192_0289_0362_0071_0071.jpg 1 289 362 71 71
1193_0079_0290_0090_0090.jpg 1 79 290 90 90
1194_0021_0105_0309_0309.jpg 1 21 105 309 309
1195_0095_0139_0301_0301.jpg 1 95 139 301 301
1196_0099_0134_0297_0297.jpg 1 99 134 297 297
1197_0216_0138_0259_0259.jpg 1 216 138 259 259
1198_0029_0151_0295_0295.jpg 1 29 151 295 295
1199_0103_0250_0143_0143.jpg 1 103 250 143 143
1200_0095_0165_0251_0251.jpg 1 95 165 251 251
1201_0067_0068_0222_0222.jpg 1 67 68 222 222
1202_0257_0304_0074_0074.jpg 1 257 304 74 74
1203_0131_0377_0079_0079.jpg 1 131 377 79 79
1204_0263_0242_0145_0145.jpg 1 263 242 145 145
1205_0158_0065_0200_0200.jpg 1 158 65 200 200
1206_0136_0187_0251_0251.jpg 1 136 187 251 251
1207_0237_0251_0042_0042.jpg 1 237 251 42 42
1208_0211_0210_0222_0222.jpg 1 211 210 222 222
1209_0057_0257_0084_0084.jpg 1 57 257 84 84
1210_0312_0262_0090_0090.jpg 1 312 262 90 90
1211_0391_0414_0038_0038.jpg 1 391 414 38 38
1212_0138_0108_0248_0248.jpg 1 138 108 248 248
1213_0066_0133_0330_0330.jpg 1 66 133 330 330
1214_0271_0092_0149_0149.jpg 1 271 92 149 149
1215_0106_0018_0349_0349.jpg 1 106 18 349 349
1216_0046_0263_0200_0200.jpg 1 46 263 200 200
1217_0086_0071_0221_0221.jpg 1 86 71 221 221
1218_0296_0070_0096_0096.jpg 1 296 70 96 96
1219_0047_0148_0149_0149.jpg 1 47 148 149 149
1220_0087_0272_0175_0175.jpg 1 87 272 175 175
1221_0049_0091_0143_0143.jpg 1 49 91 143 143
1222_0076_0055_0339_0339.jpg 1 76 55 339 339
1223_0058_0242_0165_0165.jpg 1 58 242 165 165
1224_0112_0094_0336_0336.jpg 1 112 94 336 336
1225_0203_0060_0196_0196.jpg 1 203 60 196 196
1226_0187_0195_0151_0151.jpg 1 187 195 151 151
1227_0071_0034_0349_0349.jpg 1 71 34 349 349
1228_0361_0070_0067_0067.jpg 1 361 70 67 67
1229_0361_0296_0051_0051.jpg 1 361 296 51 51
1230_0306_0363_0049_0049.jpg 1 306 363 49 49
1231_0173_0137_0299_0299.jpg 1 173 137 299 299
1232_0101_0171_0300_0300.jpg 1 101 171 300 300
1233_0114_0261_0087_0087.jpg 1 114 261 87 87
1234_0064_0088_0136_0136.jpg 1 64 88 136 136
1235_0222_0136_0045_0045.jpg 1 222 136 45 45
1236_0304_0219_0128_0128.jpg 1 304 219 128 128
1237_0096_0087_0283_0283.jpg 1 96 87 283 283
1238_0144_0127_0208_0208.jpg 1 144 127 208 208
1239_0299_0214_0117_0117.jpg 1 299 214 117 117
1240_0197_0107_0262_0262.jpg 1 197 107 262 262
1241_0224_0167_0178_0178.jpg 1 224 167 178 178
1242_0062_0227_0157_0157.jpg 1 62 227 157 157
1243_0139_0230_0151_0151.jpg 1 139 230 151 151
1244_0237_0276_0173_0173.jpg 1 237 276 173 173
1245_0185_0219_0058_0058.jpg 1 185 219 58 58
1246_0149_0233_0079_0079.jpg 1 149 233 79 79
1247_0316_0104_0065_0065.jpg 1 316 104 65 65
1248_0111_0191_0121_0121.jpg 1 111 191 121 121
1249_0203_0264_0161_0161.jpg 1 203 264 161 161
1250_0054_0080_0293_0293.jpg 1 54 80 293 293
1251_0202_0207_0131_0131.jpg 1 202 207 131 131
1252_0170_0186_0128_0128.jpg 1 170 186 128 128
1253_0185_0041_0288_0288.jpg 1 185 41 288 288
1254_0146_0047_0235_0235.jpg 1 146 47 235 235
1255_0270_0083_0196_0196.jpg 1 270 83 196 196
1256_0309_0057_0065_0065.jpg 1 309 57 65 65
1257_0238_0041_0202_0202.jpg 1 238 41 202 202
1258_0193_0051_0204_0204.jpg 1 193 51 204 204
1259_0118_0069_0252_0252.jpg 1 118 69 252 252
1260_0103_0097_0278_0278.jpg 1 103 97 278 278
1261_0080_0150_0086_0086.jpg 1 80 150 86 86
1262_0124_0179_0277_0277.jpg 1 124 179 277 277
1263_0120_0136_0346_0346.jpg 1 120 136 346 346
1264_0177_0150_0244_0244.jpg 1 177 150 244 244
1265_0147_0254_0209_0209.jpg 1 147 254 209 209
1266_0056_0191_0286_0286.jpg 1 56 191 286 286
1267_0265_0049_0172_0172.jpg 1 265 49 172 172
1268_0222_0097_0212_0212.jpg 1 222 97 212 212
1269_0338_0095_0076_0076.jpg 1 338 95 76 76
1270_0038_0126_0132_0132.jpg 1 38 126 132 132
1271_0184_0111_0250_0250.jpg 1 184 111 250 250
1272_0113_0029_0217_0217.jpg 1 113 29 217 217
1273_0127_0148_0281_0281.jpg 1 127 148 281 281
1274_0248_0125_0178_0178.jpg 1 248 125 178 178
1275_0385_0351_0030_0030.jpg 1 385 351 30 30
1276_0057_0097_0341_0341.jpg 1 57 97 341 341
1277_0059_0020_0306_0306.jpg 1 59 20 306 306
1278_0339_0084_0078_0078.jpg 1 339 84 78 78
1279_0108_0062_0071_0071.jpg 1 108 62 71 71
1280_0148_0233_0207_0207.jpg 1 148 233 207 207
1281_0168_0201_0261_0261.jpg 1 168 201 261 261
1282_0109_0108_0189_0189.jpg 1 109 108 189 189
1283_0032_0039_0227_0227.jpg 1 32 39 227 227
1284_0188_0077_0111_0111.jpg 1 188 77 111 111
1285_0091_0106_0338_0338.jpg 1 91 106 338 338
1286_0051_0115_0336_0336.jpg 1 51 115 336 336
1287_0041_0116_0282_0282.jpg 1 41 116 282 282
1288_0143_0119_0328_0328.jpg 1 143 119 328 328
1289_0303_0290_0028_0028.jpg 1 303 290 28 28
1290_0169_0093_0162_0162.jpg 1 169 93 162 162
1291_0162_0145_0263_0263.jpg 1 162 145 263 263
1292_0111_0237_0227_0227.jpg 1 111 237 227 227
1293_0124_0334_0052_0052.jpg 1 124 334 52 52
1294_0303_0115_0113_0113.jpg 1 303 115 113 113
1295_0054_0045_0186_0186.jpg 1 54 45 186 186
1296_0069_0117_0122_0122.jpg 1 69 117 122 122
1297_0145_0031_0269_0269.jpg 1 145 31 269 269
1298_0325_0045_0102_0102.jpg 1 325 45 102 102
1299_0290_0281_0077_0077.jpg 1 290 281 77 77
1300_0263_0264_0204_0204.jpg 1 263 264 204 204
1301_0076_0320_0134_0134.jpg 1 76 320 134 134
1302_0198_0155_0079_0079.jpg 1 198 155 79 79
1303_0113_0083_0311_0311.jpg 1 113 83 311 311
1304_0237_0041_0138_0138.jpg 1 237 41 138 138
1305_0210_0213_0201_0201.jpg 1 210 213 201 201
1306_0063_0060_0052_0052.jpg 1 63 60 52 52
1307_0212_0157_0160_0160.jpg 1 212 157 160 160
1308_0097_0275_0142_0142.jpg 1 97 275 142 142
1309_0118_0176_0293_0293.jpg 1 118 176 293 293
1310_0059_0193_0243_0243.jpg 1 59 193 243 243
1311_0264_0318_0124_0124.jpg 1 264 318 124 124
1312_0279_0178_0171_0171.jpg 1 279 178 171 171
1313_0039_0168_0198_0198.jpg 1 39 168 198 198
1314_0166_0360_0057_0057.jpg 1 166 360 57 57
1315_0091_0157_0171_0171.jpg 1 91 157 171 171
1316_0096_0161_0301_0301.jpg 1 96 161 301 301
1317_0052_0110_0119_0119.jpg 1 52 110 119 119
1318_0254_0266_0199_0199.jpg 1 254 266 199 199
1319_0185_0109_0164_0164.jpg 1 185 109 164 164
1320_0194_0249_0182_0182.jpg 1 194 249 182 182
1321_0394_0396_0055_0055.jpg 1 394 396 55 55
1322_0134_0103_0344_0344.jpg 1 134 103 344 344
1323_0029_0102_0268_0268.jpg 1 29 102 268 268
1324_0152_0178_0163_0163.jpg 1 152 178 163 163
1325_0304_0124_0158_0158.jpg 1 304 124 158 158
1326_0178_0147_0140_0140.jpg 1 178 147 140 140
1327_0039_0063_0187_0187.jpg 1 39 63 187 187
1328_0041_0124_0281_0281.jpg 1 41 124 281 281
1329_0114_0215_0234_0234.jpg 1 114 215 234 234
1330_0234_0233_0164_0164.jpg 1 234 233 164 164
1331_0121_0149_0147_0147.jpg 1 121 149 147 147
1332_0149_0066_0077_0077.jpg 1 149 66 77 77
1333_0128_0347_0101_0101.jpg 1 128 347 101 101
1334_0141_0092_0278_0278.jpg 1 141 92 278 278
1335_0040_0031_0284_0284.jpg 1 40 31 284 284
1336_0118_0235_0209_0209.jpg 1 118 235 209 209
1337_0112_0211_0132_0132.jpg 1 112 211 132 132
1338_0059_0050_0341_0341.jpg 1 59 50 341 341
1339_0039_0065_0261_0261.jpg 1 39 65 261 261
1340_0178_0078_0213_0213.jpg 1 178 78 213 213
1341_0073_0148_0167_0167.jpg 1 73 148 167 167
1342_0080_0170_0281_0281.jpg 1 80 170 281 281
1343_0221_0134_0137_0137.jpg 1 221 134 137 137
1344_0090_0164_0261_0261.jpg 1 90 164 261 261
1345_0066_0154_0150_0150.jpg 1 66 154 150 150
1346_0188_0325_0090_0090.jpg 1 188 325 90 90
1347_0029_0117_0343_0343.jpg 1 29 117 343 343
1348_0049_0298_0157_0157.jpg 1 49 298 157 157
1349_0042_0256_0182_0182.jpg 1 42 256 182 182
1350_0246_0120_0026_0026.jpg 1 246 120 26 26
1351_0231_0042_0196_0196.jpg 1 231 42 196 196
1352_0057_0058_0227_0227.jpg 1 57 58 227 227
1353_0169_0165_0035_0035.jpg 1 169 165 35 35
1354_0279_0257_0185_0185.jpg 1 279 257 185 185
1355_0031_0090_0297_0297.jpg 1 31 90 297 297
1356_0170_0101_0259_0259.jpg 1 170 101 259 259
1357_0096_0229_0202_0202.jpg 1 96 229 202 202
1358_0213_0165_0210_0210.jpg 1 213 165 210 210
1359_0111_0231_0134_0134.jpg 1 111 231 134 134
1360_0241_0265_0109_0109.jpg 1 241 265 109 109
1361_0095_0171_0289_0289.jpg 1 95 171 289 289
1362_0039_0050_0254_0254.jpg 1 39 50 254 254
1363_0053_0086_0265_0265.jpg 1 53 86 265 265
1364_0349_0093_0083_0083.jpg 1 349 93 83 83
1365_0168_0118_0114_0114.jpg 1 168 118 114 114
1366_0140_0156_0142_0142.jpg 1 140 156 142 142
1367_0259_0268_0146_0146.jpg 1 259 268 146 146
1368_0131_0125_0286_0286.jpg 1 131 125 286 286
1369_0054_0090_0209_0209.jpg 1 54 90 209 209
1370_0151_0318_0115_0115.jpg 1 151 318 115 115
1371_0397_0249_0030_0030.jpg 1 397 249 30 30
1372_0166_0195_0053_0053.jpg 1 166 195 53 53
1373_0081_0076_0111_0111.jpg 1 81 76 111 111
1374_0236_0088_0162_0162.jpg 1 236 88 162 162
1375_0159_0053_0145_0145.jpg 1 159 53 145 145
1376_0115_0120_0124_0124.jpg 1 115 120 124 124
1377_0159_0182_0110_0110.jpg 1 159 182 110 110
1378_0286_0064_0135_0135.jpg 1 286 64 135 135
1379_0333_0078_0112_0112.jpg 1 333 78 112 112
1380_0198_0139_0239_0239.jpg 1 198 139 239 239
1381_0161_0131_0083_0083.jpg 1 161 131 83 83
1382_0258_0108_0129_0129.jpg 1 258 108 129 129
1383_0131_0182_0296_0296.jpg 1 131 182 296 296
1384_0050_0078_0117_0117.jpg 1 50 78 117 117
1385_0064_0279_0127_0127.jpg 1 64 279 127 127
1386_0239_0110_0158_0158.jpg 1 239 110 158 158
1387_0151_0169_0221_0221.jpg 1 151 169 221 221
1388_0034_0198_0249_0249.jpg 1 34 198 249 249
1389_0200_0228_0241_0241.jpg 1 200 228 241 241
1390_0138_0022_0333_0333.jpg 1 138 22 333 333
1391_0068_0181_0036_0036.jpg 1 68 181 36 36
1392_0206_0129_0263_0263.jpg 1 206 129 263 263
1393_0052_0102_0135_0135.jpg 1 52 102 135 135
1394_0132_0238_0050_0050.jpg 1 132 238 50 50
1395_0175_0090_0030_0030.jpg 1 175 90 30 30
1396_0184_0302_0081_0081.jpg 1 184 302 81 81
1397_0076_0223_0246_0246.jpg 1 76 223 246 246
1398_0070_0110_0306_0306.jpg 1 70 110 306 306
1399_0086_0030_0334_0334.jpg 1 86 30 334 334
1400_0184_0147_0215_0215.jpg 1 184 147 215 215
1401_0224_0180_0231_0231.jpg 1 224 180 231 231
1402_0113_0052_0304_0304.jpg 1 113 52 304 304
1403_0046_0115_0250_0250.jpg 1 46 115 250 250
1404_0162_0074_0298_0298.jpg 1 162 74 298 298
1405_0152_0108_0312_0312.jpg 1 152 108 312 312
1406_0318_0372_0051_0051.jpg 1 318 372 51 51
1407_0090_0048_0158_0158.jpg 1 90 48 158 158
1408_0022_0044_0322_0322.jpg 1 22 44 322 322
1409_0147_0106_0322_0322.jpg 1 147 106 322 322
1410_0053_0149_0287_0287.jpg 1 53 149 287 287
1411_0080_0294_0070_0070.jpg 1 80 294 70 70
1412_0208_0179_0189_0189.jpg 1 208 179 189 189
1413_0101_0028_0328_0328.jpg 1 101 28 328 328
1414_0092_0039_0335_0335.jpg 1 92 39 335 335
1415_0106_0122_0335_0335.jpg 1 106 122 335 335
1416_0040_0244_0102_0102.jpg 1 40 244 102 102
1417_0260_0192_0109_0109.jpg 1 260 192 109 109
1418_0083_0072_0275_0275.jpg 1 83 72 275 275
1419_0045_0131_0277_0277.jpg 1 45 131 277 277
1420_0110_0274_0145_0145.jpg 1 110 274 145 145
1421_0141_0147_0289_0289.jpg 1 141 147 289 289
1422_0185_0233_0149_0149.jpg 1 185 233 149 149
1423_0085_0269_0199_0199.jpg 1 85 269 199 199
1424_0028_0211_0260_0260.jpg 1 28 211 260 260
1425_0294_0280_0112_0112.jpg 1 294 280 112 112
1426_0077_0065_0342_0342.jpg 1 77 65 342 342
1427_0052_0246_0204_0204.jpg 1 52 246 204 204
1428_0140_0040_0171_0171.jpg 1 140 40 171 171
1429_0153_0215_0056_0056.jpg 1 153 215 56 56
1430_0145_0121_0330_0330.jpg 1 145 121 330 330
1431_0044_0062_0290_0290.jpg 1 44 62 290 290
1432_0124_0070_0307_0307.jpg 1 124 70 307 307
1433_0172_0068_0218_0218.jpg 1 172 68 218 218
1434_0418_0360_0034_0034.jpg 1 418 360 34 34
1435_0216_0188_0106_0106.jpg 1 216 188 106 106
1436_0057_0093_0137_0137.jpg 1 57 93 137 137
1437_0053_0042_0262_0262.jpg 1 53 42 262 262
1438_0265_0358_0076_0076.jpg 1 265 358 76 76
1439_0232_0152_0208_0208.jpg 1 232 152 208 208
1440_0067_0147_0328_0328.jpg 1 67 147 328 328
1441_0104_0331_0130_0130.jpg 1 104 331 130 130
1442_0144_0167_0290_0290.jpg 1 144 167 290 290
1443_0095_0100_0102_0102.jpg 1 95 100 102 102
1444_0100_0073_0159_0159.jpg 1 100 73 159 159
1445_0290_0175_0133_0133.jpg 1 290 175 133 133
1446_0336_0359_0077_0077.jpg 1 336 359 77 77
1447_0226_0083_0246_0246.jpg 1 226 83 246 246
1448_0029_0120_0259_0259.jpg 1 29 120 259 259
1449_0127_0212_0196_0196.jpg 1 127 212 196 196
1450_0127_0075_0142_0142.jpg 1 127 75 142 142
1451_0140_0169_0278_0278.jpg 1 140 169 278 278
1452_0140_0022_0310_0310.jpg 1 140 22 310 310
1453_0096_0241_0097_0097.jpg 1 96 241 97 97
1454_0220_0238_0030_0030.jpg 1 220 238 30 30
1455_0231_0310_0096_0096.jpg 1 231 310 96 96
1456_0400_0245_0050_0050.jpg 1 400 245 50 50
1457_0068_0063_0068_0068.jpg 1 68 63 68 68
1458_0206_0115_0241_0241.jpg 1 206 115 241 241
1459_0083_0113_0333_0333.jpg 1 83 113 333 333
1460_0030_0123_0341_0341.jpg 1 30 123 341 341
1461_0167_0101_0277_0277.jpg 1 167 101 277 277
1462_0200_0136_0040_0040.jpg 1 200 136 40 40
1463_0111_0127_0313_0313.jpg 1 111 127 313 313
1464_0035_0055_0308_0308.jpg 1 35 55 308 308
1465_0110_0339_0068_0068.jpg 1 110 339 68 68
1466_0227_0232_0107_0107.jpg 1 227 232 107 107
1467_0058_0037_0150_0150.jpg 1 58 37 150 150
1468_0216_0164_0226_0226.jpg 1 216 164 226 226
1469_0058_0087_0317_0317.jpg 1 58 87 317 317
1470_0162_0350_0038_0038.jpg 1 162 350 38 38
1471_0106_0034_0257_0257.jpg 1 106 34 257 257
1472_0177_0233_0166_0166.jpg 1 177 233 166 166
1473_0187_0136_0291_0291.jpg 1 187 136 291 291
1474_0019_0085_0339_0339.jpg 1 19 85 339 339
1475_0309_0160_0136_0136.jpg 1 309 160 136 136
1476_0131_0119_0172_0172.jpg 1 131 119 172 172
1477_0204_0168_0254_0254.jpg 1 204 168 254 254
1478_0312_0264_0085_0085.jpg 1 312 264 85 85
1479_0162_0163_0309_0309.jpg 1 162 163 309 309
1480_0252_0201_0187_0187.jpg 1 252 201 187 187
1481_0121_0089_0291_0291.jpg 1 121 89 291 291
1482_0183_0042_0083_0083.jpg 1 183 42 83 83
1483_0370_0293_0081_0081.jpg 1 370 293 81 81
1484_0038_0232_0172_0172.jpg 1 38 232 172 172
1485_0252_0127_0154_0154.jpg 1 252 127 154 154
1486_0085_0051_0253_0253.jpg 1 85 51 253 253
1487_0080_0334_0041_0041.jpg 1 80 334 41 41
1488_0258_0223_0029_0029.jpg 1 258 223 29 29
1489_0015_0051_0345_0345.jpg 1 15 51 345 345
1490_0147_0047_0141_0141.jpg 1 147 47 141 141
1491_0352_0272_0105_0105.jpg 1 352 272 105 105
1492_0276_0258_0166_0166.jpg 1 276 258 166 166
1493_0145_0050_0123_0123.jpg 1 145 50 123 123
1494_0116_0132_0281_0281.jpg 1 116 132 281 281
1495_0051_0083_0348_0348.jpg 1 51 83 348 348
1496_0287_0258_0108_0108.jpg 1 287 258 108 108
1497_0077_0122_0291_0291.jpg 1 77 122 291 291
1498_0128_0128_0326_0326.jpg 1 128 128 326 326
1499_0371_0229_0085_0085.jpg 1 371 229 85 85
1500_0115_0199_0270_0270.jpg 1 115 199 270 270
1501_0146_0121_0225_0225.jpg 1 146 121 225 225
1502_0154_0063_0267_0267.jpg 1 154 63 267 267
1503_0034_0198_0165_0165.jpg 1 34 198 165 165
1504_0133_0039_0157_0157.jpg 1 133 39 157 157
1505_0197_0259_0207_0207.jpg 1 197 259 207 207
1506_0022_0128_0349_0349.jpg 1 22 128 349 349
1507_0258_0260_0158_0158.jpg 1 258 260 158 158
1508_0123_0256_0161_0161.jpg 1 123 256 161 161
1509_0127_0354_0024_0024.jpg 1 127 354 24 24
1510_0223_0123_0176_0176.jpg 1 223 123 176 176
1511_0329_0086_0132_0132.jpg 1 329 86 132 132
1512_0165_0158_0162_0162.jpg 1 165 158 162 162
1513_0082_0203_0129_0129.jpg 1 82 203 129 129
1514_0294_0213_0157_0157.jpg 1 294 213 157 157
1515_0097_0352_0065_0065.jpg 1 97 352 65 65
1516_0152_0108_0075_0075.jpg 1 152 108 75 75
1517_0086_0050_0345_0345.jpg 1 86 50 345 345
1518_0184_0221_0076_0076.jpg 1 184 221 76 76
1519_0389_0343_0055_0055.jpg 1 389 343 55 55
1520_0251_0283_0182_0182.jpg 1 251 283 182 182
1521_0296_0240_0149_0149.jpg 1 296 240 149 149
1522_0118_0085_0232_0232.jpg 1 118 85 232 232
1523_0163_0184_0110_0110.jpg 1 163 184 110 110
1524_0149_0278_0102_0102.jpg 1 149 278 102 102
1525_0070_0297_0057_0057.jpg 1 70 297 57 57
1526_0135_0116_0208_0208.jpg 1 135 116 208 208
1527_0092_0141_0251_0251.jpg 1 92 141 251 251
1528_0129_0069_0207_0207.jpg 1 129 69 207 207
1529_0023_0142_0329_0329.jpg 1 23 142 329 329
1530_0272_0117_0130_0130.jpg 1 272 117 130 130
1531_0417_0238_0035_0035.jpg 1 417 238 35 35
1532_0038_0126_0168_0168.jpg 1 38 126 168 168
1533_0126_0101_0230_0230.jpg 1 126 101 230 230
1534_0330_0323_0067_0067.jpg 1 330 323 67 67
1535_0298_0173_0149_0149.jpg 1 298 173 149 149
1536_0140_0087_0160_0160.jpg 1 140 87 160 160
1537_0140_0130_0279_0279.jpg 1 140 130 279 279
1538_0190_0112_0224_0224.jpg 1 190 112 224 224
1539_0156_0082_0026_0026.jpg 1 156 82 26 26
1540_0120_0113_0280_0280.jpg 1 120 113 280 280
1541_0078_0227_0070_0070.jpg 1 78 227 70 70
1542_0065_0053_0332_0332.jpg 1 65 53 332 332
1543_0304_0177_0142_0142.jpg 1 304 177 142 142
1544_0221_0167_0188_0188.jpg 1 221 167 188 188
1545_0127_0163_0027_0027.jpg 1 127 163 27 27
1546_0389_0065_0065_0065.jpg 1 389 65 65 65
1547_0271_0121_0170_0170.jpg 1 271 121 170 170
1548_0143_0026_0333_0333.jpg 1 143 26 333 333
1549_0267_0182_0135_0135.jpg 1 267 182 135 135
1550_0163_0048_0318_0318.jpg 1 163 48 318 318
1551_0026_0064_0246_0246.jpg 1 26 64 246 246
1552_0191_0215_0066_0066.jpg 1 191 215 66 66
1553_0145_0202_0112_0112.jpg 1 145 202 112 112
1554_0042_0075_0329_0329.jpg 1 42 75 329 329
1555_0230_0053_0119_0119.jpg 1 230 53 119 119
1556_0265_0127_0048_0048.jpg 1 265 127 48 48
1557_0143_0038_0324_0324.jpg 1 143 38 324 324
1558_0037_0025_0271_0271.jpg 1 37 25 271 271
1559_0097_0098_0328_0328.jpg 1 97 98 328 328
1560_0152_0076_0201_0201.jpg 1 152 76 201 201
1561_0230_0103_0200_0200.jpg 1 230 103 200 200
1562_0323_0148_0047_0047.jpg 1 323 148 47 47
1563_0148_0334_0061_0061.jpg 1 148 334 61 61
1564_0160_0345_0113_0113.jpg 1 160 345 113 113
1565_0256_0196_0189_0189.jpg 1 256 196 189 189
1566_0057_0074_0295_0295.jpg 1 57 74 295 295
1567_0049_0077_0327_0327.jpg 1 49 77 327 327
1568_0243_0108_0116_0116.jpg 1 243 108 116 116
1569_0249_0091_0057_0057.jpg 1 249 91 57 57
1570_0250_0220_0160_0160.jpg 1 250 220 160 160
1571_0194_0041_0221_0221.jpg 1 194 41 221 221
1572_0262_0127_0098_0098.jpg 1 262 127 98 98
1573_0084_0086_0204_0204.jpg 1 84 86 204 204
1574_0057_0105_0309_0309.jpg 1 57 105 309 309
1575_0096_0027_0318_0318.jpg 1 96 27 318 318
1576_0068_0122_0245_0245.jpg 1 68 122 245 245
1577_0095_0093_0274_0274.jpg 1 95 93 274 274
1578_0122_0149_0194_0194.jpg 1 122 149 194 194
1579_0103_0344_0049_0049.jpg 1 103 344 49 49
1580_0080_0071_0283_0283.jpg 1 80 71 283 283
1581_0033_0057_0317_0317.jpg 1 33 57 317 317
1582_0229_0294_0054_0054.jpg 1 229 294 54 54
1583_0145_0372_0043_0043.jpg 1 145 372 43 43
1584_0040_0150_0153_0153.jpg 1 40 150 153 153
1585_0166_0034_0272_0272.jpg 1 166 34 272 272
1586_0242_0185_0195_0195.jpg 1 242 185 195 195
1587_0089_0243_0099_0099.jpg 1 89 243 99 99
1588_0092_0348_0062_0062.jpg 1 92 348 62 62
1589_0097_0158_0309_0309.jpg 1 97 158 309 309
1590_0044_0039_0188_0188.jpg 1 44 39 188 188
1591_0189_0263_0080_0080.jpg 1 189 263 80 80
1592_0196_0250_0185_0185.jpg 1 196 250 185 185
1593_0195_0265_0091_0091.jpg 1 195 265 91 91
1594_0119_0210_0240_0240.jpg 1 119 210 240 240
1595_0059_0336_0065_0065.jpg 1 59 336 65 65
1596_0216_0153_0187_0187.jpg 1 216 153 187 187
1597_0214_0046_0252_0252.jpg 1 214 46 252 252
1598_0088_0212_0139_0139.jpg 1 88 212 139 139
1599_0086_0267_0201_0201.jpg 1 86 267 201 201
1600_0087_0213_0210_0210.jpg 1 87 213 210 210
1601_0315_0345_0102_0102.jpg 1 315 345 102 102
1602_0132_0119_0338_0338.jpg 1 132 119 338 338
1603_0137_0083_0305_0305.jpg 1 137 83 305 305
1604_0171_0104_0116_0116.jpg 1 171 104 116 116
1605_0342_0162_0063_0063.jpg 1 342 162 63 63
1606_0199_0062_0234_0234.jpg 1 199 62 234 234
1607_0107_0120_0311_0311.jpg 1 107 120 311 311
1608_0154_0033_0310_0310.jpg 1 154 33 310 310
1609_0125_0137_0086_0086.jpg 1 125 137 86 86
1610_0132_0043_0330_0330.jpg 1 132 43 330 330
1611_0147_0281_0077_0077.jpg 1 147 281 77 77
1612_0147_0187_0275_0275.jpg 1 147 187 275 275
1613_0129_0114_0272_0272.jpg 1 129 114 272 272
1614_0229_0202_0191_0191.jpg 1 229 202 191 191
1615_0129_0251_0195_0195.jpg 1 129 251 195 195
1616_0169_0247_0055_0055.jpg 1 169 247 55 55
1617_0247_0079_0097_0097.jpg 1 247 79 97 97
1618_0295_0187_0063_0063.jpg 1 295 187 63 63
1619_0129_0033_0204_0204.jpg 1 129 33 204 204
1620_0143_0127_0192_0192.jpg 1 143 127 192 192
1621_0114_0065_0316_0316.jpg 1 114 65 316 316
1622_0205_0046_0169_0169.jpg 1 205 46 169 169
1623_0065_0121_0172_0172.jpg 1 65 121 172 172
1624_0251_0039_0197_0197.jpg 1 251 39 197 197
1625_0189_0177_0253_0253.jpg 1 189 177 253 253
1626_0057_0114_0317_0317.jpg 1 57 114 317 317
1627_0051_0124_0308_0308.jpg 1 51 124 308 308
1628_0023_0045_0334_0334.jpg 1 23 45 334 334
1629_0040_0268_0120_0120.jpg 1 40 268 120 120
1630_0033_0247_0213_0213.jpg 1 33 247 213 213
1631_0147_0069_0334_0334.jpg 1 147 69 334 334
1632_0064_0272_0102_0102.jpg 1 64 272 102 102
1633_0311_0279_0143_0143.jpg 1 311 279 143 143
1634_0283_0290_0172_0172.jpg 1 283 290 172 172
1635_0300_0259_0160_0160.jpg 1 300 259 160 160
1636_0219_0196_0243_0243.jpg 1 219 196 243 243
1637_0059_0056_0272_0272.jpg 1 59 56 272 272
1638_0191_0039_0277_0277.jpg 1 191 39 277 277
1639_0092_0114_0312_0312.jpg 1 92 114 312 312
1640_0239_0167_0083_0083.jpg 1 239 167 83 83
1641_0051_0122_0215_0215.jpg 1 51 122 215 215
1642_0077_0111_0333_0333.jpg 1 77 111 333 333
1643_0205_0059_0209_0209.jpg 1 205 59 209 209
1644_0046_0084_0173_0173.jpg 1 46 84 173 173
1645_0096_0178_0046_0046.jpg 1 96 178 46 46
1646_0058_0205_0181_0181.jpg 1 58 205 181 181
1647_0128_0134_0270_0270.jpg 1 128 134 270 270
1648_0272_0130_0159_0159.jpg 1 272 130 159 159
1649_0317_0256_0092_0092.jpg 1 317 256 92 92
1650_0352_0138_0070_0070.jpg 1 352 138 70 70
1651_0079_0227_0227_0227.jpg 1 79 227 227 227
1652_0357_0250_0056_0056.jpg 1 357 250 56 56
1653_0271_0085_0067_0067.jpg 1 271 85 67 67
1654_0198_0073_0235_0235.jpg 1 198 73 235 235
1655_0093_0277_0180_0180.jpg 1 93 277 180 180
1656_0364_0044_0062_0062.jpg 1 364 44 62 62
1657_0206_0075_0203_0203.jpg 1 206 75 203 203
1658_0110_0055_0171_0171.jpg 1 110 55 171 171
1659_0025_0020_0328_0328.jpg 1 25 20 328 328
1660_0063_0092_0029_0029.jpg 1 63 92 29 29
1661_0050_0060_0236_0236.jpg 1 50 60 236 236
1662_0173_0232_0210_0210.jpg 1 173 232 210 210
1663_0116_0204_0106_0106.jpg 1 116 204 106 106
1664_0057_0085_0093_0093.jpg 1 57 85 93 93
1665_0225_0300_0083_0083.jpg 1 225 300 83 83
1666_0050_0277_0174_0174.jpg 1 50 277 174 174
1667_0300_0151_0041_0041.jpg 1 300 151 41 41
1668_0131_0153_0327_0327.jpg 1 131 153 327 327
1669_0278_0060_0141_0141.jpg 1 278 60 141 141
1670_0059_0158_0088_0088.jpg 1 59 158 88 88
1671_0162_0033_0235_0235.jpg 1 162 33 235 235
1672_0074_0237_0223_0223.jpg 1 74 237 223 223
1673_0116_0263_0053_0053.jpg 1 116 263 53 53
1674_0264_0189_0030_0030.jpg 1 264 189 30 30
1675_0346_0293_0032_0032.jpg 1 346 293 32 32
1676_0072_0082_0268_0268.jpg 1 72 82 268 268
1677_0115_0141_0199_0199.jpg 1 115 141 199 199
1678_0084_0208_0144_0144.jpg 1 84 208 144 144
1679_0056_0241_0122_0122.jpg 1 56 241 122 122
1680_0152_0180_0249_0249.jpg 1 152 180 249 249
1681_0041_0085_0111_0111.jpg 1 41 85 111 111
1682_0284_0301_0111_0111.jpg 1 284 301 111 111
1683_0117_0041_0209_0209.jpg 1 117 41 209 209
1684_0140_0151_0273_0273.jpg 1 140 151 273 273
1685_0105_0035_0316_0316.jpg 1 105 35 316 316
1686_0083_0149_0232_0232.jpg 1 83 149 232 232
1687_0093_0125_0074_0074.jpg 1 93 125 74 74
1688_0237_0205_0098_0098.jpg 1 237 205 98 98
1689_0157_0122_0312_0312.jpg 1 157 122 312 312
1690_0200_0230_0180_0180.jpg 1 200 230 180 180
1691_0047_0101_0267_0267.jpg 1 47 101 267 267
1692_0160_0170_0211_0211.jpg 1 160 170 211 211
1693_0260_0316_0145_0145.jpg 1 260 316 145 145
1694_0210_0159_0040_0040.jpg 1 210 159 40 40
1695_0229_0099_0127_0127.jpg 1 229 99 127 127
1696_0226_0355_0034_0034.jpg 1 226 355 34 34
1697_0115_0130_0237_0237.jpg 1 115 130 237 237
1698_0038_0029_0301_0301.jpg 1 38 29 301 301
1699_0061_0138_0310_0310.jpg 1 61 138 310 310
1700_0279_0200_0170_0170.jpg 1 279 200 170 170
1701_0191_0102_0277_0277.jpg 1 191 102 277 277
1702_0085_0032_0174_0174.jpg 1 85 32 174 174
1703_0030_0151_0329_0329.jpg 1 30 151 329 329
1704_0243_0219_0202_0202.jpg 1 243 219 202 202
1705_0215_0147_0028_0028.jpg 1 215 147 28 28
1706_0069_0082_0298_0298.jpg 1 69 82 298 298
1707_0268_0219_0158_0158.jpg 1 268 219 158 158
1708_0058_0302_0151_0151.jpg 1 58 302 151 151
1709_0336_0071_0115_0115.jpg 1 336 71 115 115
1710_0064_0162_0297_0297.jpg 1 64 162 297 297
1711_0037_0092_0146_0146.jpg 1 37 92 146 146
1712_0103_0031_0306_0306.jpg 1 103 31 306 306
1713_0329_0166_0031_0031.jpg 1 329 166 31 31
1714_0042_0084_0325_0325.jpg 1 42 84 325 325
1715_0115_0110_0321_0321.jpg 1 115 110 321 321
1716_0095_0041_0343_0343.jpg 1 95 41 343 343
1717_0284_0107_0070_0070.jpg 1 284 107 70 70
1718_0098_0356_0041_0041.jpg 1 98 356 41 41
1719_0294_0249_0153_0153.jpg 1 294 249 153 153
1720_0034_0197_0264_0264.jpg 1 34 197 264 264
1721_0146_0195_0147_0147.jpg 1 146 195 147 147
1722_0156_0127_0224_0224.jpg 1 156 127 224 224
1723_0078_0039_0133_0133.jpg 1 78 39 133 133
1724_0207_0157_0122_0122.jpg 1 207 157 122 122
1725_0188_0219_0234_0234.jpg 1 188 219 234 234
1726_0380_0336_0065_0065.jpg 1 380 336 65 65
1727_0224_0151_0029_0029.jpg 1 224 151 29 29
1728_0077_0202_0237_0237.jpg 1 77 202 237 237
1729_0085_0262_0085_0085.jpg 1 85 262 85 85
1730_0059_0066_0315_0315.jpg 1 59 66 315 315
1731_0134_0131_0028_0028.jpg 1 134 131 28 28
1732_0043_0212_0250_0250.jpg 1 43 212 250 250
1733_0044_0167_0201_0201.jpg 1 44 167 201 201
1734_0302_0178_0106_0106.jpg 1 302 178 106 106
1735_0064_0077_0337_0337.jpg 1 64 77 337 337
1736_0076_0121_0074_0074.jpg 1 76 121 74 74
1737_0074_0017_0334_0334.jpg 1 74 17 334 334
1738_0124_0188_0138_0138.jpg 1 124 188 138 138
1739_0291_0296_0061_0061.jpg 1 291 296 61 61
1740_0310_0267_0085_0085.jpg 1 310 267 85 85
1741_0317_0254_0119_0119.jpg 1 317 254 119 119
1742_0362_0123_0088_0088.jpg 1 362 123 88 88
1743_0148_0208_0126_0126.jpg 1 148 208 126 126
1744_0127_0202_0173_0173.jpg 1 127 202 173 173
1745_0091_0139_0333_0333.jpg 1 91 139 333 333
1746_0194_0155_0280_0280.jpg 1 194 155 280 280
1747_0058_0207_0172_0172.jpg 1 58 207 172 172
1748_0143_0160_0307_0307.jpg 1 143 160 307 307
1749_0316_0321_0070_0070.jpg 1 316 321 70 70
1750_0140_0051_0328_0328.jpg 1 140 51 328 328
1751_0373_0309_0049_0049.jpg 1 373 309 49 49
1752_0152_0133_0312_0312.jpg 1 152 133 312 312
1753_0031_0165_0226_0226.jpg 1 31 165 226 226
1754_0024_0055_0326_0326.jpg 1 24 55 326 326
1755_0139_0285_0149_0149.jpg 1 139 285 149 149
1756_0111_0123_0340_0340.jpg 1 111 123 340 340
1757_0141_0144_0096_0096.jpg 1 141 144 96 96
1758_0157_0048_0256_0256.jpg 1 157 48 256 256
1759_0174_0308_0108_0108.jpg 1 174 308 108 108
1760_0176_0039_0184_0184.jpg 1 176 39 184 184
1761_0202_0138_0200_0200.jpg 1 202 138 200 200
1762_0272_0120_0121_0121.jpg 1 272 120 121 121
1763_0026_0215_0241_0241.jpg 1 26 215 241 241
1764_0052_0300_0149_0149.jpg 1 52 300 149 149
1765_0085_0335_0063_0063.jpg 1 85 335 63 63
1766_0344_0145_0068_0068.jpg 1 344 145 68 68
1767_0416_0284_0026_0026.jpg 1 416 284 26 26
1768_0036_0046_0165_0165.jpg 1 36 46 165 165
1769_0204_0149_0035_0035.jpg 1 204 149 35 35
1770_0071_0069_0343_0343.jpg 1 71 69 343 343
1771_0369_0273_0047_0047.jpg 1 369 273 47 47
1772_0089_0144_0285_0285.jpg 1 89 144 285 285
1773_0172_0073_0205_0205.jpg 1 172 73 205 205
1774_0171_0178_0101_0101.jpg 1 171 178 101 101
1775_0322_0242_0127_0127.jpg 1 322 242 127 127
1776_0175_0111_0139_0139.jpg 1 175 111 139 139
1777_0185_0138_0162_0162.jpg 1 185 138 162 162
1778_0111_0079_0245_0245.jpg 1 111 79 245 245
1779_0094_0045_0189_0189.jpg 1 94 45 189 189
1780_0102_0044_0310_0310.jpg 1 102 44 310 310
1781_0047_0081_0202_0202.jpg 1 47 81 202 202
1782_0205_0166_0225_0225.jpg 1 205 166 225 225
1783_0265_0158_0085_0085.jpg 1 265 158 85 85
1784_0213_0187_0091_0091.jpg 1 213 187 91 91
1785_0083_0084_0332_0332.jpg 1 83 84 332 332
1786_0076_0112_0137_0137.jpg 1 76 112 137 137
1787_0291_0259_0155_0155.jpg 1 291 259 155 155
1788_0256_0211_0193_0193.jpg 1 256 211 193 193
1789_0213_0315_0100_0100.jpg 1 213 315 100 100
1790_0101_0116_0343_0343.jpg 1 101 116 343 343
1791_0230_0225_0205_0205.jpg 1 230 225 205 205
1792_0122_0255_0055_0055.jpg 1 122 255 55 55
1793_0170_0137_0288_0288.jpg 1 170 137 288 288
1794_0158_0345_0055_0055.jpg 1 158 345 55 55
1795_0088_0235_0157_0157.jpg 1 88 235 157 157
1796_0053_0282_0124_0124.jpg 1 53 282 124 124
1797_0109_0098_0346_0346.jpg 1 109 98 346 346
1798_0233_0226_0140_0140.jpg 1 233 226 140 140
1799_0153_0206_0224_0224.jpg 1 153 206 224 224
1800_0119_0377_0042_0042.jpg 1 119 377 42 42
1801_0049_0056_0337_0337.jpg 1 49 56 337 337
1802_0046_0067_0324_0324.jpg 1 46 67 324 324
1803_0273_0186_0158_0158.jpg 1 273 186 158 158
1804_0108_0397_0035_0035.jpg 1 108 397 35 35
1805_0109_0105_0314_0314.jpg 1 109 105 314 314
1806_0134_0087_0274_0274.jpg 1 134 87 274 274
1807_0129_0134_0149_0149.jpg 1 129 134 149 149
1808_0195_0063_0069_0069.jpg 1 195 63 69 69
1809_0235_0108_0212_0212.jpg 1 235 108 212 212
1810_0185_0154_0276_0276.jpg 1 185 154 276 276
1811_0141_0329_0038_0038.jpg 1 141 329 38 38
1812_0202_0163_0151_0151.jpg 1 202 163 151 151
1813_0311_0334_0041_0041.jpg 1 311 334 41 41
1814_0100_0018_0326_0326.jpg 1 100 18 326 326
1815_0025_0179_0285_0285.jpg 1 25 179 285 285
1816_0101_0332_0056_0056.jpg 1 101 332 56 56
1817_0074_0214_0211_0211.jpg 1 74 214 211 211
1818_0334_0251_0078_0078.jpg 1 334 251 78 78
1819_0077_0326_0100_0100.jpg 1 77 326 100 100
1820_0048_0124_0232_0232.jpg 1 48 124 232 232
1821_0092_0241_0207_0207.jpg 1 92 241 207 207
1822_0189_0131_0286_0286.jpg 1 189 131 286 286
1823_0111_0200_0261_0261.jpg 1 111 200 261 261
1824_0094_0047_0213_0213.jpg 1 94 47 213 213
1825_0208_0316_0063_0063.jpg 1 208 316 63 63
1826_0070_0126_0312_0312.jpg 1 70 126 312 312
1827_0085_0114_0142_0142.jpg 1 85 114 142 142
1828_0119_0042_0163_0163.jpg 1 119 42 163 163
1829_0111_0157_0223_0223.jpg 1 111 157 223 223
1830_0237_0141_0039_0039.jpg 1 237 141 39 39
1831_0309_0243_0125_0125.jpg 1 309 243 125 125
1832_0289_0106_0112_0112.jpg 1 289 106 112 112
1833_0239_0185_0169_0169.jpg 1 239 185 169 169
1834_0110_0092_0208_0208.jpg 1 110 92 208 208
1835_0165_0259_0173_0173.jpg 1 165 259 173 173
1836_0123_0239_0212_0212.jpg 1 123 239 212 212
1837_0266_0286_0163_0163.jpg 1 266 286 163 163
1838_0163_0077_0311_0311.jpg 1 163 77 311 311
1839_0085_0247_0214_0214.jpg 1 85 247 214 214
1840_0098_0033_0216_0216.jpg 1 98 33 216 216
1841_0097_0150_0233_0233.jpg 1 97 150 233 233
1842_0293_0129_0124_0124.jpg 1 293 129 124 124
1843_0135_0115_0312_0312.jpg 1 135 115 312 312
1844_0249_0264_0148_0148.jpg 1 249 264 148 148
1845_0158_0161_0142_0142.jpg 1 158 161 142 142
1846_0182_0081_0274_0274.jpg 1 182 81 274 274
1847_0233_0272_0026_0026.jpg 1 233 272 26 26
1848_0107_0312_0139_0139.jpg 1 107 312 139 139
1849_0158_0101_0149_0149.jpg 1 158 101 149 149
1850_0164_0093_0098_0098.jpg 1 164 93 98 98
1851_0246_0325_0050_0050.jpg 1 246 325 50 50
1852_0082_0181_0271_0271.jpg 1 82 181 271 271
1853_0045_0153_0183_0183.jpg 1 45 153 183 183
1854_0027_0126_0236_0236.jpg 1 27 126 236 236
1855_0114_0104_0103_0103.jpg 1 114 104 103 103
1856_0122_0041_0331_0331.jpg 1 122 41 331 331
1857_0111_0110_0258_0258.jpg 1 111 110 258 258
1858_0280_0381_0037_0037.jpg 1 280 381 37 37
1859_0187_0238_0114_0114.jpg 1 187 238 114 114
1860_0195_0193_0124_0124.jpg 1 195 193 124 124
1861_0149_0030_0295_0295.jpg 1 149 30 295 295
1862_0086_0123_0134_0134.jpg 1 86 123 134 134
1863_0045_0060_0323_0323.jpg 1 45 60 323 323
1864_0340_0360_0090_0090.jpg 1 340 360 90 90
1865_0103_0107_0158_0158.jpg 1 103 107 158 158
1866_0182_0092_0253_0253.jpg 1 182 92 253 253
1867_0103_0164_0191_0191.jpg 1 103 164 191 191
1868_0108_0036_0310_0310.jpg 1 108 36 310 310
1869_0052_0089_0163_0163.jpg 1 52 89 163 163
1870_0020_0153_0305_0305.jpg 1 20 153 305 305
1871_0027_0112_0309_0309.jpg 1 27 112 309 309
1872_0053_0200_0108_0108.jpg 1 53 200 108 108
1873_0231_0068_0211_0211.jpg 1 231 68 211 211
1874_0110_0275_0102_0102.jpg 1 110 275 102 102
1875_0078_0091_0303_0303.jpg 1 78 91 303 303
1876_0183_0239_0044_0044.jpg 1 183 239 44 44
1877_0124_0254_0103_0103.jpg 1 124 254 103 103
1878_0291_0094_0088_0088.jpg 1 291 94 88 88
1879_0133_0213_0127_0127.jpg 1 133 213 127 127
1880_0172_0111_0058_0058.jpg 1 172 111 58 58
1881_0129_0063_0340_0340.jpg 1 129 63 340 340
1882_0187_0062_0214_0214.jpg 1 187 62 214 214
1883_0392_0188_0062_0062.jpg 1 392 188 62 62
1884_0034_0197_0217_0217.jpg 1 34 197 217 217
1885_0109_0046_0345_0345.jpg 1 109 46 345 345
1886_0121_0104_0152_0152.jpg 1 121 104 152 152
1887_0100_0162_0311_0311.jpg 1 100 162 311 311
1888_0100_0330_0071_0071.jpg 1 100 330 71 71
1889_0045_0133_0314_0314.jpg 1 45 133 314 314
1890_0286_0308_0072_0072.jpg 1 286 308 72 72
1891_0091_0034_0173_0173.jpg 1 91 34 173 173
1892_0065_0189_0186_0186.jpg 1 65 189 186 186
1893_0018_0049_0330_0330.jpg 1 18 49 330 330
1894_0057_0047_0298_0298.jpg 1 57 47 298 298
1895_0038_0032_0212_0212.jpg 1 38 32 212 212
1896_0144_0040_0276_0276.jpg 1 144 40 276 276
1897_0170_0036_0257_0257.jpg 1 170 36 257 257
1898_0059_0118_0282_0282.jpg 1 59 118 282 282
1899_0174_0094_0303_0303.jpg 1 174 94 303 303
1900_0183_0088_0264_0264.jpg 1 183 88 264 264
1901_0205_0364_0077_0077.jpg 1 205 364 77 77
1902_0246_0151_0214_0214.jpg 1 246 151 214 214
1903_0158_0113_0175_0175.jpg 1 158 113 175 175
1904_0124_0129_0343_0343.jpg 1 124 129 343 343
1905_0049_0064_0349_0349.jpg 1 49 64 349 349
1906_0227_0094_0178_0178.jpg 1 227 94 178 178
1907_0055_0064_0186_0186.jpg 1 55 64 186 186
1908_0033_0148_0301_0301.jpg 1 33 148 301 301
1909_0254_0074_0190_0190.jpg 1 254 74 190 190
1910_0100_0070_0300_0300.jpg 1 100 70 300 300
1911_0098_0124_0290_0290.jpg 1 98 124 290 290
1912_0153_0217_0218_0218.jpg 1 153 217 218 218
1913_0325_0064_0136_0136.jpg 1 325 64 136 136
1914_0181_0088_0120_0120.jpg 1 181 88 120 120
1915_0150_0062_0296_0296.jpg 1 150 62 296 296
1916_0133_0121_0294_0294.jpg 1 133 121 294 294
1917_0206_0219_0069_0069.jpg 1 206 219 69 69
1918_0017_0046_0346_0346.jpg 1 17 46 346 346
1919_0300_0060_0032_0032.jpg 1 300 60 32 32
1920_0048_0031_0184_0184.jpg 1 48 31 184 184
1921_0136_0150_0209_0209.jpg 1 136 150 209 209
1922_0068_0049_0261_0261.jpg 1 68 49 261 261
1923_0266_0099_0109_0109.jpg 1 266 99 109 109
1924_0139_0079_0235_0235.jpg 1 139 79 235 235
1925_0150_0098_0329_0329.jpg 1 150 98 329 329
1926_0116_0100_0196_0196.jpg 1 116 100 196 196
1927_0258_0075_0083_0083.jpg 1 258 75 83 83
1928_0066_0082_0083_0083.jpg 1 66 82 83 83
1929_0117_0118_0311_0311.jpg 1 117 118 311 311
1930_0195_0093_0103_0103.jpg 1 195 93 103 103
1931_0017_0036_0338_0338.jpg 1 17 36 338 338
1932_0093_0080_0249_0249.jpg 1 93 80 249 249
1933_0189_0177_0231_0231.jpg 1 189 177 231 231
1934_0177_0048_0115_0115.jpg 1 177 48 115 115
1935_0217_0143_0209_0209.jpg 1 217 143 209 209
1936_0143_0336_0103_0103.jpg 1 143 336 103 103
1937_0193_0264_0048_0048.jpg 1 193 264 48 48
1938_0134_0075_0338_0338.jpg 1 134 75 338 338
1939_0069_0099_0260_0260.jpg 1 69 99 260 260
1940_0176_0209_0213_0213.jpg 1 176 209 213 213
1941_0049_0096_0281_0281.jpg 1 49 96 281 281
1942_0052_0249_0195_0195.jpg 1 52 249 195 195
1943_0156_0122_0314_0314.jpg 1 156 122 314 314
1944_0273_0137_0093_0093.jpg 1 273 137 93 93
1945_0160_0049_0306_0306.jpg 1 160 49 306 306
1946_0268_0179_0072_0072.jpg 1 268 179 72 72
1947_0138_0216_0183_0183.jpg 1 138 216 183 183
1948_0255_0094_0216_0216.jpg 1 255 94 216 216
1949_0361_0219_0046_0046.jpg 1 361 219 46 46
1950_0156_0030_0281_0281.jpg 1 156 30 281 281
1951_0318_0365_0039_0039.jpg 1 318 365 39 39
1952_0139_0136_0202_0202.jpg 1 139 136 202 202
1953_0122_0402_0025_0025.jpg 1 122 402 25 25
1954_0281_0117_0075_0075.jpg 1 281 117 75 75
1955_0117_0103_0301_0301.jpg 1 117 103 301 301
1956_0097_0143_0135_0135.jpg 1 97 143 135 135
1957_0050_0297_0136_0136.jpg 1 50 297 136 136
1958_0197_0146_0157_0157.jpg 1 197 146 157 157
1959_0107_0153_0297_0297.jpg 1 107 153 297 297
1960_0182_0148_0285_0285.jpg 1 182 148 285 285
1961_0040_0063_0129_0129.jpg 1 40 63 129 129
1962_0157_0185_0206_0206.jpg 1 157 185 206 206
1963_0298_0073_0102_0102.jpg 1 298 73 102 102
1964_0037_0136_0339_0339.jpg 1 37 136 339 339
1965_0167_0226_0226_0226.jpg 1 167 226 226 226
1966_0056_0046_0281_0281.jpg 1 56 46 281 281
1967_0158_0126_0277_0277.jpg 1 158 126 277 277
1968_0259_0195_0209_0209.jpg 1 259 195 209 209
1969_0090_0283_0123_0123.jpg 1 90 283 123 123
1970_0081_0064_0183_0183.jpg 1 81 64 183 183
1971_0153_0049_0256_0256.jpg 1 153 49 256 256
1972_0166_0164_0201_0201.jpg 1 166 164 201 201
1973_0105_0156_0267_0267.jpg 1 105 156 267 267
1974_0344_0113_0041_0041.jpg 1 344 113 41 41
1975_0145_0110_0318_0318.jpg 1 145 110 318 318
1976_0116_0084_0194_0194.jpg 1 116 84 194 194
1977_0179_0086_0193_0193.jpg 1 179 86 193 193
1978_0214_0054_0167_0167.jpg 1 214 54 167 167
1979_0125_0026_0254_0254.jpg 1 125 26 254 254
1980_0201_0142_0074_0074.jpg 1 201 142 74 74
1981_0310_0256_0151_0151.jpg 1 310 256 151 151
1982_0247_0158_0128_0128.jpg 1 247 158 128 128
1983_0312_0294_0112_0112.jpg 1 312 294 112 112
1984_0124_0085_0274_0274.jpg 1 124 85 274 274
1985_0027_0176_0287_0287.jpg 1 27 176 287 287
1986_0231_0304_0143_0143.jpg 1 231 304 143 143
1987_0225_0136_0238_0238.jpg 1 225 136 238 238
1988_0109_0132_0048_0048.jpg 1 109 132 48 48
1989_0131_0203_0272_0272.jpg 1 131 203 272 272
1990_0176_0275_0089_0089.jpg 1 176 275 89 89
1991_0095_0235_0215_0215.jpg 1 95 235 215 215
1992_0030_0176_0269_0269.jpg 1 30 176 269 269
1993_0067_0131_0335_0335.jpg 1 67 131 335 335
1994_0106_0045_0343_0343.jpg 1 106 45 343 343
1995_0157_0088_0319_0319.jpg 1 157 88 319 319
1996_0110_0132_0222_0222.jpg 1 110 132 222 222
1997_0145_0143_0038_0038.jpg 1 145 143 38 38
1998_0085_0103_0112_0112.jpg 1 85 103 112 112
1999_0224_0157_0195_0195.jpg 1 224 157 195 195
2000_0140_0075_0245_0245.jpg 1 140 75 245 245
