0001_0129_0260_0206_0206.jpg 1 129 260 206 206
0002_0160_0280_0141_0141.jpg 1 160 280 141 141
0003_0237_0043_0155_0155.jpg 1 237 43 155 155
0004_0099_0108_0345_0345.jpg 1 99 108 345 345
0005_0136_0131_0340_0340.jpg 1 136 131 340 340
0006_0155_0134_0325_0325.jpg 1 155 134 325 325
0007_0086_0240_0113_0113.jpg 1 86 240 113 113
0008_0068_0109_0183_0183.jpg 1 68 109 183 183
0009_0125_0133_0196_0196.jpg 1 125 133 196 196
0010_0141_0263_0200_0200.jpg 1 141 263 200 200
0011_0096_0041_0242_0242.jpg 1 96 41 242 242
0012_0117_0050_0276_0276.jpg 1 117 50 276 276
0013_0173_0194_0266_0266.jpg 1 173 194 266 266
0014_0081_0036_0160_0160.jpg 1 81 36 160 160
0015_0142_0306_0155_0155.jpg 1 142 306 155 155
0016_0205_0071_0259_0259.jpg 1 205 71 259 259
0017_0093_0044_0148_0148.jpg 1 93 44 148 148
0018_0148_0047_0334_0334.jpg 1 148 47 334 334
0019_0057_0117_0166_0166.jpg 1 57 117 166 166
0020_0095_0074_0030_0030.jpg 1 95 74 30 30
0021_0272_0278_0164_0164.jpg 1 272 278 164 164
0022_0285_0190_0112_0112.jpg 1 285 190 112 112
0023_0306_0173_0119_0119.jpg 1 306 173 119 119
0024_0142_0094_0165_0165.jpg 1 142 94 165 165
0025_0075_0048_0193_0193.jpg 1 75 48 193 193
0026_0204_0044_0269_0269.jpg 1 204 44 269 269
0027_0053_0112_0222_0222.jpg 1 53 112 222 222
0028_0047_0073_0309_0309.jpg 1 47 73 309 309
0029_0122_0072_0129_0129.jpg 1 122 72 129 129
0030_0130_0136_0322_0322.jpg 1 130 136 322 322
0031_0097_0176_0257_0257.jpg 1 97 176 257 257
0032_0344_0092_0085_0085.jpg 1 344 92 85 85
0033_0253_0225_0154_0154.jpg 1 253 225 154 154
0034_0256_0053_0207_0207.jpg 1 256 53 207 207
0035_0115_0034_0324_0324.jpg 1 115 34 324 324
0036_0025_0081_0296_0296.jpg 1 25 81 296 296
0037_0136_0149_0288_0288.jpg 1 136 149 288 288
0038_0154_0119_0258_0258.jpg 1 154 119 258 258
0039_0057_0217_0181_0181.jpg 1 57 217 181 181
0040_0111_0194_0201_0201.jpg 1 111 194 201 201
0041_0115_0276_0060_0060.jpg 1 115 276 60 60
0042_0067_0097_0188_0188.jpg 1 67 97 188 188
0043_0265_0314_0094_0094.jpg 1 265 314 94 94
0044_0111_0250_0066_0066.jpg 1 111 250 66 66
0045_0251_0201_0152_0152.jpg 1 251 201 152 152
0046_0094_0179_0230_0230.jpg 1 94 179 230 230
0047_0309_0243_0122_0122.jpg 1 309 243 122 122
0048_0198_0150_0076_0076.jpg 1 198 150 76 76
0049_0136_0137_0045_0045.jpg 1 136 137 45 45
0050_0089_0021_0334_0334.jpg 1 89 21 334 334
0051_0146_0125_0218_0218.jpg 1 146 125 218 218
0052_0279_0231_0111_0111.jpg 1 279 231 111 111
0053_0187_0147_0050_0050.jpg 1 187 147 50 50
0054_0293_0329_0057_0057.jpg 1 293 329 57 57
0055_0098_0123_0225_0225.jpg 1 98 123 225 225
0056_0288_0192_0166_0166.jpg 1 288 192 166 166
0057_0171_0139_0295_0295.jpg 1 171 139 295 295
0058_0077_0052_0244_0244.jpg 1 77 52 244 244
0059_0095_0112_0298_0298.jpg 1 95 112 298 298
0060_0102_0091_0224_0224.jpg 1 102 91 224 224
0061_0022_0128_0316_0316.jpg 1 22 128 316 316
0062_0164_0052_0271_0271.jpg 1 164 52 271 271
0063_0251_0298_0076_0076.jpg 1 251 298 76 76
0064_0134_0075_0150_0150.jpg 1 134 75 150 150
0065_0139_0141_0296_0296.jpg 1 139 141 296 296
0066_0125_0125_0327_0327.jpg 1 125 125 327 327
0067_0250_0099_0063_0063.jpg 1 250 99 63 63
0068_0187_0047_0186_0186.jpg 1 187 47 186 186
0069_0082_0325_0074_0074.jpg 1 82 325 74 74
0070_0219_0278_0170_0170.jpg 1 219 278 170 170
0071_0275_0259_0090_0090.jpg 1 275 259 90 90
0072_0261_0051_0196_0196.jpg 1 261 51 196 196
0073_0168_0178_0267_0267.jpg 1 168 178 267 267
0074_0093_0135_0330_0330.jpg 1 93 135 330 330
0075_0079_0061_0339_0339.jpg 1 79 61 339 339
0076_0095_0126_0292_0292.jpg 1 95 126 292 292
0077_0040_0278_0157_0157.jpg 1 40 278 157 157
0078_0023_0045_0266_0266.jpg 1 23 45 266 266
0079_0121_0107_0266_0266.jpg 1 121 107 266 266
0080_0213_0156_0212_0212.jpg 1 213 156 212 212
0081_0296_0078_0076_0076.jpg 1 296 78 76 76
0082_0041_0087_0150_0150.jpg 1 41 87 150 150
0083_0189_0036_0285_0285.jpg 1 189 36 285 285
0084_0208_0140_0068_0068.jpg 1 208 140 68 68
0085_0065_0204_0204_0204.jpg 1 65 204 204 204
0086_0311_0202_0096_0096.jpg 1 311 202 96 96
0087_0153_0180_0217_0217.jpg 1 153 180 217 217
0088_0100_0246_0214_0214.jpg 1 100 246 214 214
0089_0047_0091_0323_0323.jpg 1 47 91 323 323
0090_0065_0153_0314_0314.jpg 1 65 153 314 314
0091_0128_0024_0304_0304.jpg 1 128 24 304 304
0092_0125_0061_0218_0218.jpg 1 125 61 218 218
0093_0093_0091_0344_0344.jpg 1 93 91 344 344
0094_0056_0068_0348_0348.jpg 1 56 68 348 348
0095_0319_0094_0110_0110.jpg 1 319 94 110 110
0096_0107_0263_0187_0187.jpg 1 107 263 187 187
0097_0068_0078_0309_0309.jpg 1 68 78 309 309
0098_0080_0203_0235_0235.jpg 1 80 203 235 235
0099_0262_0161_0184_0184.jpg 1 262 161 184 184
0100_0082_0240_0220_0220.jpg 1 82 240 220 220
0101_0034_0299_0155_0155.jpg 1 34 299 155 155
0102_0165_0077_0203_0203.jpg 1 165 77 203 203
0103_0128_0077_0314_0314.jpg 1 128 77 314 314
0104_0081_0253_0129_0129.jpg 1 81 253 129 129
0105_0132_0206_0252_0252.jpg 1 132 206 252 252
0106_0069_0223_0230_0230.jpg 1 69 223 230 230
0107_0294_0313_0038_0038.jpg 1 294 313 38 38
0108_0343_0125_0082_0082.jpg 1 343 125 82 82
0109_0081_0296_0169_0169.jpg 1 81 296 169 169
0110_0163_0152_0318_0318.jpg 1 163 152 318 318
0111_0022_0108_0315_0315.jpg 1 22 108 315 315
0112_0227_0068_0062_0062.jpg 1 227 68 62 62
0113_0180_0315_0041_0041.jpg 1 180 315 41 41
0114_0241_0250_0164_0164.jpg 1 241 250 164 164
0115_0026_0038_0265_0265.jpg 1 26 38 265 265
0116_0198_0134_0077_0077.jpg 1 198 134 77 77
0117_0378_0356_0061_0061.jpg 1 378 356 61 61
0118_0105_0084_0165_0165.jpg 1 105 84 165 165
0119_0145_0087_0276_0276.jpg 1 145 87 276 276
0120_0080_0203_0271_0271.jpg 1 80 203 271 271
0121_0103_0240_0199_0199.jpg 1 103 240 199 199
0122_0109_0206_0125_0125.jpg 1 109 206 125 125
0123_0053_0219_0177_0177.jpg 1 53 219 177 177
0124_0055_0040_0333_0333.jpg 1 55 40 333 333
0125_0069_0301_0090_0090.jpg 1 69 301 90 90
0126_0059_0126_0178_0178.jpg 1 59 126 178 178
0127_0282_0368_0076_0076.jpg 1 282 368 76 76
0128_0208_0169_0171_0171.jpg 1 208 169 171 171
0129_0066_0268_0150_0150.jpg 1 66 268 150 150
0130_0181_0066_0107_0107.jpg 1 181 66 107 107
0131_0029_0138_0274_0274.jpg 1 29 138 274 274
0132_0187_0358_0083_0083.jpg 1 187 358 83 83
0133_0081_0257_0034_0034.jpg 1 81 257 34 34
0134_0063_0067_0286_0286.jpg 1 63 67 286 286
0135_0243_0085_0118_0118.jpg 1 243 85 118 118
0136_0162_0093_0145_0145.jpg 1 162 93 145 145
0137_0037_0211_0165_0165.jpg 1 37 211 165 165
0138_0151_0095_0174_0174.jpg 1 151 95 174 174
0139_0103_0149_0295_0295.jpg 1 103 149 295 295
0140_0059_0207_0183_0183.jpg 1 59 207 183 183
0141_0089_0027_0332_0332.jpg 1 89 27 332 332
0142_0233_0127_0102_0102.jpg 1 233 127 102 102
0143_0337_0260_0112_0112.jpg 1 337 260 112 112
0144_0237_0033_0200_0200.jpg 1 237 33 200 200
0145_0052_0121_0205_0205.jpg 1 52 121 205 205
0146_0165_0194_0216_0216.jpg 1 165 194 216 216
0147_0206_0088_0177_0177.jpg 1 206 88 177 177
0148_0106_0049_0349_0349.jpg 1 106 49 349 349
0149_0064_0322_0135_0135.jpg 1 64 322 135 135
0150_0080_0128_0166_0166.jpg 1 80 128 166 166
0151_0047_0069_0285_0285.jpg 1 47 69 285 285
0152_0162_0176_0247_0247.jpg 1 162 176 247 247
0153_0124_0068_0247_0247.jpg 1 124 68 247 247
0154_0061_0258_0134_0134.jpg 1 61 258 134 134
0155_0165_0180_0201_0201.jpg 1 165 180 201 201
0156_0165_0145_0239_0239.jpg 1 165 145 239 239
0157_0108_0153_0326_0326.jpg 1 108 153 326 326
0158_0140_0167_0304_0304.jpg 1 140 167 304 304
0159_0023_0106_0306_0306.jpg 1 23 106 306 306
0160_0160_0117_0231_0231.jpg 1 160 117 231 231
0161_0281_0283_0109_0109.jpg 1 281 283 109 109
0162_0129_0171_0043_0043.jpg 1 129 171 43 43
0163_0179_0160_0220_0220.jpg 1 179 160 220 220
0164_0096_0081_0302_0302.jpg 1 96 81 302 302
0165_0113_0104_0262_0262.jpg 1 113 104 262 262
0166_0165_0121_0124_0124.jpg 1 165 121 124 124
0167_0124_0040_0262_0262.jpg 1 124 40 262 262
0168_0126_0167_0262_0262.jpg 1 126 167 262 262
0169_0081_0319_0063_0063.jpg 1 81 319 63 63
0170_0368_0130_0025_0025.jpg 1 368 130 25 25
0171_0028_0132_0346_0346.jpg 1 28 132 346 346
0172_0147_0184_0274_0274.jpg 1 147 184 274 274
0173_0186_0175_0071_0071.jpg 1 186 175 71 71
0174_0079_0066_0324_0324.jpg 1 79 66 324 324
0175_0300_0045_0070_0070.jpg 1 300 45 70 70
0176_0032_0202_0268_0268.jpg 1 32 202 268 268
0177_0230_0092_0215_0215.jpg 1 230 92 215 215
0178_0297_0241_0053_0053.jpg 1 297 241 53 53
0179_0045_0037_0306_0306.jpg 1 45 37 306 306
0180_0160_0132_0282_0282.jpg 1 160 132 282 282
0181_0079_0185_0127_0127.jpg 1 79 185 127 127
0182_0233_0312_0101_0101.jpg 1 233 312 101 101
0183_0202_0026_0246_0246.jpg 1 202 26 246 246
0184_0022_0046_0349_0349.jpg 1 22 46 349 349
0185_0079_0115_0304_0304.jpg 1 79 115 304 304
0186_0318_0048_0112_0112.jpg 1 318 48 112 112
0187_0325_0127_0046_0046.jpg 1 325 127 46 46
0188_0291_0163_0089_0089.jpg 1 291 163 89 89
0189_0107_0163_0077_0077.jpg 1 107 163 77 77
0190_0120_0223_0235_0235.jpg 1 120 223 235 235
0191_0075_0132_0239_0239.jpg 1 75 132 239 239
0192_0075_0147_0216_0216.jpg 1 75 147 216 216
0193_0040_0049_0149_0149.jpg 1 40 49 149 149
0194_0045_0126_0345_0345.jpg 1 45 126 345 345
0195_0321_0222_0029_0029.jpg 1 321 222 29 29
0196_0197_0046_0200_0200.jpg 1 197 46 200 200
0197_0037_0068_0347_0347.jpg 1 37 68 347 347
0198_0103_0230_0032_0032.jpg 1 103 230 32 32
0199_0069_0064_0244_0244.jpg 1 69 64 244 244
0200_0250_0286_0100_0100.jpg 1 250 286 100 100
0201_0162_0115_0272_0272.jpg 1 162 115 272 272
0202_0250_0118_0147_0147.jpg 1 250 118 147 147
0203_0141_0083_0259_0259.jpg 1 141 83 259 259
0204_0152_0077_0070_0070.jpg 1 152 77 70 70
0205_0035_0191_0250_0250.jpg 1 35 191 250 250
0206_0075_0160_0178_0178.jpg 1 75 160 178 178
0207_0022_0022_0319_0319.jpg 1 22 22 319 319
0208_0159_0293_0173_0173.jpg 1 159 293 173 173
0209_0034_0045_0242_0242.jpg 1 34 45 242 242
0210_0062_0104_0118_0118.jpg 1 62 104 118 118
0211_0087_0066_0240_0240.jpg 1 87 66 240 240
0212_0046_0169_0118_0118.jpg 1 46 169 118 118
0213_0087_0099_0304_0304.jpg 1 87 99 304 304
0214_0206_0057_0264_0264.jpg 1 206 57 264 264
0215_0242_0212_0173_0173.jpg 1 242 212 173 173
0216_0221_0097_0242_0242.jpg 1 221 97 242 242
0217_0044_0038_0339_0339.jpg 1 44 38 339 339
0218_0188_0123_0246_0246.jpg 1 188 123 246 246
0219_0120_0108_0118_0118.jpg 1 120 108 118 118
0220_0281_0236_0122_0122.jpg 1 281 236 122 122
0221_0085_0129_0257_0257.jpg 1 85 129 257 257
0222_0125_0151_0270_0270.jpg 1 125 151 270 270
0223_0109_0117_0315_0315.jpg 1 109 117 315 315
0224_0178_0070_0301_0301.jpg 1 178 70 301 301
0225_0151_0338_0043_0043.jpg 1 151 338 43 43
0226_0127_0102_0266_0266.jpg 1 127 102 266 266
0227_0120_0166_0296_0296.jpg 1 120 166 296 296
0228_0092_0196_0104_0104.jpg 1 92 196 104 104
0229_0068_0107_0260_0260.jpg 1 68 107 260 260
0230_0408_0073_0039_0039.jpg 1 408 73 39 39
0231_0026_0069_0330_0330.jpg 1 26 69 330 330
0232_0040_0231_0188_0188.jpg 1 40 231 188 188
0233_0285_0256_0137_0137.jpg 1 285 256 137 137
0234_0126_0175_0078_0078.jpg 1 126 175 78 78
0235_0092_0026_0323_0323.jpg 1 92 26 323 323
0236_0177_0178_0177_0177.jpg 1 177 178 177 177
0237_0072_0053_0134_0134.jpg 1 72 53 134 134
0238_0021_0075_0338_0338.jpg 1 21 75 338 338
0239_0245_0198_0196_0196.jpg 1 245 198 196 196
0240_0087_0194_0148_0148.jpg 1 87 194 148 148
0241_0084_0152_0107_0107.jpg 1 84 152 107 107
0242_0166_0318_0113_0113.jpg 1 166 318 113 113
0243_0312_0367_0075_0075.jpg 1 312 367 75 75
0244_0165_0143_0191_0191.jpg 1 165 143 191 191
0245_0326_0141_0120_0120.jpg 1 326 141 120 120
0246_0111_0056_0039_0039.jpg 1 111 56 39 39
0247_0054_0243_0154_0154.jpg 1 54 243 154 154
0248_0159_0057_0211_0211.jpg 1 159 57 211 211
0249_0108_0057_0306_0306.jpg 1 108 57 306 306
0250_0177_0177_0290_0290.jpg 1 177 177 290 290
0251_0112_0166_0247_0247.jpg 1 112 166 247 247
0252_0142_0071_0155_0155.jpg 1 142 71 155 155
0253_0020_0146_0306_0306.jpg 1 20 146 306 306
0254_0026_0150_0290_0290.jpg 1 26 150 290 290
0255_0208_0235_0147_0147.jpg 1 208 235 147 147
0256_0291_0310_0066_0066.jpg 1 291 310 66 66
0257_0232_0186_0173_0173.jpg 1 232 186 173 173
0258_0179_0136_0114_0114.jpg 1 179 136 114 114
0259_0262_0261_0026_0026.jpg 1 262 261 26 26
0260_0204_0315_0047_0047.jpg 1 204 315 47 47
0261_0118_0241_0212_0212.jpg 1 118 241 212 212
0262_0177_0264_0043_0043.jpg 1 177 264 43 43
0263_0168_0203_0181_0181.jpg 1 168 203 181 181
0264_0126_0021_0325_0325.jpg 1 126 21 325 325
0265_0142_0133_0290_0290.jpg 1 142 133 290 290
0266_0117_0184_0182_0182.jpg 1 117 184 182 182
0267_0103_0090_0279_0279.jpg 1 103 90 279 279
0268_0155_0134_0325_0325.jpg 1 155 134 325 325
0269_0246_0294_0128_0128.jpg 1 246 294 128 128
0270_0064_0025_0309_0309.jpg 1 64 25 309 309
0271_0074_0202_0210_0210.jpg 1 74 202 210 210
0272_0052_0111_0340_0340.jpg 1 52 111 340 340
0273_0136_0080_0293_0293.jpg 1 136 80 293 293
0274_0104_0109_0315_0315.jpg 1 104 109 315 315
0275_0094_0215_0218_0218.jpg 1 94 215 218 218
0276_0177_0030_0236_0236.jpg 1 177 30 236 236
0277_0080_0135_0338_0338.jpg 1 80 135 338 338
0278_0133_0175_0236_0236.jpg 1 133 175 236 236
0279_0143_0110_0282_0282.jpg 1 143 110 282 282
0280_0041_0142_0318_0318.jpg 1 41 142 318 318
0281_0247_0138_0201_0201.jpg 1 247 138 201 201
0282_0053_0227_0113_0113.jpg 1 53 227 113 113
0283_0079_0126_0309_0309.jpg 1 79 126 309 309
0284_0120_0143_0334_0334.jpg 1 120 143 334 334
0285_0394_0088_0024_0024.jpg 1 394 88 24 24
0286_0032_0093_0341_0341.jpg 1 32 93 341 341
0287_0298_0119_0154_0154.jpg 1 298 119 154 154
0288_0316_0280_0110_0110.jpg 1 316 280 110 110
0289_0207_0113_0179_0179.jpg 1 207 113 179 179
0290_0284_0159_0100_0100.jpg 1 284 159 100 100
0291_0072_0142_0195_0195.jpg 1 72 142 195 195
0292_0075_0039_0312_0312.jpg 1 75 39 312 312
0293_0106_0028_0252_0252.jpg 1 106 28 252 252
0294_0136_0156_0306_0306.jpg 1 136 156 306 306
0295_0080_0055_0332_0332.jpg 1 80 55 332 332
0296_0185_0027_0277_0277.jpg 1 185 27 277 277
0297_0121_0059_0271_0271.jpg 1 121 59 271 271
0298_0317_0120_0078_0078.jpg 1 317 120 78 78
0299_0123_0145_0298_0298.jpg 1 123 145 298 298
0300_0274_0350_0089_0089.jpg 1 274 350 89 89
0301_0207_0119_0111_0111.jpg 1 207 119 111 111
0302_0315_0186_0123_0123.jpg 1 315 186 123 123
0303_0066_0226_0105_0105.jpg 1 66 226 105 105
0304_0042_0060_0239_0239.jpg 1 42 60 239 239
0305_0133_0176_0173_0173.jpg 1 133 176 173 173
0306_0125_0090_0229_0229.jpg 1 125 90 229 229
0307_0081_0065_0088_0088.jpg 1 81 65 88 88
0308_0071_0080_0340_0340.jpg 1 71 80 340 340
0309_0048_0208_0134_0134.jpg 1 48 208 134 134
0310_0180_0208_0064_0064.jpg 1 180 208 64 64
0311_0190_0159_0227_0227.jpg 1 190 159 227 227
0312_0131_0155_0276_0276.jpg 1 131 155 276 276
0313_0068_0292_0121_0121.jpg 1 68 292 121 121
0314_0206_0049_0151_0151.jpg 1 206 49 151 151
0315_0241_0244_0040_0040.jpg 1 241 244 40 40
0316_0205_0078_0249_0249.jpg 1 205 78 249 249
0317_0115_0167_0246_0246.jpg 1 115 167 246 246
0318_0146_0043_0333_0333.jpg 1 146 43 333 333
0319_0062_0064_0244_0244.jpg 1 62 64 244 244
0320_0348_0186_0048_0048.jpg 1 348 186 48 48
0321_0326_0087_0126_0126.jpg 1 326 87 126 126
0322_0197_0309_0155_0155.jpg 1 197 309 155 155
0323_0046_0142_0229_0229.jpg 1 46 142 229 229
0324_0159_0169_0232_0232.jpg 1 159 169 232 232
0325_0023_0140_0317_0317.jpg 1 23 140 317 317
0326_0087_0033_0273_0273.jpg 1 87 33 273 273
0327_0162_0088_0150_0150.jpg 1 162 88 150 150
0328_0124_0093_0214_0214.jpg 1 124 93 214 214
0329_0081_0040_0332_0332.jpg 1 81 40 332 332
0330_0263_0181_0071_0071.jpg 1 263 181 71 71
0331_0090_0140_0282_0282.jpg 1 90 140 282 282
0332_0229_0266_0166_0166.jpg 1 229 266 166 166
0333_0065_0194_0061_0061.jpg 1 65 194 61 61
0334_0198_0224_0183_0183.jpg 1 198 224 183 183
0335_0050_0311_0077_0077.jpg 1 50 311 77 77
0336_0034_0163_0178_0178.jpg 1 34 163 178 178
0337_0175_0153_0113_0113.jpg 1 175 153 113 113
0338_0191_0179_0088_0088.jpg 1 191 179 88 88
0339_0146_0173_0173_0173.jpg 1 146 173 173 173
0340_0099_0081_0307_0307.jpg 1 99 81 307 307
0341_0042_0176_0266_0266.jpg 1 42 176 266 266
0342_0144_0042_0259_0259.jpg 1 144 42 259 259
0343_0165_0041_0261_0261.jpg 1 165 41 261 261
0344_0041_0223_0164_0164.jpg 1 41 223 164 164
0345_0067_0254_0125_0125.jpg 1 67 254 125 125
0346_0097_0021_0348_0348.jpg 1 97 21 348 348
0347_0227_0344_0074_0074.jpg 1 227 344 74 74
0348_0058_0039_0308_0308.jpg 1 58 39 308 308
0349_0102_0200_0149_0149.jpg 1 102 200 149 149
0350_0222_0074_0243_0243.jpg 1 222 74 243 243
0351_0145_0193_0097_0097.jpg 1 145 193 97 97
0352_0222_0128_0214_0214.jpg 1 222 128 214 214
0353_0028_0091_0296_0296.jpg 1 28 91 296 296
0354_0065_0270_0170_0170.jpg 1 65 270 170 170
0355_0161_0213_0234_0234.jpg 1 161 213 234 234
0356_0124_0028_0249_0249.jpg 1 124 28 249 249
0357_0259_0227_0080_0080.jpg 1 259 227 80 80
0358_0021_0094_0314_0314.jpg 1 21 94 314 314
0359_0176_0079_0222_0222.jpg 1 176 79 222 222
0360_0346_0048_0072_0072.jpg 1 346 48 72 72
0361_0127_0147_0229_0229.jpg 1 127 147 229 229
0362_0149_0163_0059_0059.jpg 1 149 163 59 59
0363_0127_0128_0289_0289.jpg 1 127 128 289 289
0364_0138_0250_0179_0179.jpg 1 138 250 179 179
0365_0177_0221_0096_0096.jpg 1 177 221 96 96
0366_0158_0057_0250_0250.jpg 1 158 57 250 250
0367_0032_0063_0325_0325.jpg 1 32 63 325 325
0368_0148_0248_0220_0220.jpg 1 148 248 220 220
0369_0149_0143_0266_0266.jpg 1 149 143 266 266
0370_0105_0104_0220_0220.jpg 1 105 104 220 220
0371_0169_0319_0085_0085.jpg 1 169 319 85 85
0372_0086_0074_0342_0342.jpg 1 86 74 342 342
0373_0114_0073_0333_0333.jpg 1 114 73 333 333
0374_0245_0049_0199_0199.jpg 1 245 49 199 199
0375_0238_0214_0133_0133.jpg 1 238 214 133 133
0376_0361_0242_0072_0072.jpg 1 361 242 72 72
0377_0129_0033_0247_0247.jpg 1 129 33 247 247
0378_0275_0101_0027_0027.jpg 1 275 101 27 27
0379_0176_0240_0124_0124.jpg 1 176 240 124 124
0380_0352_0161_0054_0054.jpg 1 352 161 54 54
0381_0090_0119_0068_0068.jpg 1 90 119 68 68
0382_0032_0112_0187_0187.jpg 1 32 112 187 187
0383_0224_0249_0216_0216.jpg 1 224 249 216 216
0384_0027_0149_0286_0286.jpg 1 27 149 286 286
0385_0178_0112_0188_0188.jpg 1 178 112 188 188
0386_0284_0223_0059_0059.jpg 1 284 223 59 59
0387_0064_0192_0197_0197.jpg 1 64 192 197 197
0388_0139_0231_0099_0099.jpg 1 139 231 99 99
0389_0146_0108_0314_0314.jpg 1 146 108 314 314
0390_0089_0197_0242_0242.jpg 1 89 197 242 242
0391_0079_0235_0143_0143.jpg 1 79 235 143 143
0392_0251_0270_0127_0127.jpg 1 251 270 127 127
0393_0051_0090_0197_0197.jpg 1 51 90 197 197
0394_0102_0017_0335_0335.jpg 1 102 17 335 335
0395_0123_0159_0223_0223.jpg 1 123 159 223 223
0396_0120_0085_0168_0168.jpg 1 120 85 168 168
0397_0177_0135_0061_0061.jpg 1 177 135 61 61
0398_0303_0056_0027_0027.jpg 1 303 56 27 27
0399_0103_0195_0064_0064.jpg 1 103 195 64 64
0400_0091_0029_0348_0348.jpg 1 91 29 348 348
0401_0041_0112_0176_0176.jpg 1 41 112 176 176
0402_0082_0060_0196_0196.jpg 1 82 60 196 196
0403_0387_0240_0051_0051.jpg 1 387 240 51 51
0404_0326_0150_0119_0119.jpg 1 326 150 119 119
0405_0105_0049_0347_0347.jpg 1 105 49 347 347
0406_0249_0193_0072_0072.jpg 1 249 193 72 72
0407_0142_0194_0108_0108.jpg 1 142 194 108 108
0408_0354_0317_0070_0070.jpg 1 354 317 70 70
0409_0106_0138_0243_0243.jpg 1 106 138 243 243
0410_0155_0046_0235_0235.jpg 1 155 46 235 235
0411_0128_0056_0299_0299.jpg 1 128 56 299 299
0412_0204_0395_0038_0038.jpg 1 204 395 38 38
0413_0157_0060_0323_0323.jpg 1 157 60 323 323
0414_0132_0044_0180_0180.jpg 1 132 44 180 180
0415_0306_0329_0101_0101.jpg 1 306 329 101 101
0416_0205_0141_0080_0080.jpg 1 205 141 80 80
0417_0071_0179_0123_0123.jpg 1 71 179 123 123
0418_0093_0078_0222_0222.jpg 1 93 78 222 222
0419_0143_0040_0189_0189.jpg 1 143 40 189 189
0420_0182_0163_0201_0201.jpg 1 182 163 201 201
0421_0289_0059_0124_0124.jpg 1 289 59 124 124
0422_0341_0332_0048_0048.jpg 1 341 332 48 48
0423_0070_0202_0233_0233.jpg 1 70 202 233 233
0424_0073_0140_0221_0221.jpg 1 73 140 221 221
0425_0060_0137_0346_0346.jpg 1 60 137 346 346
0426_0109_0147_0331_0331.jpg 1 109 147 331 331
0427_0149_0138_0298_0298.jpg 1 149 138 298 298
0428_0265_0080_0196_0196.jpg 1 265 80 196 196
0429_0019_0146_0324_0324.jpg 1 19 146 324 324
0430_0153_0141_0120_0120.jpg 1 153 141 120 120
0431_0059_0345_0034_0034.jpg 1 59 345 34 34
0432_0063_0050_0333_0333.jpg 1 63 50 333 333
0433_0108_0104_0319_0319.jpg 1 108 104 319 319
0434_0152_0201_0214_0214.jpg 1 152 201 214 214
0435_0264_0082_0188_0188.jpg 1 264 82 188 188
0436_0173_0125_0277_0277.jpg 1 173 125 277 277
0437_0057_0060_0177_0177.jpg 1 57 60 177 177
0438_0050_0276_0038_0038.jpg 1 50 276 38 38
0439_0148_0063_0224_0224.jpg 1 148 63 224 224
0440_0108_0031_0237_0237.jpg 1 108 31 237 237
0441_0108_0074_0342_0342.jpg 1 108 74 342 342
0442_0081_0170_0261_0261.jpg 1 81 170 261 261
0443_0213_0271_0170_0170.jpg 1 213 271 170 170
0444_0173_0061_0201_0201.jpg 1 173 61 201 201
0445_0180_0257_0095_0095.jpg 1 180 257 95 95
0446_0226_0096_0220_0220.jpg 1 226 96 220 220
0447_0020_0064_0344_0344.jpg 1 20 64 344 344
0448_0261_0048_0101_0101.jpg 1 261 48 101 101
0449_0199_0271_0138_0138.jpg 1 199 271 138 138
0450_0061_0112_0335_0335.jpg 1 61 112 335 335
0451_0087_0060_0302_0302.jpg 1 87 60 302 302
0452_0309_0138_0034_0034.jpg 1 309 138 34 34
0453_0073_0202_0270_0270.jpg 1 73 202 270 270
0454_0273_0128_0127_0127.jpg 1 273 128 127 127
0455_0291_0131_0064_0064.jpg 1 291 131 64 64
0456_0147_0067_0277_0277.jpg 1 147 67 277 277
0457_0264_0278_0172_0172.jpg 1 264 278 172 172
0458_0046_0147_0244_0244.jpg 1 46 147 244 244
0459_0096_0090_0179_0179.jpg 1 96 90 179 179
0460_0345_0174_0093_0093.jpg 1 345 174 93 93
0461_0071_0094_0195_0195.jpg 1 71 94 195 195
0462_0104_0133_0311_0311.jpg 1 104 133 311 311
0463_0044_0141_0330_0330.jpg 1 44 141 330 330
0464_0130_0049_0242_0242.jpg 1 130 49 242 242
0465_0048_0058_0194_0194.jpg 1 48 58 194 194
0466_0021_0070_0339_0339.jpg 1 21 70 339 339
0467_0155_0099_0326_0326.jpg 1 155 99 326 326
0468_0336_0218_0107_0107.jpg 1 336 218 107 107
0469_0102_0066_0079_0079.jpg 1 102 66 79 79
0470_0101_0232_0209_0209.jpg 1 101 232 209 209
0471_0216_0165_0173_0173.jpg 1 216 165 173 173
0472_0183_0131_0247_0247.jpg 1 183 131 247 247
0473_0170_0113_0168_0168.jpg 1 170 113 168 168
0474_0189_0179_0159_0159.jpg 1 189 179 159 159
0475_0233_0090_0226_0226.jpg 1 233 90 226 226
0476_0098_0043_0236_0236.jpg 1 98 43 236 236
0477_0075_0166_0169_0169.jpg 1 75 166 169 169
0478_0115_0055_0220_0220.jpg 1 115 55 220 220
0479_0089_0129_0237_0237.jpg 1 89 129 237 237
0480_0139_0041_0213_0213.jpg 1 139 41 213 213
0481_0197_0136_0196_0196.jpg 1 197 136 196 196
0482_0245_0199_0222_0222.jpg 1 245 199 222 222
0483_0106_0312_0116_0116.jpg 1 106 312 116 116
0484_0176_0244_0172_0172.jpg 1 176 244 172 172
0485_0029_0027_0316_0316.jpg 1 29 27 316 316
0486_0070_0165_0298_0298.jpg 1 70 165 298 298
0487_0194_0174_0141_0141.jpg 1 194 174 141 141
0488_0124_0159_0319_0319.jpg 1 124 159 319 319
0489_0262_0116_0027_0027.jpg 1 262 116 27 27
0490_0054_0236_0222_0222.jpg 1 54 236 222 222
0491_0099_0120_0327_0327.jpg 1 99 120 327 327
0492_0269_0297_0119_0119.jpg 1 269 297 119 119
0493_0171_0149_0089_0089.jpg 1 171 149 89 89
0494_0063_0139_0281_0281.jpg 1 63 139 281 281
0495_0363_0097_0061_0061.jpg 1 363 97 61 61
0496_0208_0164_0184_0184.jpg 1 208 164 184 184
0497_0184_0149_0110_0110.jpg 1 184 149 110 110
0498_0103_0128_0291_0291.jpg 1 103 128 291 291
0499_0342_0069_0113_0113.jpg 1 342 69 113 113
0500_0302_0343_0063_0063.jpg 1 302 343 63 63
0501_0147_0099_0276_0276.jpg 1 147 99 276 276
0502_0271_0250_0186_0186.jpg 1 271 250 186 186
0503_0250_0265_0155_0155.jpg 1 250 265 155 155
0504_0109_0140_0257_0257.jpg 1 109 140 257 257
0505_0040_0170_0269_0269.jpg 1 40 170 269 269
0506_0166_0156_0111_0111.jpg 1 166 156 111 111
0507_0280_0166_0067_0067.jpg 1 280 166 67 67
0508_0234_0139_0220_0220.jpg 1 234 139 220 220
0509_0040_0051_0347_0347.jpg 1 40 51 347 347
0510_0119_0220_0198_0198.jpg 1 119 220 198 198
0511_0176_0070_0255_0255.jpg 1 176 70 255 255
0512_0194_0036_0184_0184.jpg 1 194 36 184 184
0513_0147_0132_0308_0308.jpg 1 147 132 308 308
0514_0251_0087_0218_0218.jpg 1 251 87 218 218
0515_0052_0220_0053_0053.jpg 1 52 220 53 53
0516_0128_0106_0313_0313.jpg 1 128 106 313 313
0517_0202_0313_0093_0093.jpg 1 202 313 93 93
0518_0143_0183_0108_0108.jpg 1 143 183 108 108
0519_0248_0196_0103_0103.jpg 1 248 196 103 103
0520_0141_0073_0337_0337.jpg 1 141 73 337 337
0521_0144_0111_0308_0308.jpg 1 144 111 308 308
0522_0119_0077_0268_0268.jpg 1 119 77 268 268
0523_0164_0053_0162_0162.jpg 1 164 53 162 162
0524_0178_0210_0258_0258.jpg 1 178 210 258 258
0525_0070_0025_0326_0326.jpg 1 70 25 326 326
0526_0177_0238_0144_0144.jpg 1 177 238 144 144
0527_0162_0287_0105_0105.jpg 1 162 287 105 105
0528_0418_0058_0034_0034.jpg 1 418 58 34 34
0529_0149_0066_0146_0146.jpg 1 149 66 146 146
0530_0098_0108_0269_0269.jpg 1 98 108 269 269
0531_0176_0123_0140_0140.jpg 1 176 123 140 140
0532_0067_0107_0170_0170.jpg 1 67 107 170 170
0533_0073_0171_0193_0193.jpg 1 73 171 193 193
0534_0121_0238_0200_0200.jpg 1 121 238 200 200
0535_0325_0281_0071_0071.jpg 1 325 281 71 71
0536_0145_0022_0327_0327.jpg 1 145 22 327 327
0537_0123_0117_0262_0262.jpg 1 123 117 262 262
0538_0278_0047_0159_0159.jpg 1 278 47 159 159
0539_0190_0247_0189_0189.jpg 1 190 247 189 189
0540_0096_0074_0213_0213.jpg 1 96 74 213 213
0541_0095_0174_0277_0277.jpg 1 95 174 277 277
0542_0271_0069_0190_0190.jpg 1 271 69 190 190
0543_0032_0184_0183_0183.jpg 1 32 184 183 183
0544_0173_0193_0230_0230.jpg 1 173 193 230 230
0545_0235_0081_0137_0137.jpg 1 235 81 137 137
0546_0205_0177_0192_0192.jpg 1 205 177 192 192
0547_0217_0084_0215_0215.jpg 1 217 84 215 215
0548_0239_0187_0213_0213.jpg 1 239 187 213 213
0549_0132_0342_0092_0092.jpg 1 132 342 92 92
0550_0279_0401_0033_0033.jpg 1 279 401 33 33
0551_0130_0044_0248_0248.jpg 1 130 44 248 248
0552_0132_0152_0313_0313.jpg 1 132 152 313 313
0553_0353_0136_0102_0102.jpg 1 353 136 102 102
0554_0159_0215_0137_0137.jpg 1 159 215 137 137
0555_0092_0196_0182_0182.jpg 1 92 196 182 182
0556_0117_0054_0186_0186.jpg 1 117 54 186 186
0557_0060_0165_0201_0201.jpg 1 60 165 201 201
0558_0334_0163_0093_0093.jpg 1 334 163 93 93
0559_0223_0219_0167_0167.jpg 1 223 219 167 167
0560_0093_0242_0172_0172.jpg 1 93 242 172 172
0561_0143_0028_0296_0296.jpg 1 143 28 296 296
0562_0229_0162_0165_0165.jpg 1 229 162 165 165
0563_0161_0110_0075_0075.jpg 1 161 110 75 75
0564_0221_0057_0216_0216.jpg 1 221 57 216 216
0565_0122_0045_0270_0270.jpg 1 122 45 270 270
0566_0121_0145_0332_0332.jpg 1 121 145 332 332
0567_0113_0109_0330_0330.jpg 1 113 109 330 330
0568_0198_0125_0230_0230.jpg 1 198 125 230 230
0569_0097_0127_0262_0262.jpg 1 97 127 262 262
0570_0029_0034_0338_0338.jpg 1 29 34 338 338
0571_0092_0168_0275_0275.jpg 1 92 168 275 275
0572_0087_0044_0279_0279.jpg 1 87 44 279 279
0573_0208_0210_0176_0176.jpg 1 208 210 176 176
0574_0055_0039_0249_0249.jpg 1 55 39 249 249
0575_0155_0055_0315_0315.jpg 1 155 55 315 315
0576_0078_0142_0287_0287.jpg 1 78 142 287 287
0577_0204_0205_0246_0246.jpg 1 204 205 246 246
0578_0292_0397_0045_0045.jpg 1 292 397 45 45
0579_0172_0173_0275_0275.jpg 1 172 173 275 275
0580_0026_0103_0247_0247.jpg 1 26 103 247 247
0581_0148_0259_0126_0126.jpg 1 148 259 126 126
0582_0166_0147_0295_0295.jpg 1 166 147 295 295
0583_0266_0308_0090_0090.jpg 1 266 308 90 90
0584_0115_0129_0300_0300.jpg 1 115 129 300 300
0585_0316_0149_0026_0026.jpg 1 316 149 26 26
0586_0118_0313_0152_0152.jpg 1 118 313 152 152
0587_0075_0162_0222_0222.jpg 1 75 162 222 222
0588_0120_0320_0129_0129.jpg 1 120 320 129 129
0589_0057_0208_0205_0205.jpg 1 57 208 205 205
0590_0166_0295_0115_0115.jpg 1 166 295 115 115
0591_0279_0358_0055_0055.jpg 1 279 358 55 55
0592_0201_0201_0154_0154.jpg 1 201 201 154 154
0593_0105_0110_0134_0134.jpg 1 105 110 134 134
0594_0066_0148_0246_0246.jpg 1 66 148 246 246
0595_0022_0142_0339_0339.jpg 1 22 142 339 339
0596_0089_0040_0115_0115.jpg 1 89 40 115 115
0597_0332_0096_0083_0083.jpg 1 332 96 83 83
0598_0295_0193_0089_0089.jpg 1 295 193 89 89
0599_0062_0151_0277_0277.jpg 1 62 151 277 277
0600_0146_0164_0124_0124.jpg 1 146 164 124 124
0601_0355_0179_0055_0055.jpg 1 355 179 55 55
0602_0172_0047_0199_0199.jpg 1 172 47 199 199
0603_0050_0096_0085_0085.jpg 1 50 96 85 85
0604_0163_0066_0263_0263.jpg 1 163 66 263 263
0605_0023_0035_0336_0336.jpg 1 23 35 336 336
0606_0029_0068_0253_0253.jpg 1 29 68 253 253
0607_0070_0368_0075_0075.jpg 1 70 368 75 75
0608_0108_0133_0346_0346.jpg 1 108 133 346 346
0609_0185_0164_0099_0099.jpg 1 185 164 99 99
0610_0361_0198_0055_0055.jpg 1 361 198 55 55
0611_0204_0189_0232_0232.jpg 1 204 189 232 232
0612_0032_0066_0185_0185.jpg 1 32 66 185 185
0613_0047_0194_0080_0080.jpg 1 47 194 80 80
0614_0405_0121_0041_0041.jpg 1 405 121 41 41
0615_0267_0205_0064_0064.jpg 1 267 205 64 64
0616_0306_0118_0129_0129.jpg 1 306 118 129 129
0617_0135_0098_0279_0279.jpg 1 135 98 279 279
0618_0122_0061_0098_0098.jpg 1 122 61 98 98
0619_0222_0106_0223_0223.jpg 1 222 106 223 223
0620_0112_0055_0198_0198.jpg 1 112 55 198 198
0621_0246_0174_0172_0172.jpg 1 246 174 172 172
0622_0031_0130_0258_0258.jpg 1 31 130 258 258
0623_0237_0231_0060_0060.jpg 1 237 231 60 60
0624_0131_0060_0325_0325.jpg 1 131 60 325 325
0625_0040_0221_0131_0131.jpg 1 40 221 131 131
0626_0054_0096_0301_0301.jpg 1 54 96 301 301
0627_0080_0041_0343_0343.jpg 1 80 41 343 343
0628_0160_0166_0305_0305.jpg 1 160 166 305 305
0629_0208_0130_0222_0222.jpg 1 208 130 222 222
0630_0064_0107_0289_0289.jpg 1 64 107 289 289
0631_0207_0135_0268_0268.jpg 1 207 135 268 268
0632_0057_0118_0318_0318.jpg 1 57 118 318 318
0633_0095_0168_0205_0205.jpg 1 95 168 205 205
0634_0341_0259_0103_0103.jpg 1 341 259 103 103
0635_0144_0041_0193_0193.jpg 1 144 41 193 193
0636_0022_0110_0315_0315.jpg 1 22 110 315 315
0637_0089_0282_0091_0091.jpg 1 89 282 91 91
0638_0244_0157_0194_0194.jpg 1 244 157 194 194
0639_0132_0096_0295_0295.jpg 1 132 96 295 295
0640_0170_0203_0075_0075.jpg 1 170 203 75 75
0641_0194_0182_0100_0100.jpg 1 194 182 100 100
0642_0141_0134_0342_0342.jpg 1 141 134 342 342
0643_0098_0068_0203_0203.jpg 1 98 68 203 203
0644_0268_0260_0133_0133.jpg 1 268 260 133 133
0645_0102_0105_0279_0279.jpg 1 102 105 279 279
0646_0117_0071_0192_0192.jpg 1 117 71 192 192
0647_0325_0095_0113_0113.jpg 1 325 95 113 113
0648_0193_0280_0037_0037.jpg 1 193 280 37 37
0649_0044_0036_0326_0326.jpg 1 44 36 326 326
0650_0079_0147_0285_0285.jpg 1 79 147 285 285
0651_0213_0190_0184_0184.jpg 1 213 190 184 184
0652_0133_0195_0117_0117.jpg 1 133 195 117 117
0653_0206_0161_0087_0087.jpg 1 206 161 87 87
0654_0329_0111_0076_0076.jpg 1 329 111 76 76
0655_0056_0134_0338_0338.jpg 1 56 134 338 338
0656_0043_0197_0096_0096.jpg 1 43 197 96 96
0657_0123_0059_0257_0257.jpg 1 123 59 257 257
0658_0064_0077_0276_0276.jpg 1 64 77 276 276
0659_0135_0163_0204_0204.jpg 1 135 163 204 204
0660_0352_0305_0096_0096.jpg 1 352 305 96 96
0661_0381_0190_0057_0057.jpg 1 381 190 57 57
0662_0137_0068_0168_0168.jpg 1 137 68 168 168
0663_0376_0299_0043_0043.jpg 1 376 299 43 43
0664_0091_0082_0227_0227.jpg 1 91 82 227 227
0665_0055_0025_0316_0316.jpg 1 55 25 316 316
0666_0148_0179_0027_0027.jpg 1 148 179 27 27
0667_0154_0265_0154_0154.jpg 1 154 265 154 154
0668_0080_0247_0161_0161.jpg 1 80 247 161 161
0669_0138_0021_0287_0287.jpg 1 138 21 287 287
0670_0118_0034_0289_0289.jpg 1 118 34 289 289
0671_0307_0207_0083_0083.jpg 1 307 207 83 83
0672_0088_0108_0216_0216.jpg 1 88 108 216 216
0673_0096_0175_0161_0161.jpg 1 96 175 161 161
0674_0266_0294_0140_0140.jpg 1 266 294 140 140
0675_0134_0202_0065_0065.jpg 1 134 202 65 65
0676_0040_0130_0321_0321.jpg 1 40 130 321 321
0677_0034_0031_0297_0297.jpg 1 34 31 297 297
0678_0038_0113_0242_0242.jpg 1 38 113 242 242
0679_0292_0331_0126_0126.jpg 1 292 331 126 126
0680_0055_0072_0033_0033.jpg 1 55 72 33 33
0681_0123_0169_0311_0311.jpg 1 123 169 311 311
0682_0203_0026_0254_0254.jpg 1 203 26 254 254
0683_0061_0095_0299_0299.jpg 1 61 95 299 299
0684_0114_0163_0268_0268.jpg 1 114 163 268 268
0685_0070_0194_0176_0176.jpg 1 70 194 176 176
0686_0154_0051_0179_0179.jpg 1 154 51 179 179
0687_0118_0182_0164_0164.jpg 1 118 182 164 164
0688_0268_0091_0156_0156.jpg 1 268 91 156 156
0689_0106_0083_0334_0334.jpg 1 106 83 334 334
0690_0117_0093_0183_0183.jpg 1 117 93 183 183
0691_0067_0047_0087_0087.jpg 1 67 47 87 87
0692_0096_0100_0245_0245.jpg 1 96 100 245 245
0693_0153_0184_0209_0209.jpg 1 153 184 209 209
0694_0321_0331_0094_0094.jpg 1 321 331 94 94
0695_0077_0167_0190_0190.jpg 1 77 167 190 190
0696_0280_0174_0103_0103.jpg 1 280 174 103 103
0697_0109_0017_0330_0330.jpg 1 109 17 330 330
0698_0172_0072_0270_0270.jpg 1 172 72 270 270
0699_0086_0032_0308_0308.jpg 1 86 32 308 308
0700_0193_0131_0233_0233.jpg 1 193 131 233 233
0701_0114_0082_0319_0319.jpg 1 114 82 319 319
0702_0119_0167_0096_0096.jpg 1 119 167 96 96
0703_0103_0119_0281_0281.jpg 1 103 119 281 281
0704_0028_0019_0334_0334.jpg 1 28 19 334 334
0705_0249_0125_0180_0180.jpg 1 249 125 180 180
0706_0245_0414_0024_0024.jpg 1 245 414 24 24
0707_0128_0081_0323_0323.jpg 1 128 81 323 323
0708_0129_0062_0349_0349.jpg 1 129 62 349 349
0709_0299_0314_0059_0059.jpg 1 299 314 59 59
0710_0261_0272_0051_0051.jpg 1 261 272 51 51
0711_0101_0066_0185_0185.jpg 1 101 66 185 185
0712_0131_0177_0286_0286.jpg 1 131 177 286 286
0713_0068_0093_0287_0287.jpg 1 68 93 287 287
0714_0151_0287_0090_0090.jpg 1 151 287 90 90
0715_0239_0308_0104_0104.jpg 1 239 308 104 104
0716_0108_0051_0086_0086.jpg 1 108 51 86 86
0717_0211_0093_0106_0106.jpg 1 211 93 106 106
0718_0063_0105_0174_0174.jpg 1 63 105 174 174
0719_0054_0045_0309_0309.jpg 1 54 45 309 309
0720_0120_0098_0334_0334.jpg 1 120 98 334 334
0721_0093_0165_0271_0271.jpg 1 93 165 271 271
0722_0056_0068_0154_0154.jpg 1 56 68 154 154
0723_0121_0165_0251_0251.jpg 1 121 165 251 251
0724_0299_0298_0132_0132.jpg 1 299 298 132 132
0725_0281_0145_0130_0130.jpg 1 281 145 130 130
0726_0097_0043_0076_0076.jpg 1 97 43 76 76
0727_0085_0128_0309_0309.jpg 1 85 128 309 309
0728_0141_0053_0322_0322.jpg 1 141 53 322 322
0729_0127_0078_0186_0186.jpg 1 127 78 186 186
0730_0277_0198_0110_0110.jpg 1 277 198 110 110
0731_0068_0135_0153_0153.jpg 1 68 135 153 153
0732_0233_0185_0070_0070.jpg 1 233 185 70 70
0733_0113_0323_0139_0139.jpg 1 113 323 139 139
0734_0340_0240_0103_0103.jpg 1 340 240 103 103
0735_0228_0128_0143_0143.jpg 1 228 128 143 143
0736_0139_0166_0118_0118.jpg 1 139 166 118 118
0737_0200_0244_0177_0177.jpg 1 200 244 177 177
0738_0150_0111_0098_0098.jpg 1 150 111 98 98
0739_0079_0178_0074_0074.jpg 1 79 178 74 74
0740_0068_0060_0125_0125.jpg 1 68 60 125 125
0741_0068_0105_0280_0280.jpg 1 68 105 280 280
0742_0354_0364_0091_0091.jpg 1 354 364 91 91
0743_0372_0296_0085_0085.jpg 1 372 296 85 85
0744_0191_0168_0192_0192.jpg 1 191 168 192 192
0745_0158_0237_0166_0166.jpg 1 158 237 166 166
0746_0160_0362_0083_0083.jpg 1 160 362 83 83
0747_0123_0064_0347_0347.jpg 1 123 64 347 347
0748_0125_0094_0182_0182.jpg 1 125 94 182 182
0749_0156_0054_0046_0046.jpg 1 156 54 46 46
0750_0109_0243_0096_0096.jpg 1 109 243 96 96
0751_0159_0057_0242_0242.jpg 1 159 57 242 242
0752_0045_0194_0204_0204.jpg 1 45 194 204 204
0753_0248_0032_0223_0223.jpg 1 248 32 223 223
0754_0076_0109_0030_0030.jpg 1 76 109 30 30
0755_0253_0062_0201_0201.jpg 1 253 62 201 201
0756_0122_0095_0121_0121.jpg 1 122 95 121 121
0757_0257_0209_0195_0195.jpg 1 257 209 195 195
0758_0244_0105_0151_0151.jpg 1 244 105 151 151
0759_0134_0095_0040_0040.jpg 1 134 95 40 40
0760_0072_0148_0331_0331.jpg 1 72 148 331 331
0761_0143_0081_0093_0093.jpg 1 143 81 93 93
0762_0074_0125_0314_0314.jpg 1 74 125 314 314
0763_0394_0109_0049_0049.jpg 1 394 109 49 49
0764_0136_0240_0177_0177.jpg 1 136 240 177 177
0765_0037_0097_0305_0305.jpg 1 37 97 305 305
0766_0055_0022_0342_0342.jpg 1 55 22 342 342
0767_0029_0077_0315_0315.jpg 1 29 77 315 315
0768_0323_0249_0028_0028.jpg 1 323 249 28 28
0769_0038_0172_0268_0268.jpg 1 38 172 268 268
0770_0212_0257_0028_0028.jpg 1 212 257 28 28
0771_0141_0141_0283_0283.jpg 1 141 141 283 283
0772_0148_0299_0134_0134.jpg 1 148 299 134 134
0773_0041_0205_0160_0160.jpg 1 41 205 160 160
0774_0239_0106_0137_0137.jpg 1 239 106 137 137
0775_0084_0053_0257_0257.jpg 1 84 53 257 257
0776_0168_0160_0075_0075.jpg 1 168 160 75 75
0777_0224_0058_0190_0190.jpg 1 224 58 190 190
0778_0030_0108_0297_0297.jpg 1 30 108 297 297
0779_0174_0058_0234_0234.jpg 1 174 58 234 234
0780_0180_0307_0109_0109.jpg 1 180 307 109 109
0781_0364_0198_0046_0046.jpg 1 364 198 46 46
0782_0104_0204_0117_0117.jpg 1 104 204 117 117
0783_0035_0084_0260_0260.jpg 1 35 84 260 260
0784_0066_0086_0327_0327.jpg 1 66 86 327 327
0785_0138_0122_0135_0135.jpg 1 138 122 135 135
0786_0196_0268_0185_0185.jpg 1 196 268 185 185
0787_0124_0162_0260_0260.jpg 1 124 162 260 260
0788_0294_0142_0136_0136.jpg 1 294 142 136 136
0789_0056_0102_0280_0280.jpg 1 56 102 280 280
0790_0380_0272_0039_0039.jpg 1 380 272 39 39
0791_0149_0283_0120_0120.jpg 1 149 283 120 120
0792_0262_0364_0050_0050.jpg 1 262 364 50 50
0793_0222_0041_0240_0240.jpg 1 222 41 240 240
0794_0398_0353_0036_0036.jpg 1 398 353 36 36
0795_0159_0170_0213_0213.jpg 1 159 170 213 213
0796_0261_0310_0110_0110.jpg 1 261 310 110 110
0797_0116_0265_0194_0194.jpg 1 116 265 194 194
0798_0142_0138_0214_0214.jpg 1 142 138 214 214
0799_0128_0039_0307_0307.jpg 1 128 39 307 307
0800_0085_0058_0312_0312.jpg 1 85 58 312 312
0801_0402_0147_0038_0038.jpg 1 402 147 38 38
0802_0140_0293_0115_0115.jpg 1 140 293 115 115
0803_0031_0256_0191_0191.jpg 1 31 256 191 191
0804_0182_0338_0053_0053.jpg 1 182 338 53 53
0805_0141_0283_0108_0108.jpg 1 141 283 108 108
0806_0106_0171_0307_0307.jpg 1 106 171 307 307
0807_0248_0115_0179_0179.jpg 1 248 115 179 179
0808_0105_0283_0139_0139.jpg 1 105 283 139 139
0809_0210_0170_0119_0119.jpg 1 210 170 119 119
0810_0298_0291_0066_0066.jpg 1 298 291 66 66
0811_0082_0074_0179_0179.jpg 1 82 74 179 179
0812_0063_0127_0193_0193.jpg 1 63 127 193 193
0813_0040_0188_0106_0106.jpg 1 40 188 106 106
0814_0232_0122_0187_0187.jpg 1 232 122 187 187
0815_0039_0146_0300_0300.jpg 1 39 146 300 300
0816_0160_0100_0241_0241.jpg 1 160 100 241 241
0817_0060_0035_0349_0349.jpg 1 60 35 349 349
0818_0115_0080_0184_0184.jpg 1 115 80 184 184
0819_0047_0056_0079_0079.jpg 1 47 56 79 79
0820_0211_0201_0189_0189.jpg 1 211 201 189 189
0821_0082_0216_0127_0127.jpg 1 82 216 127 127
0822_0095_0082_0299_0299.jpg 1 95 82 299 299
0823_0315_0109_0089_0089.jpg 1 315 109 89 89
0824_0052_0091_0289_0289.jpg 1 52 91 289 289
0825_0313_0251_0087_0087.jpg 1 313 251 87 87
0826_0182_0179_0236_0236.jpg 1 182 179 236 236
0827_0111_0196_0050_0050.jpg 1 111 196 50 50
0828_0216_0113_0237_0237.jpg 1 216 113 237 237
0829_0100_0090_0339_0339.jpg 1 100 90 339 339
0830_0086_0206_0232_0232.jpg 1 86 206 232 232
0831_0215_0154_0220_0220.jpg 1 215 154 220 220
0832_0038_0143_0325_0325.jpg 1 38 143 325 325
0833_0221_0113_0249_0249.jpg 1 221 113 249 249
0834_0071_0037_0328_0328.jpg 1 71 37 328 328
0835_0105_0118_0154_0154.jpg 1 105 118 154 154
0836_0082_0085_0264_0264.jpg 1 82 85 264 264
0837_0065_0195_0212_0212.jpg 1 65 195 212 212
0838_0150_0035_0303_0303.jpg 1 150 35 303 303
0839_0136_0071_0242_0242.jpg 1 136 71 242 242
0840_0138_0200_0232_0232.jpg 1 138 200 232 232
0841_0192_0093_0237_0237.jpg 1 192 93 237 237
0842_0226_0042_0220_0220.jpg 1 226 42 220 220
0843_0125_0306_0041_0041.jpg 1 125 306 41 41
0844_0114_0200_0037_0037.jpg 1 114 200 37 37
0845_0145_0126_0237_0237.jpg 1 145 126 237 237
0846_0154_0231_0036_0036.jpg 1 154 231 36 36
0847_0066_0173_0029_0029.jpg 1 66 173 29 29
0848_0262_0052_0090_0090.jpg 1 262 52 90 90
0849_0222_0203_0212_0212.jpg 1 222 203 212 212
0850_0109_0346_0077_0077.jpg 1 109 346 77 77
0851_0254_0395_0027_0027.jpg 1 254 395 27 27
0852_0053_0102_0148_0148.jpg 1 53 102 148 148
0853_0217_0111_0057_0057.jpg 1 217 111 57 57
0854_0047_0052_0335_0335.jpg 1 47 52 335 335
0855_0105_0240_0132_0132.jpg 1 105 240 132 132
0856_0165_0029_0287_0287.jpg 1 165 29 287 287
0857_0292_0268_0074_0074.jpg 1 292 268 74 74
0858_0052_0343_0090_0090.jpg 1 52 343 90 90
0859_0124_0035_0326_0326.jpg 1 124 35 326 326
0860_0022_0033_0319_0319.jpg 1 22 33 319 319
0861_0225_0328_0083_0083.jpg 1 225 328 83 83
0862_0057_0038_0311_0311.jpg 1 57 38 311 311
0863_0267_0185_0145_0145.jpg 1 267 185 145 145
0864_0118_0250_0217_0217.jpg 1 118 250 217 217
0865_0083_0106_0154_0154.jpg 1 83 106 154 154
0866_0048_0312_0099_0099.jpg 1 48 312 99 99
0867_0300_0255_0142_0142.jpg 1 300 255 142 142
0868_0042_0085_0178_0178.jpg 1 42 85 178 178
0869_0146_0141_0255_0255.jpg 1 146 141 255 255
0870_0186_0108_0245_0245.jpg 1 186 108 245 245
0871_0091_0169_0214_0214.jpg 1 91 169 214 214
0872_0129_0158_0321_0321.jpg 1 129 158 321 321
0873_0101_0121_0220_0220.jpg 1 101 121 220 220
0874_0155_0338_0041_0041.jpg 1 155 338 41 41
0875_0037_0146_0227_0227.jpg 1 37 146 227 227
0876_0052_0091_0178_0178.jpg 1 52 91 178 178
0877_0215_0103_0216_0216.jpg 1 215 103 216 216
0878_0158_0252_0180_0180.jpg 1 158 252 180 180
0879_0043_0150_0223_0223.jpg 1 43 150 223 223
0880_0158_0160_0261_0261.jpg 1 158 160 261 261
0881_0257_0284_0056_0056.jpg 1 257 284 56 56
0882_0036_0058_0315_0315.jpg 1 36 58 315 315
0883_0093_0184_0097_0097.jpg 1 93 184 97 97
0884_0309_0408_0044_0044.jpg 1 309 408 44 44
0885_0162_0164_0186_0186.jpg 1 162 164 186 186
0886_0051_0265_0143_0143.jpg 1 51 265 143 143
0887_0167_0198_0215_0215.jpg 1 167 198 215 215
0888_0185_0185_0290_0290.jpg 1 185 185 290 290
0889_0093_0221_0069_0069.jpg 1 93 221 69 69
0890_0101_0047_0097_0097.jpg 1 101 47 97 97
0891_0125_0289_0090_0090.jpg 1 125 289 90 90
0892_0068_0275_0193_0193.jpg 1 68 275 193 193
0893_0199_0028_0228_0228.jpg 1 199 28 228 228
0894_0191_0139_0119_0119.jpg 1 191 139 119 119
0895_0124_0110_0307_0307.jpg 1 124 110 307 307
0896_0166_0290_0167_0167.jpg 1 166 290 167 167
0897_0119_0057_0234_0234.jpg 1 119 57 234 234
0898_0156_0139_0324_0324.jpg 1 156 139 324 324
0899_0083_0225_0188_0188.jpg 1 83 225 188 188
0900_0162_0087_0314_0314.jpg 1 162 87 314 314
0901_0178_0316_0101_0101.jpg 1 178 316 101 101
0902_0233_0102_0199_0199.jpg 1 233 102 199 199
0903_0141_0092_0285_0285.jpg 1 141 92 285 285
0904_0182_0168_0261_0261.jpg 1 182 168 261 261
0905_0215_0198_0220_0220.jpg 1 215 198 220 220
0906_0117_0341_0104_0104.jpg 1 117 341 104 104
0907_0050_0106_0273_0273.jpg 1 50 106 273 273
0908_0071_0179_0189_0189.jpg 1 71 179 189 189
0909_0098_0142_0096_0096.jpg 1 98 142 96 96
0910_0221_0218_0190_0190.jpg 1 221 218 190 190
0911_0124_0207_0168_0168.jpg 1 124 207 168 168
0912_0135_0201_0137_0137.jpg 1 135 201 137 137
0913_0194_0136_0264_0264.jpg 1 194 136 264 264
0914_0112_0028_0288_0288.jpg 1 112 28 288 288
0915_0326_0207_0090_0090.jpg 1 326 207 90 90
0916_0081_0162_0037_0037.jpg 1 81 162 37 37
0917_0089_0158_0084_0084.jpg 1 89 158 84 84
0918_0321_0196_0092_0092.jpg 1 321 196 92 92
0919_0036_0111_0347_0347.jpg 1 36 111 347 347
0920_0271_0200_0177_0177.jpg 1 271 200 177 177
0921_0156_0046_0308_0308.jpg 1 156 46 308 308
0922_0339_0161_0028_0028.jpg 1 339 161 28 28
0923_0258_0144_0061_0061.jpg 1 258 144 61 61
0924_0054_0282_0154_0154.jpg 1 54 282 154 154
0925_0207_0183_0132_0132.jpg 1 207 183 132 132
0926_0147_0151_0142_0142.jpg 1 147 151 142 142
0927_0056_0193_0149_0149.jpg 1 56 193 149 149
0928_0131_0078_0349_0349.jpg 1 131 78 349 349
0929_0260_0237_0205_0205.jpg 1 260 237 205 205
0930_0134_0149_0271_0271.jpg 1 134 149 271 271
0931_0127_0131_0329_0329.jpg 1 127 131 329 329
0932_0313_0058_0131_0131.jpg 1 313 58 131 131
0933_0062_0086_0313_0313.jpg 1 62 86 313 313
0934_0038_0039_0331_0331.jpg 1 38 39 331 331
0935_0215_0050_0113_0113.jpg 1 215 50 113 113
0936_0124_0067_0337_0337.jpg 1 124 67 337 337
0937_0306_0266_0155_0155.jpg 1 306 266 155 155
0938_0103_0110_0172_0172.jpg 1 103 110 172 172
0939_0197_0159_0093_0093.jpg 1 197 159 93 93
0940_0136_0145_0221_0221.jpg 1 136 145 221 221
0941_0146_0028_0328_0328.jpg 1 146 28 328 328
0942_0118_0027_0344_0344.jpg 1 118 27 344 344
0943_0289_0048_0161_0161.jpg 1 289 48 161 161
0944_0187_0193_0265_0265.jpg 1 187 193 265 265
0945_0032_0125_0214_0214.jpg 1 32 125 214 214
0946_0119_0150_0318_0318.jpg 1 119 150 318 318
0947_0177_0142_0210_0210.jpg 1 177 142 210 210
0948_0116_0088_0161_0161.jpg 1 116 88 161 161
0949_0093_0044_0337_0337.jpg 1 93 44 337 337
0950_0134_0059_0264_0264.jpg 1 134 59 264 264
0951_0104_0316_0108_0108.jpg 1 104 316 108 108
0952_0173_0279_0101_0101.jpg 1 173 279 101 101
0953_0245_0049_0117_0117.jpg 1 245 49 117 117
0954_0079_0114_0275_0275.jpg 1 79 114 275 275
0955_0157_0056_0127_0127.jpg 1 157 56 127 127
0956_0267_0171_0061_0061.jpg 1 267 171 61 61
0957_0076_0068_0320_0320.jpg 1 76 68 320 320
0958_0183_0192_0253_0253.jpg 1 183 192 253 253
0959_0133_0150_0163_0163.jpg 1 133 150 163 163
0960_0077_0194_0248_0248.jpg 1 77 194 248 248
0961_0073_0131_0315_0315.jpg 1 73 131 315 315
0962_0231_0271_0171_0171.jpg 1 231 271 171 171
0963_0148_0110_0162_0162.jpg 1 148 110 162 162
0964_0172_0132_0280_0280.jpg 1 172 132 280 280
0965_0144_0068_0238_0238.jpg 1 144 68 238 238
0966_0178_0061_0245_0245.jpg 1 178 61 245 245
0967_0313_0155_0108_0108.jpg 1 313 155 108 108
0968_0345_0344_0055_0055.jpg 1 345 344 55 55
0969_0155_0307_0112_0112.jpg 1 155 307 112 112
0970_0163_0157_0033_0033.jpg 1 163 157 33 33
0971_0160_0106_0307_0307.jpg 1 160 106 307 307
0972_0126_0346_0095_0095.jpg 1 126 346 95 95
0973_0068_0110_0313_0313.jpg 1 68 110 313 313
0974_0143_0043_0102_0102.jpg 1 143 43 102 102
0975_0043_0051_0181_0181.jpg 1 43 51 181 181
0976_0141_0232_0214_0214.jpg 1 141 232 214 214
0977_0210_0178_0225_0225.jpg 1 210 178 225 225
0978_0071_0075_0279_0279.jpg 1 71 75 279 279
0979_0084_0295_0154_0154.jpg 1 84 295 154 154
0980_0101_0141_0328_0328.jpg 1 101 141 328 328
0981_0214_0248_0101_0101.jpg 1 214 248 101 101
0982_0342_0147_0087_0087.jpg 1 342 147 87 87
0983_0200_0203_0102_0102.jpg 1 200 203 102 102
0984_0086_0140_0308_0308.jpg 1 86 140 308 308
0985_0353_0209_0045_0045.jpg 1 353 209 45 45
0986_0234_0346_0089_0089.jpg 1 234 346 89 89
0987_0321_0113_0128_0128.jpg 1 321 113 128 128
0988_0075_0037_0339_0339.jpg 1 75 37 339 339
0989_0180_0100_0195_0195.jpg 1 180 100 195 195
0990_0258_0049_0166_0166.jpg 1 258 49 166 166
0991_0080_0132_0168_0168.jpg 1 80 132 168 168
0992_0116_0074_0345_0345.jpg 1 116 74 345 345
0993_0213_0169_0091_0091.jpg 1 213 169 91 91
0994_0290_0304_0030_0030.jpg 1 290 304 30 30
0995_0125_0041_0321_0321.jpg 1 125 41 321 321
0996_0162_0121_0305_0305.jpg 1 162 121 305 305
0997_0081_0133_0232_0232.jpg 1 81 133 232 232
0998_0054_0102_0297_0297.jpg 1 54 102 297 297
0999_0037_0154_0301_0301.jpg 1 37 154 301 301
1000_0242_0181_0171_0171.jpg 1 242 181 171 171
1001_0201_0164_0075_0075.jpg 1 201 164 75 75
1002_0078_0309_0076_0076.jpg 1 78 309 76 76
1003_0073_0210_0216_0216.jpg 1 73 210 216 216
1004_0096_0109_0082_0082.jpg 1 96 109 82 82
1005_0182_0392_0031_0031.jpg 1 182 392 31 31
1006_0057_0214_0073_0073.jpg 1 57 214 73 73
1007_0141_0171_0201_0201.jpg 1 141 171 201 201
1008_0196_0106_0226_0226.jpg 1 196 106 226 226
1009_0275_0190_0193_0193.jpg 1 275 190 193 193
1010_0344_0105_0091_0091.jpg 1 344 105 91 91
1011_0326_0323_0115_0115.jpg 1 326 323 115 115
1012_0150_0403_0046_0046.jpg 1 150 403 46 46
1013_0185_0124_0256_0256.jpg 1 185 124 256 256
1014_0083_0188_0211_0211.jpg 1 83 188 211 211
1015_0117_0056_0320_0320.jpg 1 117 56 320 320
1016_0299_0305_0151_0151.jpg 1 299 305 151 151
1017_0131_0138_0120_0120.jpg 1 131 138 120 120
1018_0143_0173_0265_0265.jpg 1 143 173 265 265
1019_0192_0284_0051_0051.jpg 1 192 284 51 51
1020_0305_0055_0142_0142.jpg 1 305 55 142 142
1021_0126_0188_0102_0102.jpg 1 126 188 102 102
1022_0308_0107_0074_0074.jpg 1 308 107 74 74
1023_0078_0239_0141_0141.jpg 1 78 239 141 141
1024_0036_0227_0139_0139.jpg 1 36 227 139 139
1025_0187_0050_0194_0194.jpg 1 187 50 194 194
1026_0068_0243_0196_0196.jpg 1 68 243 196 196
1027_0044_0212_0152_0152.jpg 1 44 212 152 152
1028_0235_0349_0041_0041.jpg 1 235 349 41 41
1029_0228_0169_0177_0177.jpg 1 228 169 177 177
1030_0063_0176_0248_0248.jpg 1 63 176 248 248
1031_0106_0111_0242_0242.jpg 1 106 111 242 242
1032_0274_0118_0163_0163.jpg 1 274 118 163 163
1033_0205_0122_0050_0050.jpg 1 205 122 50 50
1034_0139_0242_0169_0169.jpg 1 139 242 169 169
1035_0091_0300_0081_0081.jpg 1 91 300 81 81
1036_0048_0306_0032_0032.jpg 1 48 306 32 32
1037_0126_0103_0164_0164.jpg 1 126 103 164 164
1038_0060_0061_0205_0205.jpg 1 60 61 205 205
1039_0102_0040_0143_0143.jpg 1 102 40 143 143
1040_0220_0075_0241_0241.jpg 1 220 75 241 241
1041_0170_0026_0237_0237.jpg 1 170 26 237 237
1042_0089_0041_0124_0124.jpg 1 89 41 124 124
1043_0209_0157_0104_0104.jpg 1 209 157 104 104
1044_0140_0137_0317_0317.jpg 1 140 137 317 317
1045_0050_0222_0035_0035.jpg 1 50 222 35 35
1046_0290_0089_0146_0146.jpg 1 290 89 146 146
1047_0213_0127_0216_0216.jpg 1 213 127 216 216
1048_0136_0099_0213_0213.jpg 1 136 99 213 213
1049_0092_0136_0285_0285.jpg 1 92 136 285 285
1050_0220_0088_0224_0224.jpg 1 220 88 224 224
1051_0343_0373_0071_0071.jpg 1 343 373 71 71
1052_0052_0059_0336_0336.jpg 1 52 59 336 336
1053_0217_0152_0194_0194.jpg 1 217 152 194 194
1054_0231_0303_0117_0117.jpg 1 231 303 117 117
1055_0060_0191_0099_0099.jpg 1 60 191 99 99
1056_0143_0051_0238_0238.jpg 1 143 51 238 238
1057_0154_0139_0171_0171.jpg 1 154 139 171 171
1058_0221_0222_0122_0122.jpg 1 221 222 122 122
1059_0052_0112_0225_0225.jpg 1 52 112 225 225
1060_0134_0090_0310_0310.jpg 1 134 90 310 310
1061_0142_0108_0119_0119.jpg 1 142 108 119 119
1062_0116_0051_0348_0348.jpg 1 116 51 348 348
1063_0152_0174_0065_0065.jpg 1 152 174 65 65
1064_0114_0133_0220_0220.jpg 1 114 133 220 220
1065_0062_0036_0304_0304.jpg 1 62 36 304 304
1066_0111_0161_0267_0267.jpg 1 111 161 267 267
1067_0087_0113_0110_0110.jpg 1 87 113 110 110
1068_0160_0051_0310_0310.jpg 1 160 51 310 310
1069_0171_0169_0275_0275.jpg 1 171 169 275 275
1070_0058_0058_0156_0156.jpg 1 58 58 156 156
1071_0042_0088_0074_0074.jpg 1 42 88 74 74
1072_0201_0096_0195_0195.jpg 1 201 96 195 195
1073_0044_0086_0335_0335.jpg 1 44 86 335 335
1074_0241_0240_0202_0202.jpg 1 241 240 202 202
1075_0097_0047_0343_0343.jpg 1 97 47 343 343
1076_0134_0252_0217_0217.jpg 1 134 252 217 217
1077_0069_0069_0278_0278.jpg 1 69 69 278 278
1078_0239_0270_0171_0171.jpg 1 239 270 171 171
1079_0137_0384_0047_0047.jpg 1 137 384 47 47
1080_0078_0057_0289_0289.jpg 1 78 57 289 289
1081_0298_0294_0161_0161.jpg 1 298 294 161 161
1082_0030_0107_0244_0244.jpg 1 30 107 244 244
1083_0201_0053_0224_0224.jpg 1 201 53 224 224
1084_0290_0330_0033_0033.jpg 1 290 330 33 33
1085_0039_0111_0325_0325.jpg 1 39 111 325 325
1086_0253_0322_0031_0031.jpg 1 253 322 31 31
1087_0089_0199_0177_0177.jpg 1 89 199 177 177
1088_0154_0154_0203_0203.jpg 1 154 154 203 203
1089_0071_0133_0286_0286.jpg 1 71 133 286 286
1090_0044_0245_0220_0220.jpg 1 44 245 220 220
1091_0138_0142_0318_0318.jpg 1 138 142 318 318
1092_0042_0045_0169_0169.jpg 1 42 45 169 169
1093_0283_0299_0150_0150.jpg 1 283 299 150 150
1094_0141_0089_0310_0310.jpg 1 141 89 310 310
1095_0124_0117_0343_0343.jpg 1 124 117 343 343
1096_0052_0085_0247_0247.jpg 1 52 85 247 247
1097_0050_0170_0268_0268.jpg 1 50 170 268 268
1098_0154_0293_0140_0140.jpg 1 154 293 140 140
1099_0028_0108_0321_0321.jpg 1 28 108 321 321
1100_0169_0048_0262_0262.jpg 1 169 48 262 262
1101_0064_0233_0179_0179.jpg 1 64 233 179 179
1102_0181_0113_0265_0265.jpg 1 181 113 265 265
1103_0300_0262_0044_0044.jpg 1 300 262 44 44
1104_0083_0093_0322_0322.jpg 1 83 93 322 322
1105_0068_0112_0345_0345.jpg 1 68 112 345 345
1106_0073_0179_0197_0197.jpg 1 73 179 197 197
1107_0045_0028_0221_0221.jpg 1 45 28 221 221
1108_0178_0235_0128_0128.jpg 1 178 235 128 128
1109_0148_0317_0068_0068.jpg 1 148 317 68 68
1110_0039_0054_0336_0336.jpg 1 39 54 336 336
1111_0125_0084_0326_0326.jpg 1 125 84 326 326
1112_0057_0045_0182_0182.jpg 1 57 45 182 182
1113_0118_0344_0116_0116.jpg 1 118 344 116 116
1114_0145_0170_0179_0179.jpg 1 145 170 179 179
1115_0071_0229_0166_0166.jpg 1 71 229 166 166
1116_0267_0306_0134_0134.jpg 1 267 306 134 134
1117_0220_0152_0184_0184.jpg 1 220 152 184 184
1118_0168_0204_0204_0204.jpg 1 168 204 204 204
1119_0099_0400_0027_0027.jpg 1 99 400 27 27
1120_0082_0043_0125_0125.jpg 1 82 43 125 125
1121_0130_0152_0315_0315.jpg 1 130 152 315 315
1122_0161_0272_0112_0112.jpg 1 161 272 112 112
1123_0106_0128_0328_0328.jpg 1 106 128 328 328
1124_0403_0106_0041_0041.jpg 1 403 106 41 41
1125_0085_0037_0312_0312.jpg 1 85 37 312 312
1126_0095_0132_0240_0240.jpg 1 95 132 240 240
1127_0099_0085_0083_0083.jpg 1 99 85 83 83
1128_0100_0384_0068_0068.jpg 1 100 384 68 68
1129_0267_0103_0169_0169.jpg 1 267 103 169 169
1130_0158_0052_0236_0236.jpg 1 158 52 236 236
1131_0141_0200_0166_0166.jpg 1 141 200 166 166
1132_0160_0125_0123_0123.jpg 1 160 125 123 123
1133_0149_0054_0240_0240.jpg 1 149 54 240 240
1134_0064_0096_0323_0323.jpg 1 64 96 323 323
1135_0332_0245_0073_0073.jpg 1 332 245 73 73
1136_0260_0080_0120_0120.jpg 1 260 80 120 120
1137_0274_0298_0120_0120.jpg 1 274 298 120 120
1138_0170_0136_0149_0149.jpg 1 170 136 149 149
1139_0102_0112_0195_0195.jpg 1 102 112 195 195
1140_0106_0134_0316_0316.jpg 1 106 134 316 316
1141_0022_0171_0272_0272.jpg 1 22 171 272 272
1142_0023_0053_0319_0319.jpg 1 23 53 319 319
1143_0094_0130_0328_0328.jpg 1 94 130 328 328
1144_0111_0182_0161_0161.jpg 1 111 182 161 161
1145_0148_0102_0289_0289.jpg 1 148 102 289 289
1146_0248_0261_0031_0031.jpg 1 248 261 31 31
1147_0145_0216_0188_0188.jpg 1 145 216 188 188
1148_0088_0165_0300_0300.jpg 1 88 165 300 300
1149_0092_0038_0214_0214.jpg 1 92 38 214 214
1150_0030_0224_0237_0237.jpg 1 30 224 237 237
1151_0038_0022_0292_0292.jpg 1 38 22 292 292
1152_0161_0189_0241_0241.jpg 1 161 189 241 241
1153_0061_0194_0054_0054.jpg 1 61 194 54 54
1154_0034_0025_0332_0332.jpg 1 34 25 332 332
1155_0190_0136_0145_0145.jpg 1 190 136 145 145
1156_0279_0098_0082_0082.jpg 1 279 98 82 82
1157_0056_0163_0048_0048.jpg 1 56 163 48 48
1158_0177_0083_0247_0247.jpg 1 177 83 247 247
1159_0058_0181_0161_0161.jpg 1 58 181 161 161
1160_0200_0100_0243_0243.jpg 1 200 100 243 243
1161_0127_0143_0263_0263.jpg 1 127 143 263 263
1162_0128_0155_0203_0203.jpg 1 128 155 203 203
1163_0208_0124_0186_0186.jpg 1 208 124 186 186
1164_0231_0200_0216_0216.jpg 1 231 200 216 216
1165_0189_0206_0266_0266.jpg 1 189 206 266 266
1166_0203_0153_0238_0238.jpg 1 203 153 238 238
1167_0177_0296_0044_0044.jpg 1 177 296 44 44
1168_0064_0123_0329_0329.jpg 1 64 123 329 329
1169_0135_0092_0333_0333.jpg 1 135 92 333 333
1170_0134_0057_0267_0267.jpg 1 134 57 267 267
1171_0176_0180_0254_0254.jpg 1 176 180 254 254
1172_0129_0146_0291_0291.jpg 1 129 146 291 291
1173_0192_0085_0198_0198.jpg 1 192 85 198 198
1174_0188_0070_0114_0114.jpg 1 188 70 114 114
1175_0052_0127_0325_0325.jpg 1 52 127 325 325
1176_0094_0181_0035_0035.jpg 1 94 181 35 35
1177_0182_0315_0026_0026.jpg 1 182 315 26 26
1178_0354_0045_0052_0052.jpg 1 354 45 52 52
1179_0070_0053_0314_0314.jpg 1 70 53 314 314
1180_0223_0111_0220_0220.jpg 1 223 111 220 220
1181_0192_0063_0103_0103.jpg 1 192 63 103 103
1182_0298_0361_0097_0097.jpg 1 298 361 97 97
1183_0063_0186_0089_0089.jpg 1 63 186 89 89
1184_0219_0159_0255_0255.jpg 1 219 159 255 255
1185_0109_0152_0145_0145.jpg 1 109 152 145 145
1186_0043_0129_0345_0345.jpg 1 43 129 345 345
1187_0210_0251_0098_0098.jpg 1 210 251 98 98
1188_0182_0118_0260_0260.jpg 1 182 118 260 260
1189_0051_0294_0084_0084.jpg 1 51 294 84 84
1190_0261_0142_0117_0117.jpg 1 261 142 117 117
1191_0249_0164_0082_0082.jpg 1 249 164 82 82
1192_0243_0316_0090_0090.jpg 1 243 316 90 90
1193_0182_0035_0196_0196.jpg 1 182 35 196 196
1194_0021_0106_0324_0324.jpg 1 21 106 324 324
1195_0128_0135_0345_0345.jpg 1 128 135 345 345
1196_0277_0386_0051_0051.jpg 1 277 386 51 51
1197_0290_0329_0125_0125.jpg 1 290 329 125 125
1198_0086_0196_0232_0232.jpg 1 86 196 232 232
1199_0229_0333_0058_0058.jpg 1 229 333 58 58
1200_0103_0078_0325_0325.jpg 1 103 78 325 325
1201_0192_0179_0119_0119.jpg 1 192 179 119 119
1202_0332_0338_0117_0117.jpg 1 332 338 117 117
1203_0093_0325_0073_0073.jpg 1 93 325 73 73
1204_0049_0053_0339_0339.jpg 1 49 53 339 339
1205_0112_0147_0071_0071.jpg 1 112 147 71 71
1206_0078_0146_0333_0333.jpg 1 78 146 333 333
1207_0204_0168_0268_0268.jpg 1 204 168 268 268
1208_0286_0289_0151_0151.jpg 1 286 289 151 151
1209_0118_0085_0223_0223.jpg 1 118 85 223 223
1210_0084_0165_0148_0148.jpg 1 84 165 148 148
1211_0095_0213_0173_0173.jpg 1 95 213 173 173
1212_0371_0232_0061_0061.jpg 1 371 232 61 61
1213_0098_0305_0136_0136.jpg 1 98 305 136 136
1214_0188_0114_0089_0089.jpg 1 188 114 89 89
1215_0252_0306_0050_0050.jpg 1 252 306 50 50
1216_0079_0149_0110_0110.jpg 1 79 149 110 110
1217_0126_0083_0178_0178.jpg 1 126 83 178 178
1218_0107_0062_0284_0284.jpg 1 107 62 284 284
1219_0063_0147_0177_0177.jpg 1 63 147 177 177
1220_0173_0169_0284_0284.jpg 1 173 169 284 284
1221_0173_0117_0026_0026.jpg 1 173 117 26 26
1222_0336_0227_0049_0049.jpg 1 336 227 49 49
1223_0364_0154_0063_0063.jpg 1 364 154 63 63
1224_0162_0251_0169_0169.jpg 1 162 251 169 169
1225_0062_0127_0102_0102.jpg 1 62 127 102 102
1226_0199_0038_0138_0138.jpg 1 199 38 138 138
1227_0070_0032_0283_0283.jpg 1 70 32 283 283
1228_0370_0056_0085_0085.jpg 1 370 56 85 85
1229_0182_0098_0254_0254.jpg 1 182 98 254 254
1230_0058_0223_0174_0174.jpg 1 58 223 174 174
1231_0302_0192_0038_0038.jpg 1 302 192 38 38
1232_0064_0109_0049_0049.jpg 1 64 109 49 49
1233_0305_0152_0149_0149.jpg 1 305 152 149 149
1234_0359_0230_0039_0039.jpg 1 359 230 39 39
1235_0372_0067_0029_0029.jpg 1 372 67 29 29
1236_0074_0187_0233_0233.jpg 1 74 187 233 233
1237_0180_0056_0267_0267.jpg 1 180 56 267 267
1238_0091_0245_0029_0029.jpg 1 91 245 29 29
1239_0270_0048_0100_0100.jpg 1 270 48 100 100
1240_0057_0033_0267_0267.jpg 1 57 33 267 267
1241_0122_0301_0143_0143.jpg 1 122 301 143 143
1242_0360_0091_0039_0039.jpg 1 360 91 39 39
1243_0085_0207_0091_0091.jpg 1 85 207 91 91
1244_0084_0134_0154_0154.jpg 1 84 134 154 154
1245_0231_0176_0133_0133.jpg 1 231 176 133 133
1246_0328_0128_0069_0069.jpg 1 328 128 69 69
1247_0042_0050_0316_0316.jpg 1 42 50 316 316
1248_0155_0029_0214_0214.jpg 1 155 29 214 214
1249_0247_0265_0166_0166.jpg 1 247 265 166 166
1250_0116_0357_0054_0054.jpg 1 116 357 54 54
1251_0152_0024_0318_0318.jpg 1 152 24 318 318
1252_0071_0050_0068_0068.jpg 1 71 50 68 68
1253_0175_0035_0252_0252.jpg 1 175 35 252 252
1254_0183_0147_0201_0201.jpg 1 183 147 201 201
1255_0079_0058_0151_0151.jpg 1 79 58 151 151
1256_0091_0198_0278_0278.jpg 1 91 198 278 278
1257_0161_0098_0258_0258.jpg 1 161 98 258 258
1258_0177_0267_0134_0134.jpg 1 177 267 134 134
1259_0121_0066_0029_0029.jpg 1 121 66 29 29
1260_0077_0064_0204_0204.jpg 1 77 64 204 204
1261_0340_0074_0097_0097.jpg 1 340 74 97 97
1262_0026_0137_0333_0333.jpg 1 26 137 333 333
1263_0116_0200_0169_0169.jpg 1 116 200 169 169
1264_0065_0140_0288_0288.jpg 1 65 140 288 288
1265_0156_0081_0032_0032.jpg 1 156 81 32 32
1266_0344_0245_0095_0095.jpg 1 344 245 95 95
1267_0115_0068_0348_0348.jpg 1 115 68 348 348
1268_0040_0203_0189_0189.jpg 1 40 203 189 189
1269_0190_0140_0274_0274.jpg 1 190 140 274 274
1270_0105_0061_0207_0207.jpg 1 105 61 207 207
1271_0240_0043_0126_0126.jpg 1 240 43 126 126
1272_0089_0336_0108_0108.jpg 1 89 336 108 108
1273_0158_0204_0264_0264.jpg 1 158 204 264 264
1274_0301_0317_0092_0092.jpg 1 301 317 92 92
1275_0052_0053_0147_0147.jpg 1 52 53 147 147
1276_0027_0050_0279_0279.jpg 1 27 50 279 279
1277_0310_0194_0138_0138.jpg 1 310 194 138 138
1278_0366_0338_0079_0079.jpg 1 366 338 79 79
1279_0105_0098_0046_0046.jpg 1 105 98 46 46
1280_0041_0021_0348_0348.jpg 1 41 21 348 348
1281_0236_0194_0161_0161.jpg 1 236 194 161 161
1282_0277_0181_0140_0140.jpg 1 277 181 140 140
1283_0208_0156_0216_0216.jpg 1 208 156 216 216
1284_0278_0093_0096_0096.jpg 1 278 93 96 96
1285_0224_0118_0230_0230.jpg 1 224 118 230 230
1286_0134_0155_0260_0260.jpg 1 134 155 260 260
1287_0186_0033_0195_0195.jpg 1 186 33 195 195
1288_0060_0072_0291_0291.jpg 1 60 72 291 291
1289_0261_0136_0175_0175.jpg 1 261 136 175 175
1290_0156_0056_0289_0289.jpg 1 156 56 289 289
1291_0214_0175_0192_0192.jpg 1 214 175 192 192
1292_0223_0291_0040_0040.jpg 1 223 291 40 40
1293_0017_0018_0331_0331.jpg 1 17 18 331 331
1294_0169_0092_0194_0194.jpg 1 169 92 194 194
1295_0160_0163_0295_0295.jpg 1 160 163 295 295
1296_0116_0081_0286_0286.jpg 1 116 81 286 286
1297_0057_0291_0074_0074.jpg 1 57 291 74 74
1298_0124_0024_0286_0286.jpg 1 124 24 286 286
1299_0307_0255_0083_0083.jpg 1 307 255 83 83
1300_0155_0112_0325_0325.jpg 1 155 112 325 325
1301_0028_0136_0323_0323.jpg 1 28 136 323 323
1302_0068_0179_0254_0254.jpg 1 68 179 254 254
1303_0203_0126_0133_0133.jpg 1 203 126 133 133
1304_0158_0213_0245_0245.jpg 1 158 213 245 245
1305_0107_0125_0314_0314.jpg 1 107 125 314 314
1306_0057_0215_0124_0124.jpg 1 57 215 124 124
1307_0038_0101_0266_0266.jpg 1 38 101 266 266
1308_0254_0226_0162_0162.jpg 1 254 226 162 162
1309_0099_0106_0236_0236.jpg 1 99 106 236 236
1310_0051_0103_0109_0109.jpg 1 51 103 109 109
1311_0169_0114_0211_0211.jpg 1 169 114 211 211
1312_0046_0121_0197_0197.jpg 1 46 121 197 197
1313_0167_0115_0251_0251.jpg 1 167 115 251 251
1314_0298_0265_0048_0048.jpg 1 298 265 48 48
1315_0044_0230_0194_0194.jpg 1 44 230 194 194
1316_0261_0121_0156_0156.jpg 1 261 121 156 156
1317_0128_0122_0286_0286.jpg 1 128 122 286 286
1318_0088_0054_0150_0150.jpg 1 88 54 150 150
1319_0077_0132_0248_0248.jpg 1 77 132 248 248
1320_0140_0117_0302_0302.jpg 1 140 117 302 302
1321_0298_0209_0164_0164.jpg 1 298 209 164 164
1322_0316_0283_0039_0039.jpg 1 316 283 39 39
1323_0325_0103_0040_0040.jpg 1 325 103 40 40
1324_0086_0073_0256_0256.jpg 1 86 73 256 256
1325_0029_0090_0341_0341.jpg 1 29 90 341 341
1326_0243_0349_0086_0086.jpg 1 243 349 86 86
1327_0138_0218_0140_0140.jpg 1 138 218 140 140
1328_0264_0367_0042_0042.jpg 1 264 367 42 42
1329_0113_0143_0137_0137.jpg 1 113 143 137 137
1330_0155_0084_0091_0091.jpg 1 155 84 91 91
1331_0223_0184_0188_0188.jpg 1 223 184 188 188
1332_0148_0135_0206_0206.jpg 1 148 135 206 206
1333_0251_0053_0062_0062.jpg 1 251 53 62 62
1334_0026_0024_0336_0336.jpg 1 26 24 336 336
1335_0299_0157_0164_0164.jpg 1 299 157 164 164
1336_0109_0042_0222_0222.jpg 1 109 42 222 222
1337_0066_0115_0345_0345.jpg 1 66 115 345 345
1338_0175_0242_0210_0210.jpg 1 175 242 210 210
1339_0218_0137_0035_0035.jpg 1 218 137 35 35
1340_0291_0185_0138_0138.jpg 1 291 185 138 138
1341_0222_0320_0140_0140.jpg 1 222 320 140 140
1342_0051_0136_0248_0248.jpg 1 51 136 248 248
1343_0116_0080_0324_0324.jpg 1 116 80 324 324
1344_0044_0153_0282_0282.jpg 1 44 153 282 282
1345_0227_0173_0241_0241.jpg 1 227 173 241 241
1346_0193_0165_0034_0034.jpg 1 193 165 34 34
1347_0126_0295_0150_0150.jpg 1 126 295 150 150
1348_0062_0196_0241_0241.jpg 1 62 196 241 241
1349_0241_0046_0229_0229.jpg 1 241 46 229 229
1350_0049_0146_0229_0229.jpg 1 49 146 229 229
1351_0126_0041_0283_0283.jpg 1 126 41 283 283
1352_0158_0175_0235_0235.jpg 1 158 175 235 235
1353_0185_0036_0200_0200.jpg 1 185 36 200 200
1354_0123_0074_0324_0324.jpg 1 123 74 324 324
1355_0275_0276_0160_0160.jpg 1 275 276 160 160
1356_0250_0127_0187_0187.jpg 1 250 127 187 187
1357_0137_0200_0078_0078.jpg 1 137 200 78 78
1358_0325_0269_0131_0131.jpg 1 325 269 131 131
1359_0192_0375_0053_0053.jpg 1 192 375 53 53
1360_0062_0184_0100_0100.jpg 1 62 184 100 100
1361_0104_0106_0129_0129.jpg 1 104 106 129 129
1362_0144_0232_0074_0074.jpg 1 144 232 74 74
1363_0129_0069_0287_0287.jpg 1 129 69 287 287
1364_0139_0223_0151_0151.jpg 1 139 223 151 151
1365_0137_0246_0191_0191.jpg 1 137 246 191 191
1366_0290_0099_0141_0141.jpg 1 290 99 141 141
1367_0271_0217_0181_0181.jpg 1 271 217 181 181
1368_0242_0270_0196_0196.jpg 1 242 270 196 196
1369_0090_0060_0344_0344.jpg 1 90 60 344 344
1370_0102_0178_0098_0098.jpg 1 102 178 98 98
1371_0050_0072_0032_0032.jpg 1 50 72 32 32
1372_0099_0035_0334_0334.jpg 1 99 35 334 334
1373_0346_0083_0081_0081.jpg 1 346 83 81 81
1374_0214_0071_0256_0256.jpg 1 214 71 256 256
1375_0341_0385_0061_0061.jpg 1 341 385 61 61
1376_0351_0159_0066_0066.jpg 1 351 159 66 66
1377_0186_0265_0149_0149.jpg 1 186 265 149 149
1378_0055_0192_0275_0275.jpg 1 55 192 275 275
1379_0157_0268_0192_0192.jpg 1 157 268 192 192
1380_0072_0240_0104_0104.jpg 1 72 240 104 104
1381_0154_0129_0320_0320.jpg 1 154 129 320 320
1382_0182_0189_0260_0260.jpg 1 182 189 260 260
1383_0116_0196_0257_0257.jpg 1 116 196 257 257
1384_0139_0186_0024_0024.jpg 1 139 186 24 24
1385_0065_0348_0111_0111.jpg 1 65 348 111 111
1386_0339_0156_0072_0072.jpg 1 339 156 72 72
1387_0109_0042_0177_0177.jpg 1 109 42 177 177
1388_0302_0192_0029_0029.jpg 1 302 192 29 29
1389_0042_0161_0315_0315.jpg 1 42 161 315 315
1390_0107_0130_0294_0294.jpg 1 107 130 294 294
1391_0067_0039_0135_0135.jpg 1 67 39 135 135
1392_0196_0220_0251_0251.jpg 1 196 220 251 251
1393_0038_0146_0335_0335.jpg 1 38 146 335 335
1394_0225_0037_0198_0198.jpg 1 225 37 198 198
1395_0088_0056_0342_0342.jpg 1 88 56 342 342
1396_0128_0223_0163_0163.jpg 1 128 223 163 163
1397_0068_0068_0062_0062.jpg 1 68 68 62 62
1398_0071_0143_0257_0257.jpg 1 71 143 257 257
1399_0281_0047_0160_0160.jpg 1 281 47 160 160
1400_0079_0244_0148_0148.jpg 1 79 244 148 148
1401_0095_0183_0230_0230.jpg 1 95 183 230 230
1402_0368_0317_0052_0052.jpg 1 368 317 52 52
1403_0092_0057_0296_0296.jpg 1 92 57 296 296
1404_0120_0165_0294_0294.jpg 1 120 165 294 294
1405_0087_0104_0170_0170.jpg 1 87 104 170 170
1406_0048_0115_0328_0328.jpg 1 48 115 328 328
1407_0184_0196_0215_0215.jpg 1 184 196 215 215
1408_0044_0148_0266_0266.jpg 1 44 148 266 266
1409_0175_0075_0282_0282.jpg 1 175 75 282 282
1410_0277_0087_0043_0043.jpg 1 277 87 43 43
1411_0289_0347_0087_0087.jpg 1 289 347 87 87
1412_0128_0181_0260_0260.jpg 1 128 181 260 260
1413_0156_0063_0302_0302.jpg 1 156 63 302 302
1414_0116_0207_0217_0217.jpg 1 116 207 217 217
1415_0098_0241_0215_0215.jpg 1 98 241 215 215
1416_0100_0028_0289_0289.jpg 1 100 28 289 289
1417_0183_0252_0166_0166.jpg 1 183 252 166 166
1418_0082_0060_0310_0310.jpg 1 82 60 310 310
1419_0151_0221_0239_0239.jpg 1 151 221 239 239
1420_0093_0023_0309_0309.jpg 1 93 23 309 309
1421_0208_0236_0140_0140.jpg 1 208 236 140 140
1422_0196_0126_0237_0237.jpg 1 196 126 237 237
1423_0365_0182_0044_0044.jpg 1 365 182 44 44
1424_0099_0059_0194_0194.jpg 1 99 59 194 194
1425_0118_0178_0211_0211.jpg 1 118 178 211 211
1426_0147_0280_0120_0120.jpg 1 147 280 120 120
1427_0272_0138_0105_0105.jpg 1 272 138 105 105
1428_0321_0085_0121_0121.jpg 1 321 85 121 121
1429_0239_0104_0187_0187.jpg 1 239 104 187 187
1430_0151_0066_0295_0295.jpg 1 151 66 295 295
1431_0094_0333_0074_0074.jpg 1 94 333 74 74
1432_0088_0066_0210_0210.jpg 1 88 66 210 210
1433_0204_0157_0232_0232.jpg 1 204 157 232 232
1434_0116_0135_0215_0215.jpg 1 116 135 215 215
1435_0237_0168_0221_0221.jpg 1 237 168 221 221
1436_0073_0045_0206_0206.jpg 1 73 45 206 206
1437_0058_0066_0226_0226.jpg 1 58 66 226 226
1438_0191_0215_0247_0247.jpg 1 191 215 247 247
1439_0302_0369_0041_0041.jpg 1 302 369 41 41
1440_0060_0092_0310_0310.jpg 1 60 92 310 310
1441_0316_0237_0035_0035.jpg 1 316 237 35 35
1442_0060_0295_0109_0109.jpg 1 60 295 109 109
1443_0125_0210_0070_0070.jpg 1 125 210 70 70
1444_0101_0103_0226_0226.jpg 1 101 103 226 226
1445_0148_0207_0224_0224.jpg 1 148 207 224 224
1446_0027_0202_0232_0232.jpg 1 27 202 232 232
1447_0071_0100_0345_0345.jpg 1 71 100 345 345
1448_0349_0178_0073_0073.jpg 1 349 178 73 73
1449_0303_0231_0062_0062.jpg 1 303 231 62 62
1450_0289_0278_0051_0051.jpg 1 289 278 51 51
1451_0085_0127_0270_0270.jpg 1 85 127 270 270
1452_0243_0096_0171_0171.jpg 1 243 96 171 171
1453_0149_0062_0321_0321.jpg 1 149 62 321 321
1454_0137_0114_0244_0244.jpg 1 137 114 244 244
1455_0053_0204_0092_0092.jpg 1 53 204 92 92
1456_0107_0092_0301_0301.jpg 1 107 92 301 301
1457_0110_0161_0035_0035.jpg 1 110 161 35 35
1458_0267_0227_0202_0202.jpg 1 267 227 202 202
1459_0293_0356_0027_0027.jpg 1 293 356 27 27
1460_0199_0221_0253_0253.jpg 1 199 221 253 253
1461_0082_0051_0321_0321.jpg 1 82 51 321 321
1462_0038_0041_0132_0132.jpg 1 38 41 132 132
1463_0183_0088_0185_0185.jpg 1 183 88 185 185
1464_0061_0181_0185_0185.jpg 1 61 181 185 185
1465_0131_0048_0044_0044.jpg 1 131 48 44 44
1466_0110_0089_0130_0130.jpg 1 110 89 130 130
1467_0048_0087_0292_0292.jpg 1 48 87 292 292
1468_0103_0047_0237_0237.jpg 1 103 47 237 237
1469_0043_0071_0329_0329.jpg 1 43 71 329 329
1470_0142_0048_0195_0195.jpg 1 142 48 195 195
1471_0196_0099_0073_0073.jpg 1 196 99 73 73
1472_0230_0203_0109_0109.jpg 1 230 203 109 109
1473_0119_0145_0215_0215.jpg 1 119 145 215 215
1474_0283_0085_0074_0074.jpg 1 283 85 74 74
1475_0134_0160_0317_0317.jpg 1 134 160 317 317
1476_0185_0067_0249_0249.jpg 1 185 67 249 249
1477_0168_0070_0258_0258.jpg 1 168 70 258 258
1478_0191_0175_0192_0192.jpg 1 191 175 192 192
1479_0241_0099_0043_0043.jpg 1 241 99 43 43
1480_0226_0097_0224_0224.jpg 1 226 97 224 224
1481_0261_0207_0121_0121.jpg 1 261 207 121 121
1482_0179_0146_0246_0246.jpg 1 179 146 246 246
1483_0132_0127_0161_0161.jpg 1 132 127 161 161
1484_0037_0239_0149_0149.jpg 1 37 239 149 149
1485_0048_0112_0315_0315.jpg 1 48 112 315 315
1486_0052_0139_0199_0199.jpg 1 52 139 199 199
1487_0336_0115_0095_0095.jpg 1 336 115 95 95
1488_0268_0205_0148_0148.jpg 1 268 205 148 148
1489_0222_0346_0107_0107.jpg 1 222 346 107 107
1490_0040_0241_0146_0146.jpg 1 40 241 146 146
1491_0324_0188_0136_0136.jpg 1 324 188 136 136
1492_0083_0089_0241_0241.jpg 1 83 89 241 241
1493_0220_0096_0231_0231.jpg 1 220 96 231 231
1494_0311_0126_0118_0118.jpg 1 311 126 118 118
1495_0190_0215_0234_0234.jpg 1 190 215 234 234
1496_0190_0218_0188_0188.jpg 1 190 218 188 188
1497_0061_0190_0168_0168.jpg 1 61 190 168 168
1498_0054_0043_0098_0098.jpg 1 54 43 98 98
1499_0052_0273_0173_0173.jpg 1 52 273 173 173
1500_0129_0134_0065_0065.jpg 1 129 134 65 65
1501_0155_0164_0063_0063.jpg 1 155 164 63 63
1502_0219_0176_0147_0147.jpg 1 219 176 147 147
1503_0209_0289_0131_0131.jpg 1 209 289 131 131
1504_0108_0032_0312_0312.jpg 1 108 32 312 312
1505_0208_0037_0253_0253.jpg 1 208 37 253 253
1506_0196_0057_0038_0038.jpg 1 196 57 38 38
1507_0241_0042_0183_0183.jpg 1 241 42 183 183
1508_0143_0044_0315_0315.jpg 1 143 44 315 315
1509_0305_0063_0102_0102.jpg 1 305 63 102 102
1510_0194_0158_0072_0072.jpg 1 194 158 72 72
1511_0193_0140_0140_0140.jpg 1 193 140 140 140
1512_0133_0083_0337_0337.jpg 1 133 83 337 337
1513_0301_0063_0119_0119.jpg 1 301 63 119 119
1514_0134_0188_0212_0212.jpg 1 134 188 212 212
1515_0104_0141_0108_0108.jpg 1 104 141 108 108
1516_0055_0068_0312_0312.jpg 1 55 68 312 312
1517_0251_0163_0141_0141.jpg 1 251 163 141 141
1518_0159_0046_0265_0265.jpg 1 159 46 265 265
1519_0216_0119_0059_0059.jpg 1 216 119 59 59
1520_0343_0177_0110_0110.jpg 1 343 177 110 110
1521_0111_0156_0186_0186.jpg 1 111 156 186 186
1522_0190_0045_0222_0222.jpg 1 190 45 222 222
1523_0218_0194_0237_0237.jpg 1 218 194 237 237
1524_0136_0236_0211_0211.jpg 1 136 236 211 211
1525_0178_0186_0215_0215.jpg 1 178 186 215 215
1526_0335_0102_0087_0087.jpg 1 335 102 87 87
1527_0132_0088_0307_0307.jpg 1 132 88 307 307
1528_0137_0075_0171_0171.jpg 1 137 75 171 171
1529_0273_0377_0026_0026.jpg 1 273 377 26 26
1530_0236_0107_0060_0060.jpg 1 236 107 60 60
1531_0048_0162_0098_0098.jpg 1 48 162 98 98
1532_0027_0108_0312_0312.jpg 1 27 108 312 312
1533_0245_0082_0203_0203.jpg 1 245 82 203 203
1534_0081_0042_0309_0309.jpg 1 81 42 309 309
1535_0161_0029_0215_0215.jpg 1 161 29 215 215
1536_0325_0087_0107_0107.jpg 1 325 87 107 107
1537_0210_0106_0027_0027.jpg 1 210 106 27 27
1538_0285_0094_0031_0031.jpg 1 285 94 31 31
1539_0106_0201_0180_0180.jpg 1 106 201 180 180
1540_0109_0082_0343_0343.jpg 1 109 82 343 343
1541_0237_0294_0171_0171.jpg 1 237 294 171 171
1542_0239_0065_0109_0109.jpg 1 239 65 109 109
1543_0357_0073_0050_0050.jpg 1 357 73 50 50
1544_0289_0304_0064_0064.jpg 1 289 304 64 64
1545_0099_0188_0154_0154.jpg 1 99 188 154 154
1546_0062_0070_0223_0223.jpg 1 62 70 223 223
1547_0218_0386_0050_0050.jpg 1 218 386 50 50
1548_0196_0330_0116_0116.jpg 1 196 330 116 116
1549_0206_0224_0212_0212.jpg 1 206 224 212 212
1550_0051_0330_0076_0076.jpg 1 51 330 76 76
1551_0380_0236_0046_0046.jpg 1 380 236 46 46
1552_0285_0113_0176_0176.jpg 1 285 113 176 176
1553_0182_0084_0247_0247.jpg 1 182 84 247 247
1554_0149_0039_0332_0332.jpg 1 149 39 332 332
1555_0082_0274_0087_0087.jpg 1 82 274 87 87
1556_0191_0109_0097_0097.jpg 1 191 109 97 97
1557_0095_0062_0220_0220.jpg 1 95 62 220 220
1558_0280_0148_0183_0183.jpg 1 280 148 183 183
1559_0123_0136_0224_0224.jpg 1 123 136 224 224
1560_0120_0147_0159_0159.jpg 1 120 147 159 159
1561_0079_0029_0317_0317.jpg 1 79 29 317 317
1562_0032_0081_0263_0263.jpg 1 32 81 263 263
1563_0137_0158_0316_0316.jpg 1 137 158 316 316
1564_0049_0136_0091_0091.jpg 1 49 136 91 91
1565_0273_0185_0109_0109.jpg 1 273 185 109 109
1566_0059_0092_0302_0302.jpg 1 59 92 302 302
1567_0169_0046_0211_0211.jpg 1 169 46 211 211
1568_0154_0053_0148_0148.jpg 1 154 53 148 148
1569_0093_0127_0042_0042.jpg 1 93 127 42 42
1570_0209_0160_0096_0096.jpg 1 209 160 96 96
1571_0067_0065_0285_0285.jpg 1 67 65 285 285
1572_0195_0192_0271_0271.jpg 1 195 192 271 271
1573_0156_0138_0037_0037.jpg 1 156 138 37 37
1574_0074_0022_0341_0341.jpg 1 74 22 341 341
1575_0049_0171_0248_0248.jpg 1 49 171 248 248
1576_0282_0145_0055_0055.jpg 1 282 145 55 55
1577_0164_0183_0033_0033.jpg 1 164 183 33 33
1578_0176_0205_0082_0082.jpg 1 176 205 82 82
1579_0274_0102_0059_0059.jpg 1 274 102 59 59
1580_0144_0140_0196_0196.jpg 1 144 140 196 196
1581_0131_0070_0232_0232.jpg 1 131 70 232 232
1582_0091_0060_0291_0291.jpg 1 91 60 291 291
1583_0236_0225_0208_0208.jpg 1 236 225 208 208
1584_0089_0095_0311_0311.jpg 1 89 95 311 311
1585_0333_0181_0112_0112.jpg 1 333 181 112 112
1586_0024_0069_0310_0310.jpg 1 24 69 310 310
1587_0208_0297_0146_0146.jpg 1 208 297 146 146
1588_0159_0232_0166_0166.jpg 1 159 232 166 166
1589_0113_0122_0120_0120.jpg 1 113 122 120 120
1590_0281_0195_0184_0184.jpg 1 281 195 184 184
1591_0063_0080_0260_0260.jpg 1 63 80 260 260
1592_0050_0026_0334_0334.jpg 1 50 26 334 334
1593_0067_0183_0246_0246.jpg 1 67 183 246 246
1594_0041_0027_0244_0244.jpg 1 41 27 244 244
1595_0353_0248_0043_0043.jpg 1 353 248 43 43
1596_0243_0318_0057_0057.jpg 1 243 318 57 57
1597_0066_0160_0292_0292.jpg 1 66 160 292 292
1598_0092_0051_0345_0345.jpg 1 92 51 345 345
1599_0155_0128_0314_0314.jpg 1 155 128 314 314
1600_0127_0170_0247_0247.jpg 1 127 170 247 247
1601_0143_0076_0166_0166.jpg 1 143 76 166 166
1602_0119_0198_0053_0053.jpg 1 119 198 53 53
1603_0080_0044_0307_0307.jpg 1 80 44 307 307
1604_0222_0070_0155_0155.jpg 1 222 70 155 155
1605_0204_0120_0247_0247.jpg 1 204 120 247 247
1606_0268_0178_0146_0146.jpg 1 268 178 146 146
1607_0093_0119_0033_0033.jpg 1 93 119 33 33
1608_0113_0058_0329_0329.jpg 1 113 58 329 329
1609_0166_0214_0199_0199.jpg 1 166 214 199 199
1610_0085_0215_0259_0259.jpg 1 85 215 259 259
1611_0097_0168_0294_0294.jpg 1 97 168 294 294
1612_0216_0095_0043_0043.jpg 1 216 95 43 43
1613_0142_0042_0292_0292.jpg 1 142 42 292 292
1614_0229_0215_0074_0074.jpg 1 229 215 74 74
1615_0136_0113_0213_0213.jpg 1 136 113 213 213
1616_0074_0148_0237_0237.jpg 1 74 148 237 237
1617_0326_0349_0094_0094.jpg 1 326 349 94 94
1618_0104_0083_0109_0109.jpg 1 104 83 109 109
1619_0254_0194_0129_0129.jpg 1 254 194 129 129
1620_0051_0099_0280_0280.jpg 1 51 99 280 280
1621_0086_0061_0130_0130.jpg 1 86 61 130 130
1622_0039_0245_0202_0202.jpg 1 39 245 202 202
1623_0225_0252_0193_0193.jpg 1 225 252 193 193
1624_0120_0137_0291_0291.jpg 1 120 137 291 291
1625_0209_0154_0226_0226.jpg 1 209 154 226 226
1626_0065_0070_0245_0245.jpg 1 65 70 245 245
1627_0102_0316_0113_0113.jpg 1 102 316 113 113
1628_0112_0295_0146_0146.jpg 1 112 295 146 146
1629_0182_0227_0166_0166.jpg 1 182 227 166 166
1630_0046_0122_0342_0342.jpg 1 46 122 342 342
1631_0200_0222_0221_0221.jpg 1 200 222 221 221
1632_0341_0073_0113_0113.jpg 1 341 73 113 113
1633_0046_0034_0288_0288.jpg 1 46 34 288 288
1634_0191_0238_0091_0091.jpg 1 191 238 91 91
1635_0240_0123_0122_0122.jpg 1 240 123 122 122
1636_0113_0131_0331_0331.jpg 1 113 131 331 331
1637_0400_0164_0032_0032.jpg 1 400 164 32 32
1638_0216_0104_0233_0233.jpg 1 216 104 233 233
1639_0267_0291_0149_0149.jpg 1 267 291 149 149
1640_0088_0071_0264_0264.jpg 1 88 71 264 264
1641_0165_0059_0161_0161.jpg 1 165 59 161 161
1642_0296_0043_0152_0152.jpg 1 296 43 152 152
1643_0403_0352_0041_0041.jpg 1 403 352 41 41
1644_0164_0113_0170_0170.jpg 1 164 113 170 170
1645_0123_0205_0146_0146.jpg 1 123 205 146 146
1646_0170_0136_0251_0251.jpg 1 170 136 251 251
1647_0034_0134_0330_0330.jpg 1 34 134 330 330
1648_0019_0053_0315_0315.jpg 1 19 53 315 315
1649_0049_0196_0263_0263.jpg 1 49 196 263 263
1650_0125_0116_0301_0301.jpg 1 125 116 301 301
1651_0180_0106_0223_0223.jpg 1 180 106 223 223
1652_0254_0090_0217_0217.jpg 1 254 90 217 217
1653_0294_0335_0085_0085.jpg 1 294 335 85 85
1654_0091_0182_0127_0127.jpg 1 91 182 127 127
1655_0096_0280_0102_0102.jpg 1 96 280 102 102
1656_0272_0212_0126_0126.jpg 1 272 212 126 126
1657_0161_0029_0319_0319.jpg 1 161 29 319 319
1658_0157_0114_0311_0311.jpg 1 157 114 311 311
1659_0108_0136_0324_0324.jpg 1 108 136 324 324
1660_0372_0418_0027_0027.jpg 1 372 418 27 27
1661_0263_0151_0174_0174.jpg 1 263 151 174 174
1662_0176_0143_0129_0129.jpg 1 176 143 129 129
1663_0032_0034_0277_0277.jpg 1 32 34 277 277
1664_0257_0046_0135_0135.jpg 1 257 46 135 135
1665_0197_0120_0141_0141.jpg 1 197 120 141 141
1666_0073_0314_0134_0134.jpg 1 73 314 134 134
1667_0060_0117_0121_0121.jpg 1 60 117 121 121
1668_0405_0284_0036_0036.jpg 1 405 284 36 36
1669_0154_0260_0170_0170.jpg 1 154 260 170 170
1670_0163_0118_0273_0273.jpg 1 163 118 273 273
1671_0125_0110_0237_0237.jpg 1 125 110 237 237
1672_0165_0095_0310_0310.jpg 1 165 95 310 310
1673_0066_0053_0170_0170.jpg 1 66 53 170 170
1674_0073_0273_0110_0110.jpg 1 73 273 110 110
1675_0060_0305_0100_0100.jpg 1 60 305 100 100
1676_0157_0065_0077_0077.jpg 1 157 65 77 77
1677_0078_0072_0226_0226.jpg 1 78 72 226 226
1678_0126_0174_0250_0250.jpg 1 126 174 250 250
1679_0093_0077_0089_0089.jpg 1 93 77 89 89
1680_0170_0233_0071_0071.jpg 1 170 233 71 71
1681_0275_0055_0083_0083.jpg 1 275 55 83 83
1682_0199_0237_0095_0095.jpg 1 199 237 95 95
1683_0082_0191_0081_0081.jpg 1 82 191 81 81
1684_0096_0110_0141_0141.jpg 1 96 110 141 141
1685_0110_0021_0325_0325.jpg 1 110 21 325 325
1686_0090_0142_0186_0186.jpg 1 90 142 186 186
1687_0135_0248_0207_0207.jpg 1 135 248 207 207
1688_0161_0033_0308_0308.jpg 1 161 33 308 308
1689_0260_0280_0119_0119.jpg 1 260 280 119 119
1690_0076_0078_0312_0312.jpg 1 76 78 312 312
1691_0171_0143_0142_0142.jpg 1 171 143 142 142
1692_0058_0109_0137_0137.jpg 1 58 109 137 137
1693_0221_0150_0142_0142.jpg 1 221 150 142 142
1694_0180_0172_0051_0051.jpg 1 180 172 51 51
1695_0182_0243_0101_0101.jpg 1 182 243 101 101
1696_0294_0068_0161_0161.jpg 1 294 68 161 161
1697_0109_0258_0087_0087.jpg 1 109 258 87 87
1698_0220_0105_0026_0026.jpg 1 220 105 26 26
1699_0184_0090_0123_0123.jpg 1 184 90 123 123
1700_0274_0252_0195_0195.jpg 1 274 252 195 195
1701_0082_0265_0191_0191.jpg 1 82 265 191 191
1702_0270_0093_0119_0119.jpg 1 270 93 119 119
1703_0026_0045_0337_0337.jpg 1 26 45 337 337
1704_0094_0045_0327_0327.jpg 1 94 45 327 327
1705_0166_0028_0234_0234.jpg 1 166 28 234 234
1706_0352_0212_0066_0066.jpg 1 352 212 66 66
1707_0049_0066_0345_0345.jpg 1 49 66 345 345
1708_0130_0088_0184_0184.jpg 1 130 88 184 184
1709_0275_0060_0175_0175.jpg 1 275 60 175 175
1710_0071_0025_0342_0342.jpg 1 71 25 342 342
1711_0183_0170_0162_0162.jpg 1 183 170 162 162
1712_0093_0277_0192_0192.jpg 1 93 277 192 192
1713_0285_0131_0155_0155.jpg 1 285 131 155 155
1714_0097_0045_0158_0158.jpg 1 97 45 158 158
1715_0225_0225_0193_0193.jpg 1 225 225 193 193
1716_0159_0174_0289_0289.jpg 1 159 174 289 289
1717_0239_0285_0136_0136.jpg 1 239 285 136 136
1718_0133_0257_0035_0035.jpg 1 133 257 35 35
1719_0144_0323_0025_0025.jpg 1 144 323 25 25
1720_0206_0095_0156_0156.jpg 1 206 95 156 156
1721_0119_0266_0104_0104.jpg 1 119 266 104 104
1722_0231_0169_0150_0150.jpg 1 231 169 150 150
1723_0188_0212_0032_0032.jpg 1 188 212 32 32
1724_0054_0208_0036_0036.jpg 1 54 208 36 36
1725_0125_0047_0227_0227.jpg 1 125 47 227 227
1726_0202_0041_0166_0166.jpg 1 202 41 166 166
1727_0106_0276_0180_0180.jpg 1 106 276 180 180
1728_0184_0225_0050_0050.jpg 1 184 225 50 50
1729_0228_0186_0117_0117.jpg 1 228 186 117 117
1730_0189_0350_0059_0059.jpg 1 189 350 59 59
1731_0243_0164_0170_0170.jpg 1 243 164 170 170
1732_0039_0043_0270_0270.jpg 1 39 43 270 270
1733_0065_0114_0179_0179.jpg 1 65 114 179 179
1734_0053_0019_0319_0319.jpg 1 53 19 319 319
1735_0101_0168_0258_0258.jpg 1 101 168 258 258
1736_0109_0203_0175_0175.jpg 1 109 203 175 175
1737_0081_0022_0343_0343.jpg 1 81 22 343 343
1738_0167_0085_0235_0235.jpg 1 167 85 235 235
1739_0166_0042_0119_0119.jpg 1 166 42 119 119
1740_0195_0184_0205_0205.jpg 1 195 184 205 205
1741_0136_0279_0168_0168.jpg 1 136 279 168 168
1742_0173_0082_0181_0181.jpg 1 173 82 181 181
1743_0051_0158_0025_0025.jpg 1 51 158 25 25
1744_0088_0207_0199_0199.jpg 1 88 207 199 199
1745_0051_0243_0121_0121.jpg 1 51 243 121 121
1746_0263_0107_0154_0154.jpg 1 263 107 154 154
1747_0309_0218_0081_0081.jpg 1 309 218 81 81
1748_0139_0155_0306_0306.jpg 1 139 155 306 306
1749_0074_0136_0032_0032.jpg 1 74 136 32 32
1750_0136_0075_0051_0051.jpg 1 136 75 51 51
1751_0072_0082_0192_0192.jpg 1 72 82 192 192
1752_0127_0264_0178_0178.jpg 1 127 264 178 178
1753_0162_0274_0131_0131.jpg 1 162 274 131 131
1754_0222_0126_0139_0139.jpg 1 222 126 139 139
1755_0226_0051_0173_0173.jpg 1 226 51 173 173
1756_0162_0227_0242_0242.jpg 1 162 227 242 242
1757_0346_0118_0113_0113.jpg 1 346 118 113 113
1758_0241_0163_0204_0204.jpg 1 241 163 204 204
1759_0239_0046_0191_0191.jpg 1 239 46 191 191
1760_0065_0111_0300_0300.jpg 1 65 111 300 300
1761_0126_0029_0335_0335.jpg 1 126 29 335 335
1762_0164_0069_0310_0310.jpg 1 164 69 310 310
1763_0265_0135_0144_0144.jpg 1 265 135 144 144
1764_0100_0068_0119_0119.jpg 1 100 68 119 119
1765_0062_0373_0057_0057.jpg 1 62 373 57 57
1766_0104_0172_0281_0281.jpg 1 104 172 281 281
1767_0140_0066_0036_0036.jpg 1 140 66 36 36
1768_0054_0120_0336_0336.jpg 1 54 120 336 336
1769_0167_0065_0105_0105.jpg 1 167 65 105 105
1770_0289_0240_0051_0051.jpg 1 289 240 51 51
1771_0043_0121_0185_0185.jpg 1 43 121 185 185
1772_0036_0192_0145_0145.jpg 1 36 192 145 145
1773_0067_0163_0241_0241.jpg 1 67 163 241 241
1774_0264_0053_0039_0039.jpg 1 264 53 39 39
1775_0212_0231_0046_0046.jpg 1 212 231 46 46
1776_0126_0079_0205_0205.jpg 1 126 79 205 205
1777_0078_0074_0326_0326.jpg 1 78 74 326 326
1778_0108_0182_0228_0228.jpg 1 108 182 228 228
1779_0162_0074_0158_0158.jpg 1 162 74 158 158
1780_0235_0299_0136_0136.jpg 1 235 299 136 136
1781_0035_0045_0264_0264.jpg 1 35 45 264 264
1782_0166_0127_0311_0311.jpg 1 166 127 311 311
1783_0077_0079_0251_0251.jpg 1 77 79 251 251
1784_0118_0119_0337_0337.jpg 1 118 119 337 337
1785_0174_0292_0109_0109.jpg 1 174 292 109 109
1786_0137_0041_0097_0097.jpg 1 137 41 97 97
1787_0108_0057_0316_0316.jpg 1 108 57 316 316
1788_0107_0263_0064_0064.jpg 1 107 263 64 64
1789_0221_0073_0176_0176.jpg 1 221 73 176 176
1790_0281_0281_0072_0072.jpg 1 281 281 72 72
1791_0190_0145_0236_0236.jpg 1 190 145 236 236
1792_0057_0211_0048_0048.jpg 1 57 211 48 48
1793_0116_0032_0300_0300.jpg 1 116 32 300 300
1794_0080_0183_0191_0191.jpg 1 80 183 191 191
1795_0119_0058_0161_0161.jpg 1 119 58 161 161
1796_0163_0226_0173_0173.jpg 1 163 226 173 173
1797_0181_0190_0265_0265.jpg 1 181 190 265 265
1798_0031_0226_0243_0243.jpg 1 31 226 243 243
1799_0190_0080_0176_0176.jpg 1 190 80 176 176
1800_0110_0310_0070_0070.jpg 1 110 310 70 70
1801_0067_0104_0287_0287.jpg 1 67 104 287 287
1802_0178_0316_0095_0095.jpg 1 178 316 95 95
1803_0035_0063_0210_0210.jpg 1 35 63 210 210
1804_0216_0185_0042_0042.jpg 1 216 185 42 42
1805_0259_0400_0051_0051.jpg 1 259 400 51 51
1806_0252_0171_0159_0159.jpg 1 252 171 159 159
1807_0082_0323_0121_0121.jpg 1 82 323 121 121
1808_0144_0126_0220_0220.jpg 1 144 126 220 220
1809_0058_0137_0328_0328.jpg 1 58 137 328 328
1810_0043_0097_0323_0323.jpg 1 43 97 323 323
1811_0235_0294_0133_0133.jpg 1 235 294 133 133
1812_0059_0253_0024_0024.jpg 1 59 253 24 24
1813_0231_0070_0212_0212.jpg 1 231 70 212 212
1814_0375_0116_0031_0031.jpg 1 375 116 31 31
1815_0152_0312_0143_0143.jpg 1 152 312 143 143
1816_0202_0173_0257_0257.jpg 1 202 173 257 257
1817_0044_0138_0300_0300.jpg 1 44 138 300 300
1818_0074_0184_0285_0285.jpg 1 74 184 285 285
1819_0197_0275_0054_0054.jpg 1 197 275 54 54
1820_0280_0320_0085_0085.jpg 1 280 320 85 85
1821_0154_0172_0302_0302.jpg 1 154 172 302 302
1822_0089_0049_0340_0340.jpg 1 89 49 340 340
1823_0256_0141_0055_0055.jpg 1 256 141 55 55
1824_0104_0123_0279_0279.jpg 1 104 123 279 279
1825_0146_0151_0252_0252.jpg 1 146 151 252 252
1826_0199_0240_0222_0222.jpg 1 199 240 222 222
1827_0031_0234_0223_0223.jpg 1 31 234 223 223
1828_0215_0158_0170_0170.jpg 1 215 158 170 170
1829_0218_0232_0195_0195.jpg 1 218 232 195 195
1830_0123_0132_0123_0123.jpg 1 123 132 123 123
1831_0172_0248_0217_0217.jpg 1 172 248 217 217
1832_0145_0042_0269_0269.jpg 1 145 42 269 269
1833_0088_0127_0201_0201.jpg 1 88 127 201 201
1834_0157_0136_0306_0306.jpg 1 157 136 306 306
1835_0074_0088_0066_0066.jpg 1 74 88 66 66
1836_0148_0083_0233_0233.jpg 1 148 83 233 233
1837_0126_0091_0308_0308.jpg 1 126 91 308 308
1838_0086_0243_0146_0146.jpg 1 86 243 146 146
1839_0323_0201_0062_0062.jpg 1 323 201 62 62
1840_0114_0153_0302_0302.jpg 1 114 153 302 302
1841_0129_0089_0074_0074.jpg 1 129 89 74 74
1842_0039_0176_0224_0224.jpg 1 39 176 224 224
1843_0217_0389_0053_0053.jpg 1 217 389 53 53
1844_0187_0217_0153_0153.jpg 1 187 217 153 153
1845_0173_0041_0245_0245.jpg 1 173 41 245 245
1846_0224_0178_0024_0024.jpg 1 224 178 24 24
1847_0135_0103_0347_0347.jpg 1 135 103 347 347
1848_0229_0062_0221_0221.jpg 1 229 62 221 221
1849_0323_0130_0101_0101.jpg 1 323 130 101 101
1850_0025_0120_0304_0304.jpg 1 25 120 304 304
1851_0083_0134_0342_0342.jpg 1 83 134 342 342
1852_0136_0172_0161_0161.jpg 1 136 172 161 161
1853_0220_0185_0051_0051.jpg 1 220 185 51 51
1854_0177_0133_0061_0061.jpg 1 177 133 61 61
1855_0207_0232_0134_0134.jpg 1 207 232 134 134
1856_0097_0094_0349_0349.jpg 1 97 94 349 349
1857_0052_0102_0334_0334.jpg 1 52 102 334 334
1858_0185_0047_0155_0155.jpg 1 185 47 155 155
1859_0044_0041_0275_0275.jpg 1 44 41 275 275
1860_0050_0065_0162_0162.jpg 1 50 65 162 162
1861_0228_0050_0228_0228.jpg 1 228 50 228 228
1862_0048_0155_0309_0309.jpg 1 48 155 309 309
1863_0095_0157_0309_0309.jpg 1 95 157 309 309
1864_0374_0386_0055_0055.jpg 1 374 386 55 55
1865_0201_0095_0075_0075.jpg 1 201 95 75 75
1866_0179_0052_0127_0127.jpg 1 179 52 127 127
1867_0284_0247_0182_0182.jpg 1 284 247 182 182
1868_0208_0171_0156_0156.jpg 1 208 171 156 156
1869_0335_0262_0071_0071.jpg 1 335 262 71 71
1870_0059_0054_0234_0234.jpg 1 59 54 234 234
1871_0166_0055_0241_0241.jpg 1 166 55 241 241
1872_0044_0038_0278_0278.jpg 1 44 38 278 278
1873_0154_0020_0309_0309.jpg 1 154 20 309 309
1874_0217_0067_0175_0175.jpg 1 217 67 175 175
1875_0112_0046_0331_0331.jpg 1 112 46 331 331
1876_0392_0237_0033_0033.jpg 1 392 237 33 33
1877_0279_0263_0174_0174.jpg 1 279 263 174 174
1878_0075_0127_0339_0339.jpg 1 75 127 339 339
1879_0264_0116_0112_0112.jpg 1 264 116 112 112
1880_0191_0129_0265_0265.jpg 1 191 129 265 265
1881_0104_0192_0238_0238.jpg 1 104 192 238 238
1882_0112_0177_0165_0165.jpg 1 112 177 165 165
1883_0112_0143_0275_0275.jpg 1 112 143 275 275
1884_0041_0173_0145_0145.jpg 1 41 173 145 145
1885_0192_0332_0045_0045.jpg 1 192 332 45 45
1886_0038_0167_0230_0230.jpg 1 38 167 230 230
1887_0068_0176_0140_0140.jpg 1 68 176 140 140
1888_0159_0033_0314_0314.jpg 1 159 33 314 314
1889_0220_0107_0178_0178.jpg 1 220 107 178 178
1890_0169_0103_0101_0101.jpg 1 169 103 101 101
1891_0262_0393_0053_0053.jpg 1 262 393 53 53
1892_0256_0101_0164_0164.jpg 1 256 101 164 164
1893_0093_0068_0160_0160.jpg 1 93 68 160 160
1894_0091_0133_0272_0272.jpg 1 91 133 272 272
1895_0291_0126_0130_0130.jpg 1 291 126 130 130
1896_0018_0073_0329_0329.jpg 1 18 73 329 329
1897_0332_0178_0082_0082.jpg 1 332 178 82 82
1898_0115_0110_0307_0307.jpg 1 115 110 307 307
1899_0111_0090_0269_0269.jpg 1 111 90 269 269
1900_0034_0201_0168_0168.jpg 1 34 201 168 168
1901_0107_0162_0204_0204.jpg 1 107 162 204 204
1902_0149_0248_0198_0198.jpg 1 149 248 198 198
1903_0369_0116_0081_0081.jpg 1 369 116 81 81
1904_0128_0228_0135_0135.jpg 1 128 228 135 135
1905_0311_0183_0150_0150.jpg 1 311 183 150 150
1906_0294_0112_0053_0053.jpg 1 294 112 53 53
1907_0148_0035_0214_0214.jpg 1 148 35 214 214
1908_0066_0347_0053_0053.jpg 1 66 347 53 53
1909_0073_0071_0138_0138.jpg 1 73 71 138 138
1910_0052_0053_0069_0069.jpg 1 52 53 69 69
1911_0023_0191_0273_0273.jpg 1 23 191 273 273
1912_0225_0215_0206_0206.jpg 1 225 215 206 206
1913_0307_0061_0146_0146.jpg 1 307 61 146 146
1914_0052_0075_0181_0181.jpg 1 52 75 181 181
1915_0071_0062_0325_0325.jpg 1 71 62 325 325
1916_0291_0085_0063_0063.jpg 1 291 85 63 63
1917_0238_0143_0181_0181.jpg 1 238 143 181 181
1918_0207_0043_0227_0227.jpg 1 207 43 227 227
1919_0134_0108_0258_0258.jpg 1 134 108 258 258
1920_0374_0424_0026_0026.jpg 1 374 424 26 26
1921_0335_0376_0036_0036.jpg 1 335 376 36 36
1922_0036_0048_0161_0161.jpg 1 36 48 161 161
1923_0022_0043_0309_0309.jpg 1 22 43 309 309
1924_0112_0168_0192_0192.jpg 1 112 168 192 192
1925_0220_0125_0245_0245.jpg 1 220 125 245 245
1926_0087_0099_0263_0263.jpg 1 87 99 263 263
1927_0101_0060_0210_0210.jpg 1 101 60 210 210
1928_0314_0296_0143_0143.jpg 1 314 296 143 143
1929_0150_0110_0233_0233.jpg 1 150 110 233 233
1930_0180_0197_0278_0278.jpg 1 180 197 278 278
1931_0247_0056_0202_0202.jpg 1 247 56 202 202
1932_0369_0283_0032_0032.jpg 1 369 283 32 32
1933_0051_0048_0332_0332.jpg 1 51 48 332 332
1934_0295_0343_0061_0061.jpg 1 295 343 61 61
1935_0145_0121_0175_0175.jpg 1 145 121 175 175
1936_0155_0050_0291_0291.jpg 1 155 50 291 291
1937_0247_0191_0164_0164.jpg 1 247 191 164 164
1938_0248_0209_0145_0145.jpg 1 248 209 145 145
1939_0108_0136_0345_0345.jpg 1 108 136 345 345
1940_0147_0083_0262_0262.jpg 1 147 83 262 262
1941_0138_0120_0290_0290.jpg 1 138 120 290 290
1942_0227_0180_0237_0237.jpg 1 227 180 237 237
1943_0117_0104_0169_0169.jpg 1 117 104 169 169
1944_0096_0151_0226_0226.jpg 1 96 151 226 226
1945_0118_0159_0306_0306.jpg 1 118 159 306 306
1946_0036_0088_0330_0330.jpg 1 36 88 330 330
1947_0367_0353_0025_0025.jpg 1 367 353 25 25
1948_0036_0056_0249_0249.jpg 1 36 56 249 249
1949_0081_0273_0188_0188.jpg 1 81 273 188 188
1950_0190_0097_0159_0159.jpg 1 190 97 159 159
